2023-01-22 10:45:57.335 [info] Extension host with pid 1141 started
2023-01-22 10:45:57.364 [error] Error: EEXIST: file already exists, open '/home/ubuntu/.vscode-server/data/User/workspaceStorage/d165b1a35fe49e71ebb7396c0c10341c/vscode.lock'
2023-01-22 10:45:57.382 [info] Lock '/home/ubuntu/.vscode-server/data/User/workspaceStorage/d165b1a35fe49e71ebb7396c0c10341c/vscode.lock': Could not acquire lock, checking if the file is stale.
2023-01-22 10:45:57.402 [info] Lock '/home/ubuntu/.vscode-server/data/User/workspaceStorage/d165b1a35fe49e71ebb7396c0c10341c/vscode.lock': The pid 1696 appears to be gone.
2023-01-22 10:45:57.403 [info] Lock '/home/ubuntu/.vscode-server/data/User/workspaceStorage/d165b1a35fe49e71ebb7396c0c10341c/vscode.lock': Deleting a stale lock.
2023-01-22 10:45:57.419 [info] Lock '/home/ubuntu/.vscode-server/data/User/workspaceStorage/d165b1a35fe49e71ebb7396c0c10341c/vscode.lock': Lock acquired.
2023-01-22 10:45:57.960 [info] ExtensionService#_doActivateExtension vscode.git-base, startup: false, activationEvent: '*', root cause: vscode.git
2023-01-22 10:45:58.572 [info] ExtensionService#_doActivateExtension vscode.git, startup: false, activationEvent: '*'
2023-01-22 10:45:58.572 [info] ExtensionService#_doActivateExtension vscode.github, startup: false, activationEvent: '*'
2023-01-22 10:46:00.186 [info] ExtensionService#_doActivateExtension vscode.debug-auto-launch, startup: false, activationEvent: 'onStartupFinished'
2023-01-22 10:46:00.191 [info] ExtensionService#_doActivateExtension vscode.emmet, startup: false, activationEvent: 'onStartupFinished'
2023-01-22 10:46:00.192 [info] ExtensionService#_doActivateExtension vscode.merge-conflict, startup: false, activationEvent: 'onStartupFinished'
2023-01-22 10:46:00.193 [info] Eager extensions activated
2023-01-22 10:46:01.807 [warning] [Decorations] CAPPING events from decorations provider vscode.git 3843
2023-01-22 10:46:04.616 [warning] [Decorations] CAPPING events from decorations provider vscode.git 3844
2023-01-22 10:46:08.988 [warning] [Decorations] CAPPING events from decorations provider vscode.git 3844
2023-01-22 10:46:14.326 [warning] [Decorations] CAPPING events from decorations provider vscode.git 3844
2023-01-22 10:47:14.072 [warning] [Decorations] CAPPING events from decorations provider vscode.git 3844
2023-01-22 10:47:19.219 [warning] [Decorations] CAPPING events from decorations provider vscode.git 3844
2023-01-22 10:47:24.368 [warning] [Decorations] CAPPING events from decorations provider vscode.git 3844
2023-01-22 10:47:29.510 [warning] [Decorations] CAPPING events from decorations provider vscode.git 3844
2023-01-22 10:47:34.726 [warning] [Decorations] CAPPING events from decorations provider vscode.git 3844
2023-01-22 10:47:39.879 [warning] [Decorations] CAPPING events from decorations provider vscode.git 3844
2023-01-22 10:47:45.026 [warning] [Decorations] CAPPING events from decorations provider vscode.git 3844
2023-01-22 10:47:50.166 [warning] [Decorations] CAPPING events from decorations provider vscode.git 3844
2023-01-22 10:47:55.306 [warning] [Decorations] CAPPING events from decorations provider vscode.git 3844
2023-01-22 10:48:00.529 [warning] [Decorations] CAPPING events from decorations provider vscode.git 3844
2023-01-22 10:48:05.667 [warning] [Decorations] CAPPING events from decorations provider vscode.git 3844
2023-01-22 10:48:10.805 [warning] [Decorations] CAPPING events from decorations provider vscode.git 3844
2023-01-22 10:48:15.939 [warning] [Decorations] CAPPING events from decorations provider vscode.git 3844
2023-01-22 10:48:21.081 [warning] [Decorations] CAPPING events from decorations provider vscode.git 3844
2023-01-22 10:48:26.222 [warning] [Decorations] CAPPING events from decorations provider vscode.git 3844
2023-01-22 10:48:31.359 [warning] [Decorations] CAPPING events from decorations provider vscode.git 3844
2023-01-22 10:48:36.498 [warning] [Decorations] CAPPING events from decorations provider vscode.git 3844
2023-01-22 10:48:41.635 [warning] [Decorations] CAPPING events from decorations provider vscode.git 3844
2023-01-22 10:48:46.772 [warning] [Decorations] CAPPING events from decorations provider vscode.git 3844
2023-01-22 10:48:51.972 [warning] [Decorations] CAPPING events from decorations provider vscode.git 3844
2023-01-22 10:48:57.114 [warning] [Decorations] CAPPING events from decorations provider vscode.git 3844
2023-01-22 10:49:02.256 [warning] [Decorations] CAPPING events from decorations provider vscode.git 3844
2023-01-22 10:49:07.397 [warning] [Decorations] CAPPING events from decorations provider vscode.git 3844
2023-01-22 10:49:12.539 [warning] [Decorations] CAPPING events from decorations provider vscode.git 3844
2023-01-22 10:49:17.679 [warning] [Decorations] CAPPING events from decorations provider vscode.git 3844
2023-01-22 10:49:22.815 [warning] [Decorations] CAPPING events from decorations provider vscode.git 3844
2023-01-22 10:49:27.953 [warning] [Decorations] CAPPING events from decorations provider vscode.git 3844
2023-01-22 10:49:33.096 [warning] [Decorations] CAPPING events from decorations provider vscode.git 3844
2023-01-22 10:49:38.236 [warning] [Decorations] CAPPING events from decorations provider vscode.git 3844
2023-01-22 10:49:43.374 [warning] [Decorations] CAPPING events from decorations provider vscode.git 3844
2023-01-22 10:49:48.583 [warning] [Decorations] CAPPING events from decorations provider vscode.git 3844
2023-01-22 10:49:53.719 [warning] [Decorations] CAPPING events from decorations provider vscode.git 3844
2023-01-22 10:49:58.854 [warning] [Decorations] CAPPING events from decorations provider vscode.git 3844
2023-01-22 10:50:03.990 [warning] [Decorations] CAPPING events from decorations provider vscode.git 3844
2023-01-22 10:50:09.144 [warning] [Decorations] CAPPING events from decorations provider vscode.git 3844
2023-01-22 10:50:14.285 [warning] [Decorations] CAPPING events from decorations provider vscode.git 3844
2023-01-22 10:50:19.421 [warning] [Decorations] CAPPING events from decorations provider vscode.git 3844
2023-01-22 10:50:24.561 [warning] [Decorations] CAPPING events from decorations provider vscode.git 3844
2023-01-22 10:50:29.697 [warning] [Decorations] CAPPING events from decorations provider vscode.git 3844
2023-01-22 10:50:34.831 [warning] [Decorations] CAPPING events from decorations provider vscode.git 3844
2023-01-22 10:50:39.971 [warning] [Decorations] CAPPING events from decorations provider vscode.git 3844
2023-01-22 10:50:45.111 [warning] [Decorations] CAPPING events from decorations provider vscode.git 3844
2023-01-22 10:50:50.249 [warning] [Decorations] CAPPING events from decorations provider vscode.git 3844
2023-01-22 10:50:55.388 [warning] [Decorations] CAPPING events from decorations provider vscode.git 3844
2023-01-22 10:51:00.522 [warning] [Decorations] CAPPING events from decorations provider vscode.git 3844
2023-01-22 10:51:05.659 [warning] [Decorations] CAPPING events from decorations provider vscode.git 3844
2023-01-22 10:51:10.798 [warning] [Decorations] CAPPING events from decorations provider vscode.git 3844
2023-01-22 10:51:15.931 [warning] [Decorations] CAPPING events from decorations provider vscode.git 3844
2023-01-22 10:51:21.071 [warning] [Decorations] CAPPING events from decorations provider vscode.git 3844
2023-01-22 10:51:26.210 [warning] [Decorations] CAPPING events from decorations provider vscode.git 3844
2023-01-22 10:51:31.345 [warning] [Decorations] CAPPING events from decorations provider vscode.git 3844
2023-01-22 10:51:36.481 [warning] [Decorations] CAPPING events from decorations provider vscode.git 3844
2023-01-22 10:51:41.621 [warning] [Decorations] CAPPING events from decorations provider vscode.git 3844
2023-01-22 10:51:46.759 [warning] [Decorations] CAPPING events from decorations provider vscode.git 3844
2023-01-22 10:51:51.892 [warning] [Decorations] CAPPING events from decorations provider vscode.git 3844
2023-01-22 10:51:57.026 [warning] [Decorations] CAPPING events from decorations provider vscode.git 3844
2023-01-22 10:52:02.170 [warning] [Decorations] CAPPING events from decorations provider vscode.git 3844
2023-01-22 10:52:07.306 [warning] [Decorations] CAPPING events from decorations provider vscode.git 3844
2023-01-22 10:52:12.445 [warning] [Decorations] CAPPING events from decorations provider vscode.git 3844
2023-01-22 10:52:17.592 [warning] [Decorations] CAPPING events from decorations provider vscode.git 3844
2023-01-22 10:52:22.729 [warning] [Decorations] CAPPING events from decorations provider vscode.git 3844
2023-01-22 10:52:27.866 [warning] [Decorations] CAPPING events from decorations provider vscode.git 3844
2023-01-22 10:52:33.003 [warning] [Decorations] CAPPING events from decorations provider vscode.git 3844
2023-01-22 10:52:38.141 [warning] [Decorations] CAPPING events from decorations provider vscode.git 3844
2023-01-22 10:52:43.275 [warning] [Decorations] CAPPING events from decorations provider vscode.git 3844
2023-01-22 10:52:48.413 [warning] [Decorations] CAPPING events from decorations provider vscode.git 3844
2023-01-22 10:52:53.549 [warning] [Decorations] CAPPING events from decorations provider vscode.git 3844
2023-01-22 10:52:58.683 [warning] [Decorations] CAPPING events from decorations provider vscode.git 3844
2023-01-22 10:53:03.823 [warning] [Decorations] CAPPING events from decorations provider vscode.git 3844
2023-01-22 10:53:08.968 [warning] [Decorations] CAPPING events from decorations provider vscode.git 3844
2023-01-22 10:53:14.104 [warning] [Decorations] CAPPING events from decorations provider vscode.git 3844
2023-01-22 10:53:19.243 [warning] [Decorations] CAPPING events from decorations provider vscode.git 3844
2023-01-22 10:53:24.379 [warning] [Decorations] CAPPING events from decorations provider vscode.git 3844
2023-01-22 10:53:29.517 [warning] [Decorations] CAPPING events from decorations provider vscode.git 3844
2023-01-22 10:53:34.658 [warning] [Decorations] CAPPING events from decorations provider vscode.git 3844
2023-01-22 10:53:39.794 [warning] [Decorations] CAPPING events from decorations provider vscode.git 3844
2023-01-22 10:53:44.931 [warning] [Decorations] CAPPING events from decorations provider vscode.git 3844
2023-01-22 10:53:50.070 [warning] [Decorations] CAPPING events from decorations provider vscode.git 3844
2023-01-22 10:53:55.208 [warning] [Decorations] CAPPING events from decorations provider vscode.git 3844
2023-01-22 10:54:00.343 [warning] [Decorations] CAPPING events from decorations provider vscode.git 3844
2023-01-22 10:54:05.480 [warning] [Decorations] CAPPING events from decorations provider vscode.git 3844
2023-01-22 10:54:10.617 [warning] [Decorations] CAPPING events from decorations provider vscode.git 3844
2023-01-22 10:57:06.029 [warning] [Decorations] CAPPING events from decorations provider vscode.git 3844
2023-01-22 10:57:11.176 [warning] [Decorations] CAPPING events from decorations provider vscode.git 3844
2023-01-22 10:57:16.315 [warning] [Decorations] CAPPING events from decorations provider vscode.git 3844
2023-01-22 10:57:21.457 [warning] [Decorations] CAPPING events from decorations provider vscode.git 3844
2023-01-22 10:57:26.597 [warning] [Decorations] CAPPING events from decorations provider vscode.git 3844
2023-01-22 10:57:31.737 [warning] [Decorations] CAPPING events from decorations provider vscode.git 3844
2023-01-22 10:57:36.882 [warning] [Decorations] CAPPING events from decorations provider vscode.git 3844
2023-01-22 10:57:43.060 [warning] [Decorations] CAPPING events from decorations provider vscode.git 3844
2023-01-22 10:57:48.198 [warning] [Decorations] CAPPING events from decorations provider vscode.git 3844
2023-01-22 10:57:53.333 [warning] [Decorations] CAPPING events from decorations provider vscode.git 3844
2023-01-22 10:57:58.467 [warning] [Decorations] CAPPING events from decorations provider vscode.git 3844
2023-01-22 10:59:08.645 [warning] [Decorations] CAPPING events from decorations provider vscode.git 3844
2023-01-22 10:59:13.785 [warning] [Decorations] CAPPING events from decorations provider vscode.git 3844
2023-01-22 10:59:18.925 [warning] [Decorations] CAPPING events from decorations provider vscode.git 3844
2023-01-22 10:59:24.064 [warning] [Decorations] CAPPING events from decorations provider vscode.git 3844
2023-01-22 10:59:29.201 [warning] [Decorations] CAPPING events from decorations provider vscode.git 3844
2023-01-22 10:59:35.667 [warning] [Decorations] CAPPING events from decorations provider vscode.git 3844
2023-01-22 10:59:40.804 [warning] [Decorations] CAPPING events from decorations provider vscode.git 3844
2023-01-22 10:59:45.958 [warning] [Decorations] CAPPING events from decorations provider vscode.git 3844
2023-01-22 10:59:58.823 [warning] [Decorations] CAPPING events from decorations provider vscode.git 3844
2023-01-22 11:00:04.041 [warning] [Decorations] CAPPING events from decorations provider vscode.git 3844
2023-01-22 11:00:16.296 [warning] [Decorations] CAPPING events from decorations provider vscode.git 3844
2023-01-22 11:00:21.497 [warning] [Decorations] CAPPING events from decorations provider vscode.git 3844
2023-01-22 11:00:26.634 [warning] [Decorations] CAPPING events from decorations provider vscode.git 3844
2023-01-22 11:04:15.075 [warning] [Decorations] CAPPING events from decorations provider vscode.git 3844
2023-01-22 11:04:20.219 [warning] [Decorations] CAPPING events from decorations provider vscode.git 3844
2023-01-22 11:08:27.786 [warning] [Decorations] CAPPING events from decorations provider vscode.git 3844
2023-01-22 11:13:16.870 [warning] [Decorations] CAPPING events from decorations provider vscode.git 3844
2023-01-22 11:13:22.301 [warning] [Decorations] CAPPING events from decorations provider vscode.git 3844
2023-01-22 11:13:27.437 [warning] [Decorations] CAPPING events from decorations provider vscode.git 3844
2023-01-22 11:13:32.586 [warning] [Decorations] CAPPING events from decorations provider vscode.git 3844
2023-01-22 11:13:37.752 [warning] [Decorations] CAPPING events from decorations provider vscode.git 3844
2023-01-22 11:13:52.702 [warning] [Decorations] CAPPING events from decorations provider vscode.git 3844
2023-01-22 11:13:57.841 [warning] [Decorations] CAPPING events from decorations provider vscode.git 3844
2023-01-22 11:14:52.663 [warning] [Decorations] CAPPING events from decorations provider vscode.git 3844
2023-01-22 11:18:16.182 [warning] [Decorations] CAPPING events from decorations provider vscode.git 3844
2023-01-22 11:18:21.338 [warning] [Decorations] CAPPING events from decorations provider vscode.git 3844
2023-01-22 11:18:26.474 [warning] [Decorations] CAPPING events from decorations provider vscode.git 3844
2023-01-22 11:18:31.669 [warning] [Decorations] CAPPING events from decorations provider vscode.git 3844
2023-01-22 11:18:36.813 [warning] [Decorations] CAPPING events from decorations provider vscode.git 3844
2023-01-22 11:18:41.961 [warning] [Decorations] CAPPING events from decorations provider vscode.git 3844
2023-01-22 11:18:47.096 [warning] [Decorations] CAPPING events from decorations provider vscode.git 3844
2023-01-22 11:18:52.232 [warning] [Decorations] CAPPING events from decorations provider vscode.git 3844
2023-01-22 11:18:57.366 [warning] [Decorations] CAPPING events from decorations provider vscode.git 3844
2023-01-22 11:19:02.509 [warning] [Decorations] CAPPING events from decorations provider vscode.git 3844
2023-01-22 11:19:07.647 [warning] [Decorations] CAPPING events from decorations provider vscode.git 3844
2023-01-22 11:19:13.173 [warning] [Decorations] CAPPING events from decorations provider vscode.git 3844
2023-01-22 11:20:39.072 [warning] [Decorations] CAPPING events from decorations provider vscode.git 3844
2023-01-22 11:20:44.208 [warning] [Decorations] CAPPING events from decorations provider vscode.git 3844
2023-01-22 11:20:49.343 [warning] [Decorations] CAPPING events from decorations provider vscode.git 3844
2023-01-22 11:20:54.544 [warning] [Decorations] CAPPING events from decorations provider vscode.git 3846
2023-01-22 11:20:59.680 [warning] [Decorations] CAPPING events from decorations provider vscode.git 3846
2023-01-22 11:21:04.817 [warning] [Decorations] CAPPING events from decorations provider vscode.git 3846
2023-01-22 11:21:09.959 [warning] [Decorations] CAPPING events from decorations provider vscode.git 3846
2023-01-22 11:21:15.094 [warning] [Decorations] CAPPING events from decorations provider vscode.git 3846
2023-01-22 11:21:20.232 [warning] [Decorations] CAPPING events from decorations provider vscode.git 3846
2023-01-22 11:21:31.286 [warning] [Decorations] CAPPING events from decorations provider vscode.git 3846
2023-01-22 11:21:36.428 [warning] [Decorations] CAPPING events from decorations provider vscode.git 3846
2023-01-22 11:21:41.566 [warning] [Decorations] CAPPING events from decorations provider vscode.git 3846
2023-01-22 11:21:46.702 [warning] [Decorations] CAPPING events from decorations provider vscode.git 3846
2023-01-22 11:21:51.842 [warning] [Decorations] CAPPING events from decorations provider vscode.git 3846
2023-01-22 11:21:57.941 [warning] [Decorations] CAPPING events from decorations provider vscode.git 3846
2023-01-22 11:22:03.080 [warning] [Decorations] CAPPING events from decorations provider vscode.git 3846
2023-01-22 11:22:08.223 [warning] [Decorations] CAPPING events from decorations provider vscode.git 3847
2023-01-22 11:22:15.352 [warning] [Decorations] CAPPING events from decorations provider vscode.git 3847
2023-01-22 11:22:20.546 [warning] [Decorations] CAPPING events from decorations provider vscode.git 3847
2023-01-22 11:22:31.616 [warning] [Decorations] CAPPING events from decorations provider vscode.git 3848
2023-01-22 11:22:36.753 [warning] [Decorations] CAPPING events from decorations provider vscode.git 3848
2023-01-22 11:22:41.889 [warning] [Decorations] CAPPING events from decorations provider vscode.git 3848
2023-01-22 11:22:47.035 [warning] [Decorations] CAPPING events from decorations provider vscode.git 3848
2023-01-22 11:22:52.168 [warning] [Decorations] CAPPING events from decorations provider vscode.git 3848
2023-01-22 11:23:00.230 [warning] [Decorations] CAPPING events from decorations provider vscode.git 3848
2023-01-22 11:23:07.397 [warning] [Decorations] CAPPING events from decorations provider vscode.git 3848
2023-01-22 11:23:12.539 [warning] [Decorations] CAPPING events from decorations provider vscode.git 3848
2023-01-22 11:23:17.677 [warning] [Decorations] CAPPING events from decorations provider vscode.git 3848
2023-01-22 11:23:22.813 [warning] [Decorations] CAPPING events from decorations provider vscode.git 3848
2023-01-22 11:23:27.948 [warning] [Decorations] CAPPING events from decorations provider vscode.git 3848
2023-01-22 11:23:33.086 [warning] [Decorations] CAPPING events from decorations provider vscode.git 3848
2023-01-22 11:23:38.223 [warning] [Decorations] CAPPING events from decorations provider vscode.git 3848
2023-01-22 11:23:43.360 [warning] [Decorations] CAPPING events from decorations provider vscode.git 3849
2023-01-22 11:23:48.567 [warning] [Decorations] CAPPING events from decorations provider vscode.git 3849
2023-01-22 11:23:53.699 [warning] [Decorations] CAPPING events from decorations provider vscode.git 3849
2023-01-22 11:23:58.838 [warning] [Decorations] CAPPING events from decorations provider vscode.git 3849
2023-01-22 11:24:03.978 [warning] [Decorations] CAPPING events from decorations provider vscode.git 3849
2023-01-22 11:24:09.121 [warning] [Decorations] CAPPING events from decorations provider vscode.git 3849
2023-01-22 11:24:15.152 [warning] [Decorations] CAPPING events from decorations provider vscode.git 3849
2023-01-22 11:24:20.290 [warning] [Decorations] CAPPING events from decorations provider vscode.git 3849
2023-01-22 11:24:28.351 [warning] [Decorations] CAPPING events from decorations provider vscode.git 3849
2023-01-22 11:24:33.535 [warning] [Decorations] CAPPING events from decorations provider vscode.git 3849
2023-01-22 11:24:41.568 [warning] [Decorations] CAPPING events from decorations provider vscode.git 3850
2023-01-22 11:24:46.703 [warning] [Decorations] CAPPING events from decorations provider vscode.git 3850
2023-01-22 11:24:51.838 [warning] [Decorations] CAPPING events from decorations provider vscode.git 3850
2023-01-22 11:24:57.049 [warning] [Decorations] CAPPING events from decorations provider vscode.git 3850
2023-01-22 11:25:02.188 [warning] [Decorations] CAPPING events from decorations provider vscode.git 3851
2023-01-22 11:25:22.070 [warning] [Decorations] CAPPING events from decorations provider vscode.git 3851
2023-01-22 11:25:34.264 [warning] [Decorations] CAPPING events from decorations provider vscode.git 3852
2023-01-22 11:25:39.398 [warning] [Decorations] CAPPING events from decorations provider vscode.git 3852
2023-01-22 11:25:44.543 [warning] [Decorations] CAPPING events from decorations provider vscode.git 3853
2023-01-22 11:25:57.886 [warning] [Decorations] CAPPING events from decorations provider vscode.git 3853
2023-01-22 11:26:03.020 [warning] [Decorations] CAPPING events from decorations provider vscode.git 3853
2023-01-22 11:26:08.154 [warning] [Decorations] CAPPING events from decorations provider vscode.git 3853
2023-01-22 11:26:13.288 [warning] [Decorations] CAPPING events from decorations provider vscode.git 3853
2023-01-22 11:26:18.427 [warning] [Decorations] CAPPING events from decorations provider vscode.git 3853
2023-01-22 11:26:33.028 [warning] [Decorations] CAPPING events from decorations provider vscode.git 3853
2023-01-22 11:26:38.243 [warning] [Decorations] CAPPING events from decorations provider vscode.git 3853
2023-01-22 11:26:45.104 [warning] [Decorations] CAPPING events from decorations provider vscode.git 3853
2023-01-22 11:26:56.174 [warning] [Decorations] CAPPING events from decorations provider vscode.git 3853
2023-01-22 11:27:01.315 [warning] [Decorations] CAPPING events from decorations provider vscode.git 3853
2023-01-22 11:27:06.451 [warning] [Decorations] CAPPING events from decorations provider vscode.git 3853
2023-01-22 11:27:11.588 [warning] [Decorations] CAPPING events from decorations provider vscode.git 3853
2023-01-22 11:32:46.151 [warning] [Decorations] CAPPING events from decorations provider vscode.git 3853
2023-01-22 11:32:51.287 [warning] [Decorations] CAPPING events from decorations provider vscode.git 3853
2023-01-22 11:33:00.086 [warning] [Decorations] CAPPING events from decorations provider vscode.git 3853
2023-01-22 11:33:05.296 [warning] [Decorations] CAPPING events from decorations provider vscode.git 3853
2023-01-22 11:33:10.438 [warning] [Decorations] CAPPING events from decorations provider vscode.git 3853
2023-01-22 11:33:15.645 [warning] [Decorations] CAPPING events from decorations provider vscode.git 3853
2023-01-22 11:33:20.778 [warning] [Decorations] CAPPING events from decorations provider vscode.git 3853
2023-01-22 11:33:28.897 [warning] [Decorations] CAPPING events from decorations provider vscode.git 3853
2023-01-22 11:33:34.033 [warning] [Decorations] CAPPING events from decorations provider vscode.git 3853
2023-01-22 11:33:39.167 [warning] [Decorations] CAPPING events from decorations provider vscode.git 3855
2023-01-22 11:37:15.133 [warning] [Decorations] CAPPING events from decorations provider vscode.git 3855
2023-01-22 11:37:20.269 [warning] [Decorations] CAPPING events from decorations provider vscode.git 3855
2023-01-22 11:37:25.406 [warning] [Decorations] CAPPING events from decorations provider vscode.git 3855
2023-01-22 11:37:30.549 [warning] [Decorations] CAPPING events from decorations provider vscode.git 3855
2023-01-22 11:37:35.687 [warning] [Decorations] CAPPING events from decorations provider vscode.git 3856
2023-01-22 11:37:43.715 [warning] [Decorations] CAPPING events from decorations provider vscode.git 3858
2023-01-22 11:37:48.855 [warning] [Decorations] CAPPING events from decorations provider vscode.git 3858
2023-01-22 11:37:53.996 [warning] [Decorations] CAPPING events from decorations provider vscode.git 3858
2023-01-22 11:40:40.865 [warning] [Decorations] CAPPING events from decorations provider vscode.git 3859
2023-01-22 11:40:45.998 [warning] [Decorations] CAPPING events from decorations provider vscode.git 3859
2023-01-22 11:41:34.277 [warning] [Decorations] CAPPING events from decorations provider vscode.git 3860
2023-01-22 11:41:39.411 [warning] [Decorations] CAPPING events from decorations provider vscode.git 3860
2023-01-22 11:41:44.548 [warning] [Decorations] CAPPING events from decorations provider vscode.git 3860
2023-01-22 11:41:49.687 [warning] [Decorations] CAPPING events from decorations provider vscode.git 3860
2023-01-22 11:41:54.893 [warning] [Decorations] CAPPING events from decorations provider vscode.git 3860
2023-01-22 11:42:00.106 [warning] [Decorations] CAPPING events from decorations provider vscode.git 3860
2023-01-22 11:42:05.246 [warning] [Decorations] CAPPING events from decorations provider vscode.git 3860
2023-01-22 11:42:10.384 [warning] [Decorations] CAPPING events from decorations provider vscode.git 3861
2023-01-22 11:42:15.524 [warning] [Decorations] CAPPING events from decorations provider vscode.git 3861
2023-01-22 11:42:20.661 [warning] [Decorations] CAPPING events from decorations provider vscode.git 3861
2023-01-22 11:42:25.875 [warning] [Decorations] CAPPING events from decorations provider vscode.git 3861
2023-01-22 11:42:31.013 [warning] [Decorations] CAPPING events from decorations provider vscode.git 3861
2023-01-22 11:42:36.155 [warning] [Decorations] CAPPING events from decorations provider vscode.git 3861
2023-01-22 11:42:41.290 [warning] [Decorations] CAPPING events from decorations provider vscode.git 3861
2023-01-22 11:42:46.425 [warning] [Decorations] CAPPING events from decorations provider vscode.git 3861
2023-01-22 11:42:51.557 [warning] [Decorations] CAPPING events from decorations provider vscode.git 3861
2023-01-22 11:42:56.763 [warning] [Decorations] CAPPING events from decorations provider vscode.git 3861
2023-01-22 11:43:01.902 [warning] [Decorations] CAPPING events from decorations provider vscode.git 3861
2023-01-22 11:43:07.039 [warning] [Decorations] CAPPING events from decorations provider vscode.git 3861
2023-01-22 11:43:12.179 [warning] [Decorations] CAPPING events from decorations provider vscode.git 3861
2023-01-22 11:43:17.387 [warning] [Decorations] CAPPING events from decorations provider vscode.git 3863
2023-01-22 11:43:22.524 [warning] [Decorations] CAPPING events from decorations provider vscode.git 3863
2023-01-22 11:43:27.664 [warning] [Decorations] CAPPING events from decorations provider vscode.git 3864
2023-01-22 11:43:32.799 [warning] [Decorations] CAPPING events from decorations provider vscode.git 3864
2023-01-22 11:43:38.005 [warning] [Decorations] CAPPING events from decorations provider vscode.git 3864
2023-01-22 11:43:43.137 [warning] [Decorations] CAPPING events from decorations provider vscode.git 3864
2023-01-22 11:43:48.340 [warning] [Decorations] CAPPING events from decorations provider vscode.git 3864
2023-01-22 11:43:55.363 [warning] [Decorations] CAPPING events from decorations provider vscode.git 3865
2023-01-22 11:44:00.500 [warning] [Decorations] CAPPING events from decorations provider vscode.git 3865
2023-01-22 11:44:05.643 [warning] [Decorations] CAPPING events from decorations provider vscode.git 3865
2023-01-22 11:44:10.778 [warning] [Decorations] CAPPING events from decorations provider vscode.git 3865
2023-01-22 11:44:16.830 [warning] [Decorations] CAPPING events from decorations provider vscode.git 3865
2023-01-22 11:44:21.970 [warning] [Decorations] CAPPING events from decorations provider vscode.git 3865
2023-01-22 11:44:27.105 [warning] [Decorations] CAPPING events from decorations provider vscode.git 3865
2023-01-22 11:44:32.243 [warning] [Decorations] CAPPING events from decorations provider vscode.git 3865
2023-01-22 11:44:37.379 [warning] [Decorations] CAPPING events from decorations provider vscode.git 3865
2023-01-22 11:44:42.512 [warning] [Decorations] CAPPING events from decorations provider vscode.git 3865
2023-01-22 11:44:47.653 [warning] [Decorations] CAPPING events from decorations provider vscode.git 3865
2023-01-22 11:44:52.789 [warning] [Decorations] CAPPING events from decorations provider vscode.git 3865
2023-01-22 11:44:58.824 [warning] [Decorations] CAPPING events from decorations provider vscode.git 3865
2023-01-22 11:45:03.960 [warning] [Decorations] CAPPING events from decorations provider vscode.git 3865
2023-01-22 11:45:09.098 [warning] [Decorations] CAPPING events from decorations provider vscode.git 3865
2023-01-22 11:45:14.303 [warning] [Decorations] CAPPING events from decorations provider vscode.git 3865
2023-01-22 11:45:19.437 [warning] [Decorations] CAPPING events from decorations provider vscode.git 3865
2023-01-22 11:45:24.642 [warning] [Decorations] CAPPING events from decorations provider vscode.git 3865
2023-01-22 11:45:29.776 [warning] [Decorations] CAPPING events from decorations provider vscode.git 3865
2023-01-22 11:45:35.872 [warning] [Decorations] CAPPING events from decorations provider vscode.git 3865
2023-01-22 11:45:41.008 [warning] [Decorations] CAPPING events from decorations provider vscode.git 3865
2023-01-22 11:45:46.207 [warning] [Decorations] CAPPING events from decorations provider vscode.git 3865
2023-01-22 11:45:51.341 [warning] [Decorations] CAPPING events from decorations provider vscode.git 3865
2023-01-22 11:45:56.481 [warning] [Decorations] CAPPING events from decorations provider vscode.git 3865
2023-01-22 11:46:01.624 [warning] [Decorations] CAPPING events from decorations provider vscode.git 3865
2023-01-22 11:46:06.760 [warning] [Decorations] CAPPING events from decorations provider vscode.git 3865
2023-01-22 11:46:11.896 [warning] [Decorations] CAPPING events from decorations provider vscode.git 3865
2023-01-22 11:46:17.104 [warning] [Decorations] CAPPING events from decorations provider vscode.git 3865
2023-01-22 11:46:22.240 [warning] [Decorations] CAPPING events from decorations provider vscode.git 3865
2023-01-22 11:46:27.378 [warning] [Decorations] CAPPING events from decorations provider vscode.git 3865
2023-01-22 11:51:20.489 [warning] [Decorations] CAPPING events from decorations provider vscode.git 3865
2023-01-22 11:51:25.625 [warning] [Decorations] CAPPING events from decorations provider vscode.git 3865
2023-01-22 11:51:31.792 [warning] [Decorations] CAPPING events from decorations provider vscode.git 3866
2023-01-22 11:51:37.554 [warning] [Decorations] CAPPING events from decorations provider vscode.git 3866
2023-01-22 11:51:42.692 [warning] [Decorations] CAPPING events from decorations provider vscode.git 3866
2023-01-22 11:51:48.835 [warning] [Decorations] CAPPING events from decorations provider vscode.git 3866
2023-01-22 11:51:55.721 [warning] [Decorations] CAPPING events from decorations provider vscode.git 3866
2023-01-22 11:52:29.095 [warning] [Decorations] CAPPING events from decorations provider vscode.git 3866
2023-01-22 11:52:34.238 [warning] [Decorations] CAPPING events from decorations provider vscode.git 3866
2023-01-22 12:09:38.804 [warning] [Decorations] CAPPING events from decorations provider vscode.git 3866
2023-01-22 12:09:43.943 [warning] [Decorations] CAPPING events from decorations provider vscode.git 3866
2023-01-22 12:09:51.636 [warning] [Decorations] CAPPING events from decorations provider vscode.git 3866
2023-01-22 12:10:01.058 [warning] [Decorations] CAPPING events from decorations provider vscode.git 3866
2023-01-22 12:10:06.199 [warning] [Decorations] CAPPING events from decorations provider vscode.git 3866
2023-01-22 12:10:11.337 [warning] [Decorations] CAPPING events from decorations provider vscode.git 3866
2023-01-22 12:10:16.472 [warning] [Decorations] CAPPING events from decorations provider vscode.git 3868
2023-01-22 12:10:27.133 [warning] [Decorations] CAPPING events from decorations provider vscode.git 3869
2023-01-22 12:10:32.272 [warning] [Decorations] CAPPING events from decorations provider vscode.git 3869
2023-01-22 12:10:37.410 [warning] [Decorations] CAPPING events from decorations provider vscode.git 3869
2023-01-22 12:10:42.547 [warning] [Decorations] CAPPING events from decorations provider vscode.git 3870
2023-01-22 12:10:47.685 [warning] [Decorations] CAPPING events from decorations provider vscode.git 3870
2023-01-22 12:10:54.088 [warning] [Decorations] CAPPING events from decorations provider vscode.git 3870
2023-01-22 12:10:59.227 [warning] [Decorations] CAPPING events from decorations provider vscode.git 3870
2023-01-22 12:11:05.748 [warning] [Decorations] CAPPING events from decorations provider vscode.git 3871
2023-01-22 12:11:10.886 [warning] [Decorations] CAPPING events from decorations provider vscode.git 3871
2023-01-22 12:11:16.027 [warning] [Decorations] CAPPING events from decorations provider vscode.git 3871
2023-01-22 12:11:21.168 [warning] [Decorations] CAPPING events from decorations provider vscode.git 3871
2023-01-22 12:11:26.302 [warning] [Decorations] CAPPING events from decorations provider vscode.git 3871
2023-01-22 12:11:31.446 [warning] [Decorations] CAPPING events from decorations provider vscode.git 3872
2023-01-22 12:11:37.447 [warning] [Decorations] CAPPING events from decorations provider vscode.git 3872
2023-01-22 12:11:42.587 [warning] [Decorations] CAPPING events from decorations provider vscode.git 3872
2023-01-22 12:11:47.725 [warning] [Decorations] CAPPING events from decorations provider vscode.git 3872
2023-01-22 12:11:52.860 [warning] [Decorations] CAPPING events from decorations provider vscode.git 3872
2023-01-22 12:11:57.995 [warning] [Decorations] CAPPING events from decorations provider vscode.git 3872
2023-01-22 12:12:03.139 [warning] [Decorations] CAPPING events from decorations provider vscode.git 3873
2023-01-22 12:12:08.276 [warning] [Decorations] CAPPING events from decorations provider vscode.git 3874
2023-01-22 12:12:13.487 [warning] [Decorations] CAPPING events from decorations provider vscode.git 3874
2023-01-22 12:12:18.622 [warning] [Decorations] CAPPING events from decorations provider vscode.git 3874
2023-01-22 12:12:26.019 [warning] [Decorations] CAPPING events from decorations provider vscode.git 3874
2023-01-22 12:12:31.157 [warning] [Decorations] CAPPING events from decorations provider vscode.git 3874
2023-01-22 12:12:36.295 [warning] [Decorations] CAPPING events from decorations provider vscode.git 3874
2023-01-22 12:12:41.430 [warning] [Decorations] CAPPING events from decorations provider vscode.git 3874
2023-01-22 12:12:46.567 [warning] [Decorations] CAPPING events from decorations provider vscode.git 3875
2023-01-22 12:12:51.703 [warning] [Decorations] CAPPING events from decorations provider vscode.git 3875
2023-01-22 12:12:56.840 [warning] [Decorations] CAPPING events from decorations provider vscode.git 3875
2023-01-22 12:13:01.996 [warning] [Decorations] CAPPING events from decorations provider vscode.git 3875
2023-01-22 12:13:07.335 [warning] [Decorations] CAPPING events from decorations provider vscode.git 3875
2023-01-22 12:13:13.025 [warning] [Decorations] CAPPING events from decorations provider vscode.git 3875
2023-01-22 12:13:18.163 [warning] [Decorations] CAPPING events from decorations provider vscode.git 3875
2023-01-22 12:13:23.299 [warning] [Decorations] CAPPING events from decorations provider vscode.git 3876
2023-01-22 12:13:28.436 [warning] [Decorations] CAPPING events from decorations provider vscode.git 3876
2023-01-22 12:13:33.568 [warning] [Decorations] CAPPING events from decorations provider vscode.git 3876
2023-01-22 12:13:38.706 [warning] [Decorations] CAPPING events from decorations provider vscode.git 3876
2023-01-22 12:13:43.839 [warning] [Decorations] CAPPING events from decorations provider vscode.git 3877
2023-01-22 12:13:48.977 [warning] [Decorations] CAPPING events from decorations provider vscode.git 3877
2023-01-22 12:13:54.112 [warning] [Decorations] CAPPING events from decorations provider vscode.git 3877
2023-01-22 12:14:06.751 [warning] [Decorations] CAPPING events from decorations provider vscode.git 3877
2023-01-22 12:14:11.893 [warning] [Decorations] CAPPING events from decorations provider vscode.git 3877
2023-01-22 12:14:17.032 [warning] [Decorations] CAPPING events from decorations provider vscode.git 3878
2023-01-22 12:14:25.205 [warning] [Decorations] CAPPING events from decorations provider vscode.git 3878
2023-01-22 12:14:37.760 [warning] [Decorations] CAPPING events from decorations provider vscode.git 3878
2023-01-22 12:14:42.899 [warning] [Decorations] CAPPING events from decorations provider vscode.git 3878
2023-01-22 12:14:48.036 [warning] [Decorations] CAPPING events from decorations provider vscode.git 3879
2023-01-22 12:14:53.175 [warning] [Decorations] CAPPING events from decorations provider vscode.git 3879
2023-01-22 12:14:58.312 [warning] [Decorations] CAPPING events from decorations provider vscode.git 3880
2023-01-22 12:15:03.451 [warning] [Decorations] CAPPING events from decorations provider vscode.git 3880
2023-01-22 12:15:13.176 [warning] [Decorations] CAPPING events from decorations provider vscode.git 3880
2023-01-22 12:15:18.311 [warning] [Decorations] CAPPING events from decorations provider vscode.git 3880
2023-01-22 12:15:23.450 [warning] [Decorations] CAPPING events from decorations provider vscode.git 3880
2023-01-22 12:15:28.589 [warning] [Decorations] CAPPING events from decorations provider vscode.git 3881
2023-01-22 12:15:36.632 [warning] [Decorations] CAPPING events from decorations provider vscode.git 3881
2023-01-22 12:15:42.879 [warning] [Decorations] CAPPING events from decorations provider vscode.git 3881
2023-01-22 12:15:48.022 [warning] [Decorations] CAPPING events from decorations provider vscode.git 3881
2023-01-22 12:15:55.285 [warning] [Decorations] CAPPING events from decorations provider vscode.git 3882
2023-01-22 12:16:00.492 [warning] [Decorations] CAPPING events from decorations provider vscode.git 3882
2023-01-22 12:16:09.899 [warning] [Decorations] CAPPING events from decorations provider vscode.git 3883
2023-01-22 12:16:15.036 [warning] [Decorations] CAPPING events from decorations provider vscode.git 3883
2023-01-22 12:16:21.056 [warning] [Decorations] CAPPING events from decorations provider vscode.git 3884
2023-01-22 12:16:26.197 [warning] [Decorations] CAPPING events from decorations provider vscode.git 3884
2023-01-22 12:16:31.335 [warning] [Decorations] CAPPING events from decorations provider vscode.git 3885
2023-01-22 12:16:37.662 [warning] [Decorations] CAPPING events from decorations provider vscode.git 3885
2023-01-22 12:16:42.810 [warning] [Decorations] CAPPING events from decorations provider vscode.git 3885
2023-01-22 12:16:49.048 [warning] [Decorations] CAPPING events from decorations provider vscode.git 3886
2023-01-22 12:16:54.189 [warning] [Decorations] CAPPING events from decorations provider vscode.git 3886
2023-01-22 12:16:59.929 [warning] [Decorations] CAPPING events from decorations provider vscode.git 3886
2023-01-22 12:19:33.299 [warning] [Decorations] CAPPING events from decorations provider vscode.git 3886
2023-01-22 12:19:38.433 [warning] [Decorations] CAPPING events from decorations provider vscode.git 3886
2023-01-22 12:19:44.491 [warning] [Decorations] CAPPING events from decorations provider vscode.git 3887
2023-01-22 12:19:49.630 [warning] [Decorations] CAPPING events from decorations provider vscode.git 3887
2023-01-22 12:19:55.674 [warning] [Decorations] CAPPING events from decorations provider vscode.git 3887
2023-01-22 12:20:00.816 [warning] [Decorations] CAPPING events from decorations provider vscode.git 3887
2023-01-22 12:20:05.951 [warning] [Decorations] CAPPING events from decorations provider vscode.git 3887
2023-01-22 12:20:11.985 [warning] [Decorations] CAPPING events from decorations provider vscode.git 3887
2023-01-22 12:20:26.408 [warning] [Decorations] CAPPING events from decorations provider vscode.git 3887
2023-01-22 12:20:31.543 [warning] [Decorations] CAPPING events from decorations provider vscode.git 3887
2023-01-22 12:20:36.680 [warning] [Decorations] CAPPING events from decorations provider vscode.git 3888
2023-01-22 12:20:41.816 [warning] [Decorations] CAPPING events from decorations provider vscode.git 3888
2023-01-22 12:31:19.446 [warning] [Decorations] CAPPING events from decorations provider vscode.git 3888
2023-01-22 12:31:24.579 [warning] [Decorations] CAPPING events from decorations provider vscode.git 3888
2023-01-22 12:31:29.712 [warning] [Decorations] CAPPING events from decorations provider vscode.git 3888
2023-01-22 12:31:34.858 [warning] [Decorations] CAPPING events from decorations provider vscode.git 3888
2023-01-22 12:31:39.996 [warning] [Decorations] CAPPING events from decorations provider vscode.git 3888
2023-01-22 12:31:45.134 [warning] [Decorations] CAPPING events from decorations provider vscode.git 3888
2023-01-22 12:31:50.271 [warning] [Decorations] CAPPING events from decorations provider vscode.git 3888
2023-01-22 12:32:00.302 [warning] [Decorations] CAPPING events from decorations provider vscode.git 3888
2023-01-22 12:32:05.442 [warning] [Decorations] CAPPING events from decorations provider vscode.git 3888
2023-01-22 12:32:10.580 [warning] [Decorations] CAPPING events from decorations provider vscode.git 3888
2023-01-22 12:32:17.772 [warning] [Decorations] CAPPING events from decorations provider vscode.git 3888
2023-01-22 12:32:22.977 [warning] [Decorations] CAPPING events from decorations provider vscode.git 3888
2023-01-22 12:32:27.912 [info] ExtensionService#_doActivateExtension vscode.configuration-editing, startup: false, activationEvent: 'onLanguage:jsonc'
2023-01-22 12:32:27.913 [info] ExtensionService#_doActivateExtension vscode.json-language-features, startup: false, activationEvent: 'onLanguage:jsonc'
2023-01-22 12:32:27.913 [info] ExtensionService#_doActivateExtension vscode.typescript-language-features, startup: false, activationEvent: 'onLanguage:jsonc'
2023-01-22 12:32:28.301 [warning] [Decorations] CAPPING events from decorations provider vscode.git 3891
2023-01-22 12:32:40.034 [warning] [Decorations] CAPPING events from decorations provider vscode.git 3894
2023-01-22 12:32:45.179 [warning] [Decorations] CAPPING events from decorations provider vscode.git 3894
2023-01-22 12:32:51.342 [warning] [Decorations] CAPPING events from decorations provider vscode.git 3894
2023-01-22 12:32:56.481 [warning] [Decorations] CAPPING events from decorations provider vscode.git 3894
2023-01-22 12:33:04.396 [warning] [Decorations] CAPPING events from decorations provider vscode.git 3894
2023-01-22 12:33:09.550 [warning] [Decorations] CAPPING events from decorations provider vscode.git 3894
2023-01-22 12:33:14.704 [warning] [Decorations] CAPPING events from decorations provider vscode.git 3895
2023-01-22 12:33:20.742 [warning] [Decorations] CAPPING events from decorations provider vscode.git 3895
2023-01-22 12:33:25.890 [warning] [Decorations] CAPPING events from decorations provider vscode.git 3895
2023-01-22 12:33:33.290 [warning] [Decorations] CAPPING events from decorations provider vscode.git 3896
2023-01-22 12:33:38.527 [warning] [Decorations] CAPPING events from decorations provider vscode.git 3896
2023-01-22 12:33:43.664 [warning] [Decorations] CAPPING events from decorations provider vscode.git 3896
2023-01-22 12:33:48.814 [warning] [Decorations] CAPPING events from decorations provider vscode.git 3896
2023-01-22 12:33:53.972 [warning] [Decorations] CAPPING events from decorations provider vscode.git 3896
2023-01-22 12:33:59.113 [warning] [Decorations] CAPPING events from decorations provider vscode.git 3896
