2023-01-08 15:42:58.755 [info] Log level: Info
2023-01-08 15:42:58.755 [info] Validating found git in: "git"
2023-01-08 15:42:58.755 [info] Using git "2.34.1" from "git"
2023-01-08 15:42:58.755 [info] > git rev-parse --show-toplevel [66ms]
2023-01-08 15:42:58.755 [info] > git rev-parse --git-dir --git-common-dir [14ms]
2023-01-08 15:42:58.755 [info] Open repository: /home/ubuntu
2023-01-08 15:42:58.755 [info] > git rev-parse --show-toplevel [7ms]
2023-01-08 15:42:58.755 [info] > git config --get commit.template [6ms]
2023-01-08 15:42:58.755 [info] > git rev-parse --show-toplevel [8ms]
2023-01-08 15:42:58.756 [info] > git for-each-ref --format=%(refname)%00%(upstream:short)%00%(objectname)%00%(upstream:track)%00%(upstream:remotename)%00%(upstream:remoteref) refs/heads/roles-feature refs/remotes/roles-feature [6ms]
2023-01-08 15:42:58.756 [info] > git rev-parse --show-toplevel [12ms]
2023-01-08 15:42:58.756 [info] > git for-each-ref --sort -committerdate --format %(refname) %(objectname) %(*objectname) [7ms]
2023-01-08 15:42:58.756 [info] > git rev-parse --show-toplevel [6ms]
2023-01-08 15:42:58.756 [info] > git rev-parse --show-toplevel [1ms]
2023-01-08 15:42:58.756 [info] > git rev-parse --show-toplevel [3ms]
2023-01-08 15:42:58.756 [info] > git status -z -uall [40ms]
2023-01-08 15:42:58.756 [info] > git rev-parse --show-toplevel [596ms]
2023-01-08 15:42:58.756 [info] > git config --get commit.template [76ms]
2023-01-08 15:42:58.756 [info] > git rev-parse --show-toplevel [37ms]
2023-01-08 15:42:58.756 [info] > git rev-parse --show-toplevel [1ms]
2023-01-08 15:42:58.756 [info] > git for-each-ref --format=%(refname)%00%(upstream:short)%00%(objectname)%00%(upstream:track)%00%(upstream:remotename)%00%(upstream:remoteref) refs/heads/roles-feature refs/remotes/roles-feature [26ms]
2023-01-08 15:42:58.756 [info] > git rev-parse --show-toplevel [11ms]
2023-01-08 15:42:58.756 [info] > git for-each-ref --sort -committerdate --format %(refname) %(objectname) %(*objectname) [14ms]
2023-01-08 15:42:58.756 [info] > git status -z -uall [85ms]
2023-01-08 15:42:58.756 [info] > git rev-parse --show-toplevel [67ms]
2023-01-08 15:42:58.756 [info] > git check-ignore -v -z --stdin [8ms]
2023-01-08 15:43:00.262 [info] > git config --get commit.template [6ms]
2023-01-08 15:43:00.264 [info] > git for-each-ref --format=%(refname)%00%(upstream:short)%00%(objectname)%00%(upstream:track)%00%(upstream:remotename)%00%(upstream:remoteref) refs/heads/roles-feature refs/remotes/roles-feature [3ms]
2023-01-08 15:43:00.279 [info] > git for-each-ref --sort -committerdate --format %(refname) %(objectname) %(*objectname) [2ms]
2023-01-08 15:43:00.308 [info] > git status -z -uall [41ms]
2023-01-08 15:43:05.352 [info] > git config --get commit.template [6ms]
2023-01-08 15:43:05.354 [info] > git for-each-ref --format=%(refname)%00%(upstream:short)%00%(objectname)%00%(upstream:track)%00%(upstream:remotename)%00%(upstream:remoteref) refs/heads/roles-feature refs/remotes/roles-feature [3ms]
2023-01-08 15:43:05.368 [info] > git for-each-ref --sort -committerdate --format %(refname) %(objectname) %(*objectname) [4ms]
2023-01-08 15:43:05.395 [info] > git status -z -uall [37ms]
2023-01-08 15:43:06.321 [info] > git check-ignore -v -z --stdin [2ms]
2023-01-08 15:44:17.305 [info] > git config --get commit.template [5ms]
2023-01-08 15:44:17.307 [info] > git for-each-ref --format=%(refname)%00%(upstream:short)%00%(objectname)%00%(upstream:track)%00%(upstream:remotename)%00%(upstream:remoteref) refs/heads/roles-feature refs/remotes/roles-feature [3ms]
2023-01-08 15:44:17.320 [info] > git for-each-ref --sort -committerdate --format %(refname) %(objectname) %(*objectname) [4ms]
2023-01-08 15:44:17.334 [info] > git status -z -uall [24ms]
2023-01-08 15:44:21.373 [info] > git check-ignore -v -z --stdin [3ms]
2023-01-08 15:44:22.391 [info] > git config --get commit.template [6ms]
2023-01-08 15:44:22.393 [info] > git for-each-ref --format=%(refname)%00%(upstream:short)%00%(objectname)%00%(upstream:track)%00%(upstream:remotename)%00%(upstream:remoteref) refs/heads/roles-feature refs/remotes/roles-feature [3ms]
2023-01-08 15:44:22.406 [info] > git for-each-ref --sort -committerdate --format %(refname) %(objectname) %(*objectname) [2ms]
2023-01-08 15:44:22.424 [info] > git status -z -uall [27ms]
2023-01-08 15:44:23.641 [info] > git check-ignore -v -z --stdin [2ms]
2023-01-08 15:44:56.518 [info] > git config --get commit.template [7ms]
2023-01-08 15:44:56.520 [info] > git for-each-ref --format=%(refname)%00%(upstream:short)%00%(objectname)%00%(upstream:track)%00%(upstream:remotename)%00%(upstream:remoteref) refs/heads/roles-feature refs/remotes/roles-feature [3ms]
2023-01-08 15:44:56.535 [info] > git for-each-ref --sort -committerdate --format %(refname) %(objectname) %(*objectname) [7ms]
2023-01-08 15:44:56.551 [info] > git status -z -uall [28ms]
2023-01-08 15:45:01.596 [info] > git config --get commit.template [5ms]
2023-01-08 15:45:01.598 [info] > git for-each-ref --format=%(refname)%00%(upstream:short)%00%(objectname)%00%(upstream:track)%00%(upstream:remotename)%00%(upstream:remoteref) refs/heads/roles-feature refs/remotes/roles-feature [3ms]
2023-01-08 15:45:01.615 [info] > git for-each-ref --sort -committerdate --format %(refname) %(objectname) %(*objectname) [7ms]
2023-01-08 15:45:01.625 [info] > git status -z -uall [24ms]
2023-01-08 15:45:07.360 [info] > git config --get commit.template [6ms]
2023-01-08 15:45:07.362 [info] > git for-each-ref --format=%(refname)%00%(upstream:short)%00%(objectname)%00%(upstream:track)%00%(upstream:remotename)%00%(upstream:remoteref) refs/heads/roles-feature refs/remotes/roles-feature [3ms]
2023-01-08 15:45:07.375 [info] > git for-each-ref --sort -committerdate --format %(refname) %(objectname) %(*objectname) [3ms]
2023-01-08 15:45:07.389 [info] > git status -z -uall [23ms]
2023-01-08 15:45:12.988 [info] > git config --get commit.template [6ms]
2023-01-08 15:45:12.990 [info] > git for-each-ref --format=%(refname)%00%(upstream:short)%00%(objectname)%00%(upstream:track)%00%(upstream:remotename)%00%(upstream:remoteref) refs/heads/roles-feature refs/remotes/roles-feature [4ms]
2023-01-08 15:45:13.007 [info] > git for-each-ref --sort -committerdate --format %(refname) %(objectname) %(*objectname) [7ms]
2023-01-08 15:45:13.019 [info] > git status -z -uall [24ms]
2023-01-08 15:45:17.684 [info] > git check-ignore -v -z --stdin [3ms]
2023-01-08 15:45:18.062 [info] > git config --get commit.template [6ms]
2023-01-08 15:45:18.064 [info] > git for-each-ref --format=%(refname)%00%(upstream:short)%00%(objectname)%00%(upstream:track)%00%(upstream:remotename)%00%(upstream:remoteref) refs/heads/roles-feature refs/remotes/roles-feature [4ms]
2023-01-08 15:45:18.083 [info] > git for-each-ref --sort -committerdate --format %(refname) %(objectname) %(*objectname) [6ms]
2023-01-08 15:45:18.093 [info] > git status -z -uall [25ms]
2023-01-08 15:45:23.171 [info] > git for-each-ref --format=%(refname)%00%(upstream:short)%00%(objectname)%00%(upstream:track)%00%(upstream:remotename)%00%(upstream:remoteref) refs/heads/roles-feature refs/remotes/roles-feature [1ms]
2023-01-08 15:45:23.172 [info] > git config --get commit.template [42ms]
2023-01-08 15:45:23.210 [info] > git for-each-ref --sort -committerdate --format %(refname) %(objectname) %(*objectname) [18ms]
2023-01-08 15:45:23.226 [info] > git status -z -uall [40ms]
2023-01-08 15:45:28.259 [info] > git config --get commit.template [6ms]
2023-01-08 15:45:28.265 [info] > git for-each-ref --format=%(refname)%00%(upstream:short)%00%(objectname)%00%(upstream:track)%00%(upstream:remotename)%00%(upstream:remoteref) refs/heads/roles-feature refs/remotes/roles-feature [7ms]
2023-01-08 15:45:28.278 [info] > git for-each-ref --sort -committerdate --format %(refname) %(objectname) %(*objectname) [1ms]
2023-01-08 15:45:28.291 [info] > git status -z -uall [23ms]
2023-01-08 15:45:33.334 [info] > git config --get commit.template [5ms]
2023-01-08 15:45:33.336 [info] > git for-each-ref --format=%(refname)%00%(upstream:short)%00%(objectname)%00%(upstream:track)%00%(upstream:remotename)%00%(upstream:remoteref) refs/heads/roles-feature refs/remotes/roles-feature [3ms]
2023-01-08 15:45:33.350 [info] > git for-each-ref --sort -committerdate --format %(refname) %(objectname) %(*objectname) [3ms]
2023-01-08 15:45:33.367 [info] > git status -z -uall [28ms]
2023-01-08 15:45:38.719 [info] > git config --get commit.template [27ms]
2023-01-08 15:45:38.743 [info] > git for-each-ref --format=%(refname)%00%(upstream:short)%00%(objectname)%00%(upstream:track)%00%(upstream:remotename)%00%(upstream:remoteref) refs/heads/roles-feature refs/remotes/roles-feature [46ms]
2023-01-08 15:45:38.779 [info] > git for-each-ref --sort -committerdate --format %(refname) %(objectname) %(*objectname) [23ms]
2023-01-08 15:45:38.790 [info] > git status -z -uall [40ms]
2023-01-08 15:45:55.358 [info] > git config --get commit.template [5ms]
2023-01-08 15:45:55.360 [info] > git for-each-ref --format=%(refname)%00%(upstream:short)%00%(objectname)%00%(upstream:track)%00%(upstream:remotename)%00%(upstream:remoteref) refs/heads/roles-feature refs/remotes/roles-feature [3ms]
2023-01-08 15:45:55.372 [info] > git for-each-ref --sort -committerdate --format %(refname) %(objectname) %(*objectname) [4ms]
2023-01-08 15:45:55.385 [info] > git status -z -uall [22ms]
2023-01-08 15:46:00.424 [info] > git config --get commit.template [5ms]
2023-01-08 15:46:00.426 [info] > git for-each-ref --format=%(refname)%00%(upstream:short)%00%(objectname)%00%(upstream:track)%00%(upstream:remotename)%00%(upstream:remoteref) refs/heads/roles-feature refs/remotes/roles-feature [2ms]
2023-01-08 15:46:00.439 [info] > git for-each-ref --sort -committerdate --format %(refname) %(objectname) %(*objectname) [3ms]
2023-01-08 15:46:00.452 [info] > git status -z -uall [23ms]
2023-01-08 15:46:02.452 [info] > git check-ignore -v -z --stdin [3ms]
2023-01-08 15:46:05.493 [info] > git config --get commit.template [5ms]
2023-01-08 15:46:05.496 [info] > git for-each-ref --format=%(refname)%00%(upstream:short)%00%(objectname)%00%(upstream:track)%00%(upstream:remotename)%00%(upstream:remoteref) refs/heads/roles-feature refs/remotes/roles-feature [4ms]
2023-01-08 15:46:05.510 [info] > git for-each-ref --sort -committerdate --format %(refname) %(objectname) %(*objectname) [2ms]
2023-01-08 15:46:05.522 [info] > git status -z -uall [23ms]
2023-01-08 15:46:10.560 [info] > git config --get commit.template [6ms]
2023-01-08 15:46:10.561 [info] > git for-each-ref --format=%(refname)%00%(upstream:short)%00%(objectname)%00%(upstream:track)%00%(upstream:remotename)%00%(upstream:remoteref) refs/heads/roles-feature refs/remotes/roles-feature [2ms]
2023-01-08 15:46:10.615 [info] > git for-each-ref --sort -committerdate --format %(refname) %(objectname) %(*objectname) [43ms]
2023-01-08 15:46:10.642 [info] > git status -z -uall [77ms]
2023-01-08 15:46:15.680 [info] > git config --get commit.template [5ms]
2023-01-08 15:46:15.682 [info] > git for-each-ref --format=%(refname)%00%(upstream:short)%00%(objectname)%00%(upstream:track)%00%(upstream:remotename)%00%(upstream:remoteref) refs/heads/roles-feature refs/remotes/roles-feature [3ms]
2023-01-08 15:46:15.695 [info] > git for-each-ref --sort -committerdate --format %(refname) %(objectname) %(*objectname) [3ms]
2023-01-08 15:46:15.708 [info] > git status -z -uall [23ms]
2023-01-08 15:46:20.744 [info] > git config --get commit.template [6ms]
2023-01-08 15:46:20.746 [info] > git for-each-ref --format=%(refname)%00%(upstream:short)%00%(objectname)%00%(upstream:track)%00%(upstream:remotename)%00%(upstream:remoteref) refs/heads/roles-feature refs/remotes/roles-feature [2ms]
2023-01-08 15:46:20.759 [info] > git for-each-ref --sort -committerdate --format %(refname) %(objectname) %(*objectname) [3ms]
2023-01-08 15:46:20.772 [info] > git status -z -uall [23ms]
2023-01-08 15:46:38.165 [info] > git config --get commit.template [5ms]
2023-01-08 15:46:38.167 [info] > git for-each-ref --format=%(refname)%00%(upstream:short)%00%(objectname)%00%(upstream:track)%00%(upstream:remotename)%00%(upstream:remoteref) refs/heads/roles-feature refs/remotes/roles-feature [3ms]
2023-01-08 15:46:38.179 [info] > git for-each-ref --sort -committerdate --format %(refname) %(objectname) %(*objectname) [3ms]
2023-01-08 15:46:38.192 [info] > git status -z -uall [22ms]
2023-01-08 15:46:43.231 [info] > git config --get commit.template [5ms]
2023-01-08 15:46:43.233 [info] > git for-each-ref --format=%(refname)%00%(upstream:short)%00%(objectname)%00%(upstream:track)%00%(upstream:remotename)%00%(upstream:remoteref) refs/heads/roles-feature refs/remotes/roles-feature [2ms]
2023-01-08 15:46:43.287 [info] > git for-each-ref --sort -committerdate --format %(refname) %(objectname) %(*objectname) [43ms]
2023-01-08 15:46:43.312 [info] > git status -z -uall [76ms]
2023-01-08 15:46:48.349 [info] > git config --get commit.template [5ms]
2023-01-08 15:46:48.351 [info] > git for-each-ref --format=%(refname)%00%(upstream:short)%00%(objectname)%00%(upstream:track)%00%(upstream:remotename)%00%(upstream:remoteref) refs/heads/roles-feature refs/remotes/roles-feature [2ms]
2023-01-08 15:46:48.363 [info] > git for-each-ref --sort -committerdate --format %(refname) %(objectname) %(*objectname) [3ms]
2023-01-08 15:46:48.375 [info] > git status -z -uall [22ms]
2023-01-08 15:46:55.537 [info] > git config --get commit.template [5ms]
2023-01-08 15:46:55.539 [info] > git for-each-ref --format=%(refname)%00%(upstream:short)%00%(objectname)%00%(upstream:track)%00%(upstream:remotename)%00%(upstream:remoteref) refs/heads/roles-feature refs/remotes/roles-feature [3ms]
2023-01-08 15:46:55.552 [info] > git for-each-ref --sort -committerdate --format %(refname) %(objectname) %(*objectname) [4ms]
2023-01-08 15:46:55.565 [info] > git status -z -uall [23ms]
2023-01-08 15:47:00.612 [info] > git config --get commit.template [6ms]
2023-01-08 15:47:00.614 [info] > git for-each-ref --format=%(refname)%00%(upstream:short)%00%(objectname)%00%(upstream:track)%00%(upstream:remotename)%00%(upstream:remoteref) refs/heads/roles-feature refs/remotes/roles-feature [3ms]
2023-01-08 15:47:00.631 [info] > git for-each-ref --sort -committerdate --format %(refname) %(objectname) %(*objectname) [7ms]
2023-01-08 15:47:00.641 [info] > git status -z -uall [24ms]
2023-01-08 15:47:05.683 [info] > git config --get commit.template [5ms]
2023-01-08 15:47:05.685 [info] > git for-each-ref --format=%(refname)%00%(upstream:short)%00%(objectname)%00%(upstream:track)%00%(upstream:remotename)%00%(upstream:remoteref) refs/heads/roles-feature refs/remotes/roles-feature [3ms]
2023-01-08 15:47:05.698 [info] > git for-each-ref --sort -committerdate --format %(refname) %(objectname) %(*objectname) [2ms]
2023-01-08 15:47:05.711 [info] > git status -z -uall [23ms]
2023-01-08 15:47:10.761 [info] > git config --get commit.template [5ms]
2023-01-08 15:47:10.763 [info] > git for-each-ref --format=%(refname)%00%(upstream:short)%00%(objectname)%00%(upstream:track)%00%(upstream:remotename)%00%(upstream:remoteref) refs/heads/roles-feature refs/remotes/roles-feature [2ms]
2023-01-08 15:47:10.776 [info] > git for-each-ref --sort -committerdate --format %(refname) %(objectname) %(*objectname) [4ms]
2023-01-08 15:47:10.791 [info] > git status -z -uall [25ms]
2023-01-08 15:47:15.851 [info] > git config --get commit.template [21ms]
2023-01-08 15:47:15.871 [info] > git for-each-ref --format=%(refname)%00%(upstream:short)%00%(objectname)%00%(upstream:track)%00%(upstream:remotename)%00%(upstream:remoteref) refs/heads/roles-feature refs/remotes/roles-feature [36ms]
2023-01-08 15:47:15.924 [info] > git for-each-ref --sort -committerdate --format %(refname) %(objectname) %(*objectname) [23ms]
2023-01-08 15:47:15.939 [info] > git status -z -uall [59ms]
2023-01-08 15:47:20.973 [info] > git config --get commit.template [5ms]
2023-01-08 15:47:20.975 [info] > git for-each-ref --format=%(refname)%00%(upstream:short)%00%(objectname)%00%(upstream:track)%00%(upstream:remotename)%00%(upstream:remoteref) refs/heads/roles-feature refs/remotes/roles-feature [2ms]
2023-01-08 15:47:20.991 [info] > git for-each-ref --sort -committerdate --format %(refname) %(objectname) %(*objectname) [6ms]
2023-01-08 15:47:21.001 [info] > git status -z -uall [24ms]
2023-01-08 15:50:39.615 [info] > git config --get commit.template [5ms]
2023-01-08 15:50:39.617 [info] > git for-each-ref --format=%(refname)%00%(upstream:short)%00%(objectname)%00%(upstream:track)%00%(upstream:remotename)%00%(upstream:remoteref) refs/heads/roles-feature refs/remotes/roles-feature [3ms]
2023-01-08 15:50:39.631 [info] > git for-each-ref --sort -committerdate --format %(refname) %(objectname) %(*objectname) [3ms]
2023-01-08 15:50:39.644 [info] > git status -z -uall [24ms]
2023-01-08 15:50:44.684 [info] > git config --get commit.template [5ms]
2023-01-08 15:50:44.686 [info] > git for-each-ref --format=%(refname)%00%(upstream:short)%00%(objectname)%00%(upstream:track)%00%(upstream:remotename)%00%(upstream:remoteref) refs/heads/roles-feature refs/remotes/roles-feature [3ms]
2023-01-08 15:50:44.707 [info] > git for-each-ref --sort -committerdate --format %(refname) %(objectname) %(*objectname) [2ms]
2023-01-08 15:50:44.723 [info] > git status -z -uall [27ms]
2023-01-08 15:50:49.762 [info] > git config --get commit.template [5ms]
2023-01-08 15:50:49.772 [info] > git for-each-ref --format=%(refname)%00%(upstream:short)%00%(objectname)%00%(upstream:track)%00%(upstream:remotename)%00%(upstream:remoteref) refs/heads/roles-feature refs/remotes/roles-feature [11ms]
2023-01-08 15:50:49.786 [info] > git for-each-ref --sort -committerdate --format %(refname) %(objectname) %(*objectname) [2ms]
2023-01-08 15:50:49.801 [info] > git status -z -uall [24ms]
2023-01-08 15:50:54.837 [info] > git config --get commit.template [5ms]
2023-01-08 15:50:54.839 [info] > git for-each-ref --format=%(refname)%00%(upstream:short)%00%(objectname)%00%(upstream:track)%00%(upstream:remotename)%00%(upstream:remoteref) refs/heads/roles-feature refs/remotes/roles-feature [3ms]
2023-01-08 15:50:54.853 [info] > git for-each-ref --sort -committerdate --format %(refname) %(objectname) %(*objectname) [5ms]
2023-01-08 15:50:54.867 [info] > git status -z -uall [25ms]
2023-01-08 15:53:35.635 [info] > git config --get commit.template [7ms]
2023-01-08 15:53:35.637 [info] > git for-each-ref --format=%(refname)%00%(upstream:short)%00%(objectname)%00%(upstream:track)%00%(upstream:remotename)%00%(upstream:remoteref) refs/heads/roles-feature refs/remotes/roles-feature [3ms]
2023-01-08 15:53:35.650 [info] > git for-each-ref --sort -committerdate --format %(refname) %(objectname) %(*objectname) [2ms]
2023-01-08 15:53:35.663 [info] > git status -z -uall [24ms]
2023-01-08 15:53:40.705 [info] > git config --get commit.template [6ms]
2023-01-08 15:53:40.707 [info] > git for-each-ref --format=%(refname)%00%(upstream:short)%00%(objectname)%00%(upstream:track)%00%(upstream:remotename)%00%(upstream:remoteref) refs/heads/roles-feature refs/remotes/roles-feature [4ms]
2023-01-08 15:53:40.720 [info] > git for-each-ref --sort -committerdate --format %(refname) %(objectname) %(*objectname) [4ms]
2023-01-08 15:53:40.735 [info] > git status -z -uall [25ms]
2023-01-08 15:53:43.731 [info] > git check-ignore -v -z --stdin [2ms]
2023-01-08 15:53:44.948 [info] > git show --textconv :roles/mysql/defaults/main.yml [9ms]
2023-01-08 15:53:44.956 [info] > git ls-files --stage -- /home/ubuntu/roles/mysql/defaults/main.yml [9ms]
2023-01-08 15:53:44.962 [info] > git cat-file -s 49110da9ef652abb8589d8ad0fe41a12f36db56d [2ms]
2023-01-08 15:53:45.778 [info] > git config --get commit.template [5ms]
2023-01-08 15:53:45.779 [info] > git for-each-ref --format=%(refname)%00%(upstream:short)%00%(objectname)%00%(upstream:track)%00%(upstream:remotename)%00%(upstream:remoteref) refs/heads/roles-feature refs/remotes/roles-feature [2ms]
2023-01-08 15:53:45.792 [info] > git for-each-ref --sort -committerdate --format %(refname) %(objectname) %(*objectname) [4ms]
2023-01-08 15:53:45.806 [info] > git status -z -uall [24ms]
2023-01-08 15:56:00.463 [info] > git config --get commit.template [7ms]
2023-01-08 15:56:00.465 [info] > git for-each-ref --format=%(refname)%00%(upstream:short)%00%(objectname)%00%(upstream:track)%00%(upstream:remotename)%00%(upstream:remoteref) refs/heads/roles-feature refs/remotes/roles-feature [2ms]
2023-01-08 15:56:00.478 [info] > git for-each-ref --sort -committerdate --format %(refname) %(objectname) %(*objectname) [1ms]
2023-01-08 15:56:00.490 [info] > git status -z -uall [23ms]
2023-01-08 15:56:05.537 [info] > git config --get commit.template [5ms]
2023-01-08 15:56:05.538 [info] > git for-each-ref --format=%(refname)%00%(upstream:short)%00%(objectname)%00%(upstream:track)%00%(upstream:remotename)%00%(upstream:remoteref) refs/heads/roles-feature refs/remotes/roles-feature [2ms]
2023-01-08 15:56:05.551 [info] > git for-each-ref --sort -committerdate --format %(refname) %(objectname) %(*objectname) [3ms]
2023-01-08 15:56:05.564 [info] > git status -z -uall [23ms]
2023-01-08 15:56:10.598 [info] > git config --get commit.template [6ms]
2023-01-08 15:56:10.600 [info] > git for-each-ref --format=%(refname)%00%(upstream:short)%00%(objectname)%00%(upstream:track)%00%(upstream:remotename)%00%(upstream:remoteref) refs/heads/roles-feature refs/remotes/roles-feature [3ms]
2023-01-08 15:56:10.614 [info] > git for-each-ref --sort -committerdate --format %(refname) %(objectname) %(*objectname) [2ms]
2023-01-08 15:56:10.627 [info] > git status -z -uall [24ms]
2023-01-08 15:56:15.667 [info] > git config --get commit.template [5ms]
2023-01-08 15:56:15.669 [info] > git for-each-ref --format=%(refname)%00%(upstream:short)%00%(objectname)%00%(upstream:track)%00%(upstream:remotename)%00%(upstream:remoteref) refs/heads/roles-feature refs/remotes/roles-feature [3ms]
2023-01-08 15:56:15.682 [info] > git for-each-ref --sort -committerdate --format %(refname) %(objectname) %(*objectname) [2ms]
2023-01-08 15:56:15.695 [info] > git status -z -uall [23ms]
2023-01-08 15:56:20.727 [info] > git config --get commit.template [5ms]
2023-01-08 15:56:20.729 [info] > git for-each-ref --format=%(refname)%00%(upstream:short)%00%(objectname)%00%(upstream:track)%00%(upstream:remotename)%00%(upstream:remoteref) refs/heads/roles-feature refs/remotes/roles-feature [2ms]
2023-01-08 15:56:20.742 [info] > git for-each-ref --sort -committerdate --format %(refname) %(objectname) %(*objectname) [1ms]
2023-01-08 15:56:20.759 [info] > git status -z -uall [27ms]
2023-01-08 15:56:25.801 [info] > git config --get commit.template [5ms]
2023-01-08 15:56:25.803 [info] > git for-each-ref --format=%(refname)%00%(upstream:short)%00%(objectname)%00%(upstream:track)%00%(upstream:remotename)%00%(upstream:remoteref) refs/heads/roles-feature refs/remotes/roles-feature [3ms]
2023-01-08 15:56:25.815 [info] > git for-each-ref --sort -committerdate --format %(refname) %(objectname) %(*objectname) [3ms]
2023-01-08 15:56:25.829 [info] > git status -z -uall [23ms]
2023-01-08 15:56:30.863 [info] > git config --get commit.template [5ms]
2023-01-08 15:56:30.865 [info] > git for-each-ref --format=%(refname)%00%(upstream:short)%00%(objectname)%00%(upstream:track)%00%(upstream:remotename)%00%(upstream:remoteref) refs/heads/roles-feature refs/remotes/roles-feature [3ms]
2023-01-08 15:56:30.878 [info] > git for-each-ref --sort -committerdate --format %(refname) %(objectname) %(*objectname) [2ms]
2023-01-08 15:56:30.891 [info] > git status -z -uall [23ms]
2023-01-08 15:56:35.938 [info] > git config --get commit.template [5ms]
2023-01-08 15:56:35.940 [info] > git for-each-ref --format=%(refname)%00%(upstream:short)%00%(objectname)%00%(upstream:track)%00%(upstream:remotename)%00%(upstream:remoteref) refs/heads/roles-feature refs/remotes/roles-feature [3ms]
2023-01-08 15:56:35.954 [info] > git for-each-ref --sort -committerdate --format %(refname) %(objectname) %(*objectname) [2ms]
2023-01-08 15:56:35.967 [info] > git status -z -uall [24ms]
2023-01-08 15:56:40.999 [info] > git config --get commit.template [5ms]
2023-01-08 15:56:41.001 [info] > git for-each-ref --format=%(refname)%00%(upstream:short)%00%(objectname)%00%(upstream:track)%00%(upstream:remotename)%00%(upstream:remoteref) refs/heads/roles-feature refs/remotes/roles-feature [2ms]
2023-01-08 15:56:41.014 [info] > git for-each-ref --sort -committerdate --format %(refname) %(objectname) %(*objectname) [2ms]
2023-01-08 15:56:41.027 [info] > git status -z -uall [23ms]
2023-01-08 15:56:46.070 [info] > git config --get commit.template [5ms]
2023-01-08 15:56:46.072 [info] > git for-each-ref --format=%(refname)%00%(upstream:short)%00%(objectname)%00%(upstream:track)%00%(upstream:remotename)%00%(upstream:remoteref) refs/heads/roles-feature refs/remotes/roles-feature [3ms]
2023-01-08 15:56:46.086 [info] > git for-each-ref --sort -committerdate --format %(refname) %(objectname) %(*objectname) [2ms]
2023-01-08 15:56:46.098 [info] > git status -z -uall [23ms]
2023-01-08 15:56:51.144 [info] > git config --get commit.template [6ms]
2023-01-08 15:56:51.146 [info] > git for-each-ref --format=%(refname)%00%(upstream:short)%00%(objectname)%00%(upstream:track)%00%(upstream:remotename)%00%(upstream:remoteref) refs/heads/roles-feature refs/remotes/roles-feature [2ms]
2023-01-08 15:56:51.159 [info] > git for-each-ref --sort -committerdate --format %(refname) %(objectname) %(*objectname) [2ms]
2023-01-08 15:56:51.171 [info] > git status -z -uall [22ms]
2023-01-08 15:56:56.214 [info] > git config --get commit.template [5ms]
2023-01-08 15:56:56.216 [info] > git for-each-ref --format=%(refname)%00%(upstream:short)%00%(objectname)%00%(upstream:track)%00%(upstream:remotename)%00%(upstream:remoteref) refs/heads/roles-feature refs/remotes/roles-feature [2ms]
2023-01-08 15:56:56.230 [info] > git for-each-ref --sort -committerdate --format %(refname) %(objectname) %(*objectname) [2ms]
2023-01-08 15:56:56.242 [info] > git status -z -uall [23ms]
2023-01-08 15:57:01.285 [info] > git config --get commit.template [5ms]
2023-01-08 15:57:01.287 [info] > git for-each-ref --format=%(refname)%00%(upstream:short)%00%(objectname)%00%(upstream:track)%00%(upstream:remotename)%00%(upstream:remoteref) refs/heads/roles-feature refs/remotes/roles-feature [2ms]
2023-01-08 15:57:01.303 [info] > git for-each-ref --sort -committerdate --format %(refname) %(objectname) %(*objectname) [7ms]
2023-01-08 15:57:01.313 [info] > git status -z -uall [23ms]
2023-01-08 15:57:06.348 [info] > git config --get commit.template [6ms]
2023-01-08 15:57:06.350 [info] > git for-each-ref --format=%(refname)%00%(upstream:short)%00%(objectname)%00%(upstream:track)%00%(upstream:remotename)%00%(upstream:remoteref) refs/heads/roles-feature refs/remotes/roles-feature [2ms]
2023-01-08 15:57:06.367 [info] > git for-each-ref --sort -committerdate --format %(refname) %(objectname) %(*objectname) [7ms]
2023-01-08 15:57:06.377 [info] > git status -z -uall [24ms]
2023-01-08 15:57:11.420 [info] > git config --get commit.template [5ms]
2023-01-08 15:57:11.421 [info] > git for-each-ref --format=%(refname)%00%(upstream:short)%00%(objectname)%00%(upstream:track)%00%(upstream:remotename)%00%(upstream:remoteref) refs/heads/roles-feature refs/remotes/roles-feature [2ms]
2023-01-08 15:57:11.435 [info] > git for-each-ref --sort -committerdate --format %(refname) %(objectname) %(*objectname) [2ms]
2023-01-08 15:57:11.448 [info] > git status -z -uall [24ms]
2023-01-08 15:58:26.637 [info] > git config --get commit.template [7ms]
2023-01-08 15:58:26.638 [info] > git for-each-ref --format=%(refname)%00%(upstream:short)%00%(objectname)%00%(upstream:track)%00%(upstream:remotename)%00%(upstream:remoteref) refs/heads/roles-feature refs/remotes/roles-feature [4ms]
2023-01-08 15:58:26.651 [info] > git for-each-ref --sort -committerdate --format %(refname) %(objectname) %(*objectname) [3ms]
2023-01-08 15:58:26.665 [info] > git status -z -uall [23ms]
2023-01-08 15:58:31.712 [info] > git config --get commit.template [5ms]
2023-01-08 15:58:31.714 [info] > git for-each-ref --format=%(refname)%00%(upstream:short)%00%(objectname)%00%(upstream:track)%00%(upstream:remotename)%00%(upstream:remoteref) refs/heads/roles-feature refs/remotes/roles-feature [3ms]
2023-01-08 15:58:31.727 [info] > git for-each-ref --sort -committerdate --format %(refname) %(objectname) %(*objectname) [3ms]
2023-01-08 15:58:31.740 [info] > git status -z -uall [23ms]
2023-01-08 15:58:37.524 [info] > git config --get commit.template [7ms]
2023-01-08 15:58:37.526 [info] > git for-each-ref --format=%(refname)%00%(upstream:short)%00%(objectname)%00%(upstream:track)%00%(upstream:remotename)%00%(upstream:remoteref) refs/heads/roles-feature refs/remotes/roles-feature [3ms]
2023-01-08 15:58:37.543 [info] > git for-each-ref --sort -committerdate --format %(refname) %(objectname) %(*objectname) [7ms]
2023-01-08 15:58:37.556 [info] > git status -z -uall [27ms]
2023-01-08 15:58:42.599 [info] > git config --get commit.template [5ms]
2023-01-08 15:58:42.601 [info] > git for-each-ref --format=%(refname)%00%(upstream:short)%00%(objectname)%00%(upstream:track)%00%(upstream:remotename)%00%(upstream:remoteref) refs/heads/roles-feature refs/remotes/roles-feature [3ms]
2023-01-08 15:58:42.619 [info] > git for-each-ref --sort -committerdate --format %(refname) %(objectname) %(*objectname) [7ms]
2023-01-08 15:58:42.632 [info] > git status -z -uall [26ms]
2023-01-08 15:58:50.394 [info] > git config --get commit.template [5ms]
2023-01-08 15:58:50.396 [info] > git for-each-ref --format=%(refname)%00%(upstream:short)%00%(objectname)%00%(upstream:track)%00%(upstream:remotename)%00%(upstream:remoteref) refs/heads/roles-feature refs/remotes/roles-feature [3ms]
2023-01-08 15:58:50.410 [info] > git for-each-ref --sort -committerdate --format %(refname) %(objectname) %(*objectname) [2ms]
2023-01-08 15:58:50.424 [info] > git status -z -uall [25ms]
2023-01-08 15:58:55.469 [info] > git config --get commit.template [5ms]
2023-01-08 15:58:55.471 [info] > git for-each-ref --format=%(refname)%00%(upstream:short)%00%(objectname)%00%(upstream:track)%00%(upstream:remotename)%00%(upstream:remoteref) refs/heads/roles-feature refs/remotes/roles-feature [3ms]
2023-01-08 15:58:55.491 [info] > git for-each-ref --sort -committerdate --format %(refname) %(objectname) %(*objectname) [8ms]
2023-01-08 15:58:55.507 [info] > git status -z -uall [33ms]
2023-01-08 15:59:00.541 [info] > git config --get commit.template [5ms]
2023-01-08 15:59:00.543 [info] > git for-each-ref --format=%(refname)%00%(upstream:short)%00%(objectname)%00%(upstream:track)%00%(upstream:remotename)%00%(upstream:remoteref) refs/heads/roles-feature refs/remotes/roles-feature [2ms]
2023-01-08 15:59:00.556 [info] > git for-each-ref --sort -committerdate --format %(refname) %(objectname) %(*objectname) [4ms]
2023-01-08 15:59:00.569 [info] > git status -z -uall [23ms]
2023-01-08 15:59:48.863 [info] > git config --get commit.template [6ms]
2023-01-08 15:59:48.865 [info] > git for-each-ref --format=%(refname)%00%(upstream:short)%00%(objectname)%00%(upstream:track)%00%(upstream:remotename)%00%(upstream:remoteref) refs/heads/roles-feature refs/remotes/roles-feature [3ms]
2023-01-08 15:59:48.878 [info] > git for-each-ref --sort -committerdate --format %(refname) %(objectname) %(*objectname) [1ms]
2023-01-08 15:59:48.893 [info] > git status -z -uall [25ms]
2023-01-08 15:59:53.945 [info] > git config --get commit.template [5ms]
2023-01-08 15:59:53.947 [info] > git for-each-ref --format=%(refname)%00%(upstream:short)%00%(objectname)%00%(upstream:track)%00%(upstream:remotename)%00%(upstream:remoteref) refs/heads/roles-feature refs/remotes/roles-feature [3ms]
2023-01-08 15:59:53.960 [info] > git for-each-ref --sort -committerdate --format %(refname) %(objectname) %(*objectname) [5ms]
2023-01-08 15:59:53.977 [info] > git status -z -uall [27ms]
2023-01-08 16:00:00.629 [info] > git config --get commit.template [6ms]
2023-01-08 16:00:00.632 [info] > git for-each-ref --format=%(refname)%00%(upstream:short)%00%(objectname)%00%(upstream:track)%00%(upstream:remotename)%00%(upstream:remoteref) refs/heads/roles-feature refs/remotes/roles-feature [3ms]
2023-01-08 16:00:00.647 [info] > git for-each-ref --sort -committerdate --format %(refname) %(objectname) %(*objectname) [7ms]
2023-01-08 16:00:00.658 [info] > git status -z -uall [23ms]
2023-01-08 16:00:05.698 [info] > git config --get commit.template [6ms]
2023-01-08 16:00:05.700 [info] > git for-each-ref --format=%(refname)%00%(upstream:short)%00%(objectname)%00%(upstream:track)%00%(upstream:remotename)%00%(upstream:remoteref) refs/heads/roles-feature refs/remotes/roles-feature [3ms]
2023-01-08 16:00:05.719 [info] > git for-each-ref --sort -committerdate --format %(refname) %(objectname) %(*objectname) [6ms]
2023-01-08 16:00:05.734 [info] > git status -z -uall [30ms]
2023-01-08 16:00:11.640 [info] > git config --get commit.template [6ms]
2023-01-08 16:00:11.642 [info] > git for-each-ref --format=%(refname)%00%(upstream:short)%00%(objectname)%00%(upstream:track)%00%(upstream:remotename)%00%(upstream:remoteref) refs/heads/roles-feature refs/remotes/roles-feature [3ms]
2023-01-08 16:00:11.664 [info] > git for-each-ref --sort -committerdate --format %(refname) %(objectname) %(*objectname) [7ms]
2023-01-08 16:00:11.675 [info] > git status -z -uall [25ms]
2023-01-08 16:01:38.747 [info] > git config --get commit.template [6ms]
2023-01-08 16:01:38.749 [info] > git for-each-ref --format=%(refname)%00%(upstream:short)%00%(objectname)%00%(upstream:track)%00%(upstream:remotename)%00%(upstream:remoteref) refs/heads/roles-feature refs/remotes/roles-feature [3ms]
2023-01-08 16:01:38.762 [info] > git for-each-ref --sort -committerdate --format %(refname) %(objectname) %(*objectname) [2ms]
2023-01-08 16:01:38.775 [info] > git status -z -uall [23ms]
2023-01-08 16:01:43.823 [info] > git config --get commit.template [5ms]
2023-01-08 16:01:43.824 [info] > git for-each-ref --format=%(refname)%00%(upstream:short)%00%(objectname)%00%(upstream:track)%00%(upstream:remotename)%00%(upstream:remoteref) refs/heads/roles-feature refs/remotes/roles-feature [2ms]
2023-01-08 16:01:43.838 [info] > git for-each-ref --sort -committerdate --format %(refname) %(objectname) %(*objectname) [2ms]
2023-01-08 16:01:43.851 [info] > git status -z -uall [23ms]
2023-01-08 16:01:48.897 [info] > git config --get commit.template [4ms]
2023-01-08 16:01:48.898 [info] > git for-each-ref --format=%(refname)%00%(upstream:short)%00%(objectname)%00%(upstream:track)%00%(upstream:remotename)%00%(upstream:remoteref) refs/heads/roles-feature refs/remotes/roles-feature [2ms]
2023-01-08 16:01:48.915 [info] > git for-each-ref --sort -committerdate --format %(refname) %(objectname) %(*objectname) [7ms]
2023-01-08 16:01:48.927 [info] > git status -z -uall [25ms]
2023-01-08 16:01:53.969 [info] > git config --get commit.template [7ms]
2023-01-08 16:01:54.011 [info] > git for-each-ref --format=%(refname)%00%(upstream:short)%00%(objectname)%00%(upstream:track)%00%(upstream:remotename)%00%(upstream:remoteref) refs/heads/roles-feature refs/remotes/roles-feature [44ms]
2023-01-08 16:01:54.041 [info] > git for-each-ref --sort -committerdate --format %(refname) %(objectname) %(*objectname) [17ms]
2023-01-08 16:01:54.055 [info] > git status -z -uall [39ms]
2023-01-08 16:01:59.558 [info] > git ls-files --stage -- /home/ubuntu/roles/mysql/defaults/main.yml [3ms]
2023-01-08 16:01:59.563 [info] > git cat-file -s 8b0bfad792ae21968298fdc2e0be58a5863cb123 [2ms]
2023-01-08 16:01:59.931 [info] > git show --textconv :roles/mysql/defaults/main.yml [3ms]
2023-01-08 16:02:00.729 [info] > git config --get commit.template [4ms]
2023-01-08 16:02:00.730 [info] > git for-each-ref --format=%(refname)%00%(upstream:short)%00%(objectname)%00%(upstream:track)%00%(upstream:remotename)%00%(upstream:remoteref) refs/heads/roles-feature refs/remotes/roles-feature [2ms]
2023-01-08 16:02:00.744 [info] > git for-each-ref --sort -committerdate --format %(refname) %(objectname) %(*objectname) [6ms]
2023-01-08 16:02:00.756 [info] > git status -z -uall [23ms]
2023-01-08 16:02:05.797 [info] > git config --get commit.template [5ms]
2023-01-08 16:02:05.799 [info] > git for-each-ref --format=%(refname)%00%(upstream:short)%00%(objectname)%00%(upstream:track)%00%(upstream:remotename)%00%(upstream:remoteref) refs/heads/roles-feature refs/remotes/roles-feature [3ms]
2023-01-08 16:02:05.812 [info] > git for-each-ref --sort -committerdate --format %(refname) %(objectname) %(*objectname) [4ms]
2023-01-08 16:02:05.825 [info] > git status -z -uall [23ms]
2023-01-08 16:02:10.871 [info] > git config --get commit.template [5ms]
2023-01-08 16:02:10.872 [info] > git for-each-ref --format=%(refname)%00%(upstream:short)%00%(objectname)%00%(upstream:track)%00%(upstream:remotename)%00%(upstream:remoteref) refs/heads/roles-feature refs/remotes/roles-feature [2ms]
2023-01-08 16:02:10.891 [info] > git for-each-ref --sort -committerdate --format %(refname) %(objectname) %(*objectname) [6ms]
2023-01-08 16:02:10.901 [info] > git status -z -uall [25ms]
2023-01-08 16:02:15.947 [info] > git config --get commit.template [5ms]
2023-01-08 16:02:15.949 [info] > git for-each-ref --format=%(refname)%00%(upstream:short)%00%(objectname)%00%(upstream:track)%00%(upstream:remotename)%00%(upstream:remoteref) refs/heads/roles-feature refs/remotes/roles-feature [3ms]
2023-01-08 16:02:15.962 [info] > git for-each-ref --sort -committerdate --format %(refname) %(objectname) %(*objectname) [2ms]
2023-01-08 16:02:15.974 [info] > git status -z -uall [22ms]
2023-01-08 16:02:21.031 [info] > git config --get commit.template [22ms]
2023-01-08 16:02:21.047 [info] > git for-each-ref --format=%(refname)%00%(upstream:short)%00%(objectname)%00%(upstream:track)%00%(upstream:remotename)%00%(upstream:remoteref) refs/heads/roles-feature refs/remotes/roles-feature [34ms]
2023-01-08 16:02:21.087 [info] > git for-each-ref --sort -committerdate --format %(refname) %(objectname) %(*objectname) [23ms]
2023-01-08 16:02:21.100 [info] > git status -z -uall [40ms]
2023-01-08 16:02:26.133 [info] > git config --get commit.template [5ms]
2023-01-08 16:02:26.137 [info] > git for-each-ref --format=%(refname)%00%(upstream:short)%00%(objectname)%00%(upstream:track)%00%(upstream:remotename)%00%(upstream:remoteref) refs/heads/roles-feature refs/remotes/roles-feature [5ms]
2023-01-08 16:02:26.156 [info] > git for-each-ref --sort -committerdate --format %(refname) %(objectname) %(*objectname) [8ms]
2023-01-08 16:02:26.181 [info] > git status -z -uall [40ms]
2023-01-08 16:02:31.226 [info] > git config --get commit.template [6ms]
2023-01-08 16:02:31.228 [info] > git for-each-ref --format=%(refname)%00%(upstream:short)%00%(objectname)%00%(upstream:track)%00%(upstream:remotename)%00%(upstream:remoteref) refs/heads/roles-feature refs/remotes/roles-feature [3ms]
2023-01-08 16:02:31.243 [info] > git for-each-ref --sort -committerdate --format %(refname) %(objectname) %(*objectname) [6ms]
2023-01-08 16:02:31.254 [info] > git status -z -uall [23ms]
2023-01-08 16:02:36.327 [info] > git for-each-ref --format=%(refname)%00%(upstream:short)%00%(objectname)%00%(upstream:track)%00%(upstream:remotename)%00%(upstream:remoteref) refs/heads/roles-feature refs/remotes/roles-feature [1ms]
2023-01-08 16:02:36.328 [info] > git config --get commit.template [43ms]
2023-01-08 16:02:36.369 [info] > git for-each-ref --sort -committerdate --format %(refname) %(objectname) %(*objectname) [19ms]
2023-01-08 16:02:36.385 [info] > git status -z -uall [44ms]
2023-01-08 16:02:41.439 [info] > git config --get commit.template [4ms]
2023-01-08 16:02:41.440 [info] > git for-each-ref --format=%(refname)%00%(upstream:short)%00%(objectname)%00%(upstream:track)%00%(upstream:remotename)%00%(upstream:remoteref) refs/heads/roles-feature refs/remotes/roles-feature [2ms]
2023-01-08 16:02:41.454 [info] > git for-each-ref --sort -committerdate --format %(refname) %(objectname) %(*objectname) [2ms]
2023-01-08 16:02:41.502 [info] > git status -z -uall [59ms]
