2023-01-08 17:10:19.893 [info] Extension host with pid 1430 started
2023-01-08 17:10:19.901 [error] Error: EEXIST: file already exists, open '/home/ubuntu/.vscode-server/data/User/workspaceStorage/d165b1a35fe49e71ebb7396c0c10341c/vscode.lock'
2023-01-08 17:10:19.906 [info] Lock '/home/ubuntu/.vscode-server/data/User/workspaceStorage/d165b1a35fe49e71ebb7396c0c10341c/vscode.lock': Could not acquire lock, checking if the file is stale.
2023-01-08 17:10:19.911 [info] Lock '/home/ubuntu/.vscode-server/data/User/workspaceStorage/d165b1a35fe49e71ebb7396c0c10341c/vscode.lock': The pid 6901 appears to be gone.
2023-01-08 17:10:19.911 [info] Lock '/home/ubuntu/.vscode-server/data/User/workspaceStorage/d165b1a35fe49e71ebb7396c0c10341c/vscode.lock': Deleting a stale lock.
2023-01-08 17:10:19.917 [info] Lock '/home/ubuntu/.vscode-server/data/User/workspaceStorage/d165b1a35fe49e71ebb7396c0c10341c/vscode.lock': Lock acquired.
2023-01-08 17:10:21.831 [info] ExtensionService#_doActivateExtension vscode.git-base, startup: false, activationEvent: '*', root cause: vscode.git
2023-01-08 17:10:22.211 [info] ExtensionService#_doActivateExtension vscode.git, startup: false, activationEvent: '*'
2023-01-08 17:10:22.215 [info] ExtensionService#_doActivateExtension vscode.github, startup: false, activationEvent: '*'
2023-01-08 17:10:23.440 [info] ExtensionService#_doActivateExtension vscode.debug-auto-launch, startup: false, activationEvent: 'onStartupFinished'
2023-01-08 17:10:23.441 [info] ExtensionService#_doActivateExtension vscode.emmet, startup: false, activationEvent: 'onStartupFinished'
2023-01-08 17:10:23.442 [info] ExtensionService#_doActivateExtension vscode.merge-conflict, startup: false, activationEvent: 'onStartupFinished'
2023-01-08 17:10:23.443 [info] Eager extensions activated
2023-01-08 17:10:23.750 [warning] [Decorations] CAPPING events from decorations provider vscode.git 1905
2023-01-08 17:10:24.380 [warning] [Decorations] CAPPING events from decorations provider vscode.git 1905
2023-01-08 17:10:27.739 [warning] [Decorations] CAPPING events from decorations provider vscode.git 1906
2023-01-08 17:10:52.636 [warning] [Decorations] CAPPING events from decorations provider vscode.git 1906
2023-01-08 17:10:57.732 [warning] [Decorations] CAPPING events from decorations provider vscode.git 1906
2023-01-08 17:11:02.808 [warning] [Decorations] CAPPING events from decorations provider vscode.git 1906
2023-01-08 17:11:07.900 [warning] [Decorations] CAPPING events from decorations provider vscode.git 1906
2023-01-08 17:11:12.975 [warning] [Decorations] CAPPING events from decorations provider vscode.git 1906
2023-01-08 17:11:18.131 [warning] [Decorations] CAPPING events from decorations provider vscode.git 1906
2023-01-08 17:11:23.232 [warning] [Decorations] CAPPING events from decorations provider vscode.git 1906
