2023-01-21 22:18:44.377 [info] Log level: Info
2023-01-21 22:18:44.380 [info] Validating found git in: "git"
2023-01-21 22:18:44.380 [info] Using git "2.34.1" from "git"
2023-01-21 22:18:44.380 [info] > git rev-parse --show-toplevel [143ms]
2023-01-21 22:18:44.380 [info] > git rev-parse --git-dir --git-common-dir [8ms]
2023-01-21 22:18:44.380 [info] Open repository: /home/ubuntu
2023-01-21 22:18:44.380 [info] > git rev-parse --show-toplevel [27ms]
2023-01-21 22:18:44.380 [info] > git config --get commit.template [40ms]
2023-01-21 22:18:44.380 [info] > git rev-parse --show-toplevel [45ms]
2023-01-21 22:18:44.380 [info] > git rev-parse --show-toplevel [13ms]
2023-01-21 22:18:44.380 [info] > git rev-parse --show-toplevel [7ms]
2023-01-21 22:18:44.380 [info] > git for-each-ref --format=%(refname)%00%(upstream:short)%00%(objectname)%00%(upstream:track)%00%(upstream:remotename)%00%(upstream:remoteref) refs/heads/roles-feature refs/remotes/roles-feature [59ms]
2023-01-21 22:18:44.380 [info] > git rev-parse --show-toplevel [28ms]
2023-01-21 22:18:44.380 [info] > git rev-parse --show-toplevel [6ms]
2023-01-21 22:18:44.380 [info] > git for-each-ref --sort -committerdate --format %(refname) %(objectname) %(*objectname) [40ms]
2023-01-21 22:18:44.381 [info] > git rev-parse --show-toplevel [6ms]
2023-01-21 22:18:44.381 [info] > git rev-parse --show-toplevel [17ms]
2023-01-21 22:18:44.381 [info] > git status -z -uall [634ms]
2023-01-21 22:18:44.381 [info] > git rev-parse --show-toplevel [539ms]
2023-01-21 22:18:44.381 [info] > git rev-parse --show-toplevel [2204ms]
2023-01-21 22:18:44.381 [info] > git config --get commit.template [187ms]
2023-01-21 22:18:44.381 [info] > git rev-parse --show-toplevel [103ms]
2023-01-21 22:18:44.381 [info] > git for-each-ref --format=%(refname)%00%(upstream:short)%00%(objectname)%00%(upstream:track)%00%(upstream:remotename)%00%(upstream:remoteref) refs/heads/roles-feature refs/remotes/roles-feature [11ms]
2023-01-21 22:18:44.381 [info] > git rev-parse --show-toplevel [83ms]
2023-01-21 22:18:44.381 [info] > git for-each-ref --sort -committerdate --format %(refname) %(objectname) %(*objectname) [37ms]
2023-01-21 22:18:44.381 [info] > git rev-parse --show-toplevel [22ms]
2023-01-21 22:18:44.381 [info] > git status -z -uall [243ms]
2023-01-21 22:18:44.381 [info] > git check-ignore -v -z --stdin [90ms]
2023-01-21 22:18:44.381 [info] > git show --textconv :roles/nginx/defaults/main.yml [53ms]
2023-01-21 22:18:44.381 [info] > git ls-files --stage -- /home/ubuntu/roles/nginx/defaults/main.yml [37ms]
2023-01-21 22:18:44.384 [info] > git cat-file -s 45b2b6339eae974eb7b2c0147fe621c870dc8fde [59ms]
2023-01-21 22:18:45.581 [info] > git config --get commit.template [17ms]
2023-01-21 22:18:45.588 [info] > git for-each-ref --format=%(refname)%00%(upstream:short)%00%(objectname)%00%(upstream:track)%00%(upstream:remotename)%00%(upstream:remoteref) refs/heads/roles-feature refs/remotes/roles-feature [8ms]
2023-01-21 22:18:45.645 [info] > git for-each-ref --sort -committerdate --format %(refname) %(objectname) %(*objectname) [27ms]
2023-01-21 22:18:45.736 [info] > git status -z -uall [141ms]
2023-01-21 22:18:50.979 [info] > git config --get commit.template [13ms]
2023-01-21 22:18:50.983 [info] > git for-each-ref --format=%(refname)%00%(upstream:short)%00%(objectname)%00%(upstream:track)%00%(upstream:remotename)%00%(upstream:remoteref) refs/heads/roles-feature refs/remotes/roles-feature [7ms]
2023-01-21 22:18:51.037 [info] > git for-each-ref --sort -committerdate --format %(refname) %(objectname) %(*objectname) [13ms]
2023-01-21 22:18:51.131 [info] > git status -z -uall [137ms]
2023-01-21 22:18:56.866 [info] > git config --get commit.template [6ms]
2023-01-21 22:18:56.869 [info] > git for-each-ref --format=%(refname)%00%(upstream:short)%00%(objectname)%00%(upstream:track)%00%(upstream:remotename)%00%(upstream:remoteref) refs/heads/roles-feature refs/remotes/roles-feature [3ms]
2023-01-21 22:18:56.892 [info] > git for-each-ref --sort -committerdate --format %(refname) %(objectname) %(*objectname) [14ms]
2023-01-21 22:18:56.935 [info] > git status -z -uall [63ms]
2023-01-21 22:19:02.078 [info] > git config --get commit.template [6ms]
2023-01-21 22:19:02.080 [info] > git for-each-ref --format=%(refname)%00%(upstream:short)%00%(objectname)%00%(upstream:track)%00%(upstream:remotename)%00%(upstream:remoteref) refs/heads/roles-feature refs/remotes/roles-feature [3ms]
2023-01-21 22:19:02.100 [info] > git for-each-ref --sort -committerdate --format %(refname) %(objectname) %(*objectname) [11ms]
2023-01-21 22:19:02.139 [info] > git status -z -uall [55ms]
2023-01-21 22:19:07.220 [info] > git config --get commit.template [7ms]
2023-01-21 22:19:07.223 [info] > git for-each-ref --format=%(refname)%00%(upstream:short)%00%(objectname)%00%(upstream:track)%00%(upstream:remotename)%00%(upstream:remoteref) refs/heads/roles-feature refs/remotes/roles-feature [3ms]
2023-01-21 22:19:07.245 [info] > git for-each-ref --sort -committerdate --format %(refname) %(objectname) %(*objectname) [10ms]
2023-01-21 22:19:07.285 [info] > git status -z -uall [57ms]
2023-01-21 22:19:09.347 [info] > git check-ignore -v -z --stdin [4ms]
2023-01-21 22:19:11.853 [info] > git check-ignore -v -z --stdin [3ms]
2023-01-21 22:19:12.362 [info] > git config --get commit.template [6ms]
2023-01-21 22:19:12.364 [info] > git for-each-ref --format=%(refname)%00%(upstream:short)%00%(objectname)%00%(upstream:track)%00%(upstream:remotename)%00%(upstream:remoteref) refs/heads/roles-feature refs/remotes/roles-feature [3ms]
2023-01-21 22:19:12.386 [info] > git for-each-ref --sort -committerdate --format %(refname) %(objectname) %(*objectname) [11ms]
2023-01-21 22:19:12.425 [info] > git status -z -uall [56ms]
2023-01-21 22:19:15.760 [info] > git ls-files --stage -- /home/ubuntu/roles/apache/tasks/setup-RedHat.yml [3ms]
2023-01-21 22:19:15.765 [info] > git show --textconv :roles/apache/tasks/setup-RedHat.yml [14ms]
2023-01-21 22:19:15.768 [info] > git cat-file -s c3a8bf0b32e41069388a52ec4ca3c418cd94a66b [3ms]
2023-01-21 22:19:17.502 [info] > git config --get commit.template [5ms]
2023-01-21 22:19:17.504 [info] > git for-each-ref --format=%(refname)%00%(upstream:short)%00%(objectname)%00%(upstream:track)%00%(upstream:remotename)%00%(upstream:remoteref) refs/heads/roles-feature refs/remotes/roles-feature [3ms]
2023-01-21 22:19:17.526 [info] > git for-each-ref --sort -committerdate --format %(refname) %(objectname) %(*objectname) [10ms]
2023-01-21 22:19:17.563 [info] > git status -z -uall [55ms]
2023-01-21 22:21:39.426 [info] > git config --get commit.template [4ms]
2023-01-21 22:21:39.428 [info] > git for-each-ref --format=%(refname)%00%(upstream:short)%00%(objectname)%00%(upstream:track)%00%(upstream:remotename)%00%(upstream:remoteref) refs/heads/roles-feature refs/remotes/roles-feature [3ms]
2023-01-21 22:21:39.448 [info] > git for-each-ref --sort -committerdate --format %(refname) %(objectname) %(*objectname) [9ms]
2023-01-21 22:21:39.493 [info] > git status -z -uall [62ms]
2023-01-21 22:21:44.573 [info] > git config --get commit.template [6ms]
2023-01-21 22:21:44.575 [info] > git for-each-ref --format=%(refname)%00%(upstream:short)%00%(objectname)%00%(upstream:track)%00%(upstream:remotename)%00%(upstream:remoteref) refs/heads/roles-feature refs/remotes/roles-feature [3ms]
2023-01-21 22:21:44.598 [info] > git for-each-ref --sort -committerdate --format %(refname) %(objectname) %(*objectname) [10ms]
2023-01-21 22:21:44.639 [info] > git status -z -uall [60ms]
