2023-01-09 14:01:50.062 [info] Log level: Info
2023-01-09 14:01:50.062 [info] Validating found git in: "git"
2023-01-09 14:01:50.062 [info] Using git "2.34.1" from "git"
2023-01-09 14:01:50.062 [info] > git rev-parse --show-toplevel [85ms]
2023-01-09 14:01:50.063 [info] > git rev-parse --git-dir --git-common-dir [3ms]
2023-01-09 14:01:50.063 [info] Open repository: /home/ubuntu
2023-01-09 14:01:50.063 [info] > git rev-parse --show-toplevel [14ms]
2023-01-09 14:01:50.063 [info] > git config --get commit.template [14ms]
2023-01-09 14:01:50.063 [info] > git rev-parse --show-toplevel [11ms]
2023-01-09 14:01:50.063 [info] > git rev-parse --show-toplevel [1ms]
2023-01-09 14:01:50.063 [info] > git rev-parse --show-toplevel [2ms]
2023-01-09 14:01:50.063 [info] > git for-each-ref --format=%(refname)%00%(upstream:short)%00%(objectname)%00%(upstream:track)%00%(upstream:remotename)%00%(upstream:remoteref) refs/heads/roles-feature refs/remotes/roles-feature [17ms]
2023-01-09 14:01:50.063 [info] > git rev-parse --show-toplevel [12ms]
2023-01-09 14:01:50.063 [info] > git for-each-ref --sort -committerdate --format %(refname) %(objectname) %(*objectname) [16ms]
2023-01-09 14:01:50.063 [info] > git rev-parse --show-toplevel [10ms]
2023-01-09 14:01:50.064 [info] > git rev-parse --show-toplevel [6ms]
2023-01-09 14:01:50.064 [info] > git rev-parse --show-toplevel [1ms]
2023-01-09 14:01:50.064 [info] > git rev-parse --show-toplevel [3ms]
2023-01-09 14:01:50.064 [info] > git rev-parse --show-toplevel [4ms]
2023-01-09 14:01:50.064 [info] > git status -z -uall [84ms]
2023-01-09 14:01:50.064 [info] > git rev-parse --show-toplevel [104ms]
2023-01-09 14:01:50.064 [info] > git config --get commit.template [5ms]
2023-01-09 14:01:50.064 [info] > git rev-parse --show-toplevel [6ms]
2023-01-09 14:01:50.065 [info] > git for-each-ref --format=%(refname)%00%(upstream:short)%00%(objectname)%00%(upstream:track)%00%(upstream:remotename)%00%(upstream:remoteref) refs/heads/roles-feature refs/remotes/roles-feature [6ms]
2023-01-09 14:01:50.065 [info] > git rev-parse --show-toplevel [11ms]
2023-01-09 14:01:50.065 [info] > git status -z -uall [729ms]
2023-01-09 14:01:50.065 [info] > git for-each-ref --sort -committerdate --format %(refname) %(objectname) %(*objectname) [724ms]
2023-01-09 14:01:50.065 [info] > git check-ignore -v -z --stdin [7ms]
2023-01-09 14:01:50.066 [info] > git show --textconv :roles/nginx/defaults/main.yml [34ms]
2023-01-09 14:01:50.066 [info] > git ls-files --stage -- /home/ubuntu/roles/nginx/defaults/main.yml [29ms]
2023-01-09 14:01:50.115 [info] > git check-ignore -v -z --stdin [3ms]
2023-01-09 14:01:50.710 [info] > git config --get commit.template [7ms]
2023-01-09 14:01:50.711 [info] > git for-each-ref --format=%(refname)%00%(upstream:short)%00%(objectname)%00%(upstream:track)%00%(upstream:remotename)%00%(upstream:remoteref) refs/heads/roles-feature refs/remotes/roles-feature [6ms]
2023-01-09 14:01:50.733 [info] > git for-each-ref --sort -committerdate --format %(refname) %(objectname) %(*objectname) [14ms]
2023-01-09 14:01:50.765 [info] > git status -z -uall [50ms]
2023-01-09 14:01:55.819 [info] > git config --get commit.template [5ms]
2023-01-09 14:01:55.821 [info] > git for-each-ref --format=%(refname)%00%(upstream:short)%00%(objectname)%00%(upstream:track)%00%(upstream:remotename)%00%(upstream:remoteref) refs/heads/roles-feature refs/remotes/roles-feature [3ms]
2023-01-09 14:01:55.845 [info] > git for-each-ref --sort -committerdate --format %(refname) %(objectname) %(*objectname) [13ms]
2023-01-09 14:01:55.868 [info] > git status -z -uall [44ms]
2023-01-09 14:02:00.920 [info] > git config --get commit.template [6ms]
2023-01-09 14:02:00.922 [info] > git for-each-ref --format=%(refname)%00%(upstream:short)%00%(objectname)%00%(upstream:track)%00%(upstream:remotename)%00%(upstream:remoteref) refs/heads/roles-feature refs/remotes/roles-feature [3ms]
2023-01-09 14:02:00.937 [info] > git for-each-ref --sort -committerdate --format %(refname) %(objectname) %(*objectname) [7ms]
2023-01-09 14:02:00.968 [info] > git status -z -uall [42ms]
2023-01-09 14:02:06.692 [info] > git ls-files --stage -- /home/ubuntu/roles/nginx/defaults/main.yml [3ms]
2023-01-09 14:02:06.944 [info] > git show --textconv :roles/nginx/defaults/main.yml [3ms]
2023-01-09 14:02:13.233 [info] > git ls-files --stage -- /home/ubuntu/roles/nginx/defaults/main.yml [3ms]
2023-01-09 14:02:13.238 [info] > git cat-file -s 45b2b6339eae974eb7b2c0147fe621c870dc8fde [2ms]
2023-01-09 14:02:13.483 [info] > git show --textconv :roles/nginx/defaults/main.yml [3ms]
2023-01-09 14:02:17.717 [info] > git config --get commit.template [6ms]
2023-01-09 14:02:17.719 [info] > git for-each-ref --format=%(refname)%00%(upstream:short)%00%(objectname)%00%(upstream:track)%00%(upstream:remotename)%00%(upstream:remoteref) refs/heads/roles-feature refs/remotes/roles-feature [3ms]
2023-01-09 14:02:17.734 [info] > git for-each-ref --sort -committerdate --format %(refname) %(objectname) %(*objectname) [8ms]
2023-01-09 14:02:17.770 [info] > git status -z -uall [48ms]
2023-01-09 14:02:31.663 [info] > git ls-files --stage -- /home/ubuntu/roles/nginx/defaults/main.yml [3ms]
2023-01-09 14:02:31.668 [info] > git cat-file -s 45b2b6339eae974eb7b2c0147fe621c870dc8fde [2ms]
2023-01-09 14:02:31.926 [info] > git show --textconv :roles/nginx/defaults/main.yml [3ms]
2023-01-09 14:03:38.767 [info] > git config --get commit.template [5ms]
2023-01-09 14:03:38.779 [info] > git for-each-ref --format=%(refname)%00%(upstream:short)%00%(objectname)%00%(upstream:track)%00%(upstream:remotename)%00%(upstream:remoteref) refs/heads/roles-feature refs/remotes/roles-feature [13ms]
2023-01-09 14:03:38.797 [info] > git for-each-ref --sort -committerdate --format %(refname) %(objectname) %(*objectname) [10ms]
2023-01-09 14:03:38.826 [info] > git status -z -uall [44ms]
2023-01-09 14:05:11.837 [info] > git config --get commit.template [5ms]
2023-01-09 14:05:11.839 [info] > git for-each-ref --format=%(refname)%00%(upstream:short)%00%(objectname)%00%(upstream:track)%00%(upstream:remotename)%00%(upstream:remoteref) refs/heads/roles-feature refs/remotes/roles-feature [3ms]
2023-01-09 14:05:11.857 [info] > git for-each-ref --sort -committerdate --format %(refname) %(objectname) %(*objectname) [8ms]
2023-01-09 14:05:11.886 [info] > git status -z -uall [44ms]
2023-01-09 14:06:46.299 [info] > git config --get commit.template [6ms]
2023-01-09 14:06:46.302 [info] > git for-each-ref --format=%(refname)%00%(upstream:short)%00%(objectname)%00%(upstream:track)%00%(upstream:remotename)%00%(upstream:remoteref) refs/heads/roles-feature refs/remotes/roles-feature [6ms]
2023-01-09 14:06:46.330 [info] > git for-each-ref --sort -committerdate --format %(refname) %(objectname) %(*objectname) [19ms]
2023-01-09 14:06:46.348 [info] > git status -z -uall [43ms]
2023-01-09 14:06:51.411 [info] > git config --get commit.template [6ms]
2023-01-09 14:06:51.413 [info] > git for-each-ref --format=%(refname)%00%(upstream:short)%00%(objectname)%00%(upstream:track)%00%(upstream:remotename)%00%(upstream:remoteref) refs/heads/roles-feature refs/remotes/roles-feature [3ms]
2023-01-09 14:06:51.433 [info] > git for-each-ref --sort -committerdate --format %(refname) %(objectname) %(*objectname) [10ms]
2023-01-09 14:06:51.459 [info] > git status -z -uall [42ms]
2023-01-09 14:06:56.516 [info] > git config --get commit.template [6ms]
2023-01-09 14:06:56.518 [info] > git for-each-ref --format=%(refname)%00%(upstream:short)%00%(objectname)%00%(upstream:track)%00%(upstream:remotename)%00%(upstream:remoteref) refs/heads/roles-feature refs/remotes/roles-feature [3ms]
2023-01-09 14:06:56.537 [info] > git for-each-ref --sort -committerdate --format %(refname) %(objectname) %(*objectname) [11ms]
2023-01-09 14:06:56.577 [info] > git status -z -uall [55ms]
2023-01-09 14:07:01.667 [info] > git config --get commit.template [6ms]
2023-01-09 14:07:01.669 [info] > git for-each-ref --format=%(refname)%00%(upstream:short)%00%(objectname)%00%(upstream:track)%00%(upstream:remotename)%00%(upstream:remoteref) refs/heads/roles-feature refs/remotes/roles-feature [3ms]
2023-01-09 14:07:01.691 [info] > git for-each-ref --sort -committerdate --format %(refname) %(objectname) %(*objectname) [11ms]
2023-01-09 14:07:01.716 [info] > git status -z -uall [43ms]
2023-01-09 14:07:06.767 [info] > git config --get commit.template [6ms]
2023-01-09 14:07:06.770 [info] > git for-each-ref --format=%(refname)%00%(upstream:short)%00%(objectname)%00%(upstream:track)%00%(upstream:remotename)%00%(upstream:remoteref) refs/heads/roles-feature refs/remotes/roles-feature [3ms]
2023-01-09 14:07:06.789 [info] > git for-each-ref --sort -committerdate --format %(refname) %(objectname) %(*objectname) [11ms]
2023-01-09 14:07:06.814 [info] > git status -z -uall [40ms]
2023-01-09 14:07:11.860 [info] > git config --get commit.template [6ms]
2023-01-09 14:07:11.862 [info] > git for-each-ref --format=%(refname)%00%(upstream:short)%00%(objectname)%00%(upstream:track)%00%(upstream:remotename)%00%(upstream:remoteref) refs/heads/roles-feature refs/remotes/roles-feature [3ms]
2023-01-09 14:07:11.881 [info] > git for-each-ref --sort -committerdate --format %(refname) %(objectname) %(*objectname) [11ms]
2023-01-09 14:07:11.910 [info] > git status -z -uall [45ms]
2023-01-09 14:07:16.964 [info] > git config --get commit.template [5ms]
2023-01-09 14:07:16.969 [info] > git for-each-ref --format=%(refname)%00%(upstream:short)%00%(objectname)%00%(upstream:track)%00%(upstream:remotename)%00%(upstream:remoteref) refs/heads/roles-feature refs/remotes/roles-feature [6ms]
2023-01-09 14:07:16.990 [info] > git for-each-ref --sort -committerdate --format %(refname) %(objectname) %(*objectname) [9ms]
2023-01-09 14:07:17.014 [info] > git status -z -uall [41ms]
2023-01-09 14:07:22.060 [info] > git config --get commit.template [5ms]
2023-01-09 14:07:22.063 [info] > git for-each-ref --format=%(refname)%00%(upstream:short)%00%(objectname)%00%(upstream:track)%00%(upstream:remotename)%00%(upstream:remoteref) refs/heads/roles-feature refs/remotes/roles-feature [2ms]
2023-01-09 14:07:22.085 [info] > git for-each-ref --sort -committerdate --format %(refname) %(objectname) %(*objectname) [14ms]
2023-01-09 14:07:22.108 [info] > git status -z -uall [41ms]
2023-01-09 14:07:27.158 [info] > git config --get commit.template [6ms]
2023-01-09 14:07:27.160 [info] > git for-each-ref --format=%(refname)%00%(upstream:short)%00%(objectname)%00%(upstream:track)%00%(upstream:remotename)%00%(upstream:remoteref) refs/heads/roles-feature refs/remotes/roles-feature [3ms]
2023-01-09 14:07:27.181 [info] > git for-each-ref --sort -committerdate --format %(refname) %(objectname) %(*objectname) [13ms]
2023-01-09 14:07:27.205 [info] > git status -z -uall [42ms]
2023-01-09 14:07:32.251 [info] > git config --get commit.template [5ms]
2023-01-09 14:07:32.253 [info] > git for-each-ref --format=%(refname)%00%(upstream:short)%00%(objectname)%00%(upstream:track)%00%(upstream:remotename)%00%(upstream:remoteref) refs/heads/roles-feature refs/remotes/roles-feature [3ms]
2023-01-09 14:07:32.273 [info] > git for-each-ref --sort -committerdate --format %(refname) %(objectname) %(*objectname) [12ms]
2023-01-09 14:07:32.298 [info] > git status -z -uall [42ms]
2023-01-09 14:07:37.349 [info] > git config --get commit.template [5ms]
2023-01-09 14:07:37.351 [info] > git for-each-ref --format=%(refname)%00%(upstream:short)%00%(objectname)%00%(upstream:track)%00%(upstream:remotename)%00%(upstream:remoteref) refs/heads/roles-feature refs/remotes/roles-feature [3ms]
2023-01-09 14:07:37.369 [info] > git for-each-ref --sort -committerdate --format %(refname) %(objectname) %(*objectname) [11ms]
2023-01-09 14:07:37.395 [info] > git status -z -uall [41ms]
2023-01-09 14:07:42.438 [info] > git config --get commit.template [6ms]
2023-01-09 14:07:42.440 [info] > git for-each-ref --format=%(refname)%00%(upstream:short)%00%(objectname)%00%(upstream:track)%00%(upstream:remotename)%00%(upstream:remoteref) refs/heads/roles-feature refs/remotes/roles-feature [3ms]
2023-01-09 14:07:42.461 [info] > git for-each-ref --sort -committerdate --format %(refname) %(objectname) %(*objectname) [9ms]
2023-01-09 14:07:42.488 [info] > git status -z -uall [43ms]
2023-01-09 14:07:47.538 [info] > git config --get commit.template [6ms]
2023-01-09 14:07:47.540 [info] > git for-each-ref --format=%(refname)%00%(upstream:short)%00%(objectname)%00%(upstream:track)%00%(upstream:remotename)%00%(upstream:remoteref) refs/heads/roles-feature refs/remotes/roles-feature [3ms]
2023-01-09 14:07:47.561 [info] > git for-each-ref --sort -committerdate --format %(refname) %(objectname) %(*objectname) [13ms]
2023-01-09 14:07:47.586 [info] > git status -z -uall [42ms]
2023-01-09 14:07:52.629 [info] > git config --get commit.template [5ms]
2023-01-09 14:07:52.631 [info] > git for-each-ref --format=%(refname)%00%(upstream:short)%00%(objectname)%00%(upstream:track)%00%(upstream:remotename)%00%(upstream:remoteref) refs/heads/roles-feature refs/remotes/roles-feature [2ms]
2023-01-09 14:07:52.649 [info] > git for-each-ref --sort -committerdate --format %(refname) %(objectname) %(*objectname) [10ms]
2023-01-09 14:07:52.675 [info] > git status -z -uall [40ms]
