2023-01-08 16:25:59.770 [info] Log level: Info
2023-01-08 16:25:59.772 [info] Validating found git in: "git"
2023-01-08 16:25:59.772 [info] Using git "2.34.1" from "git"
2023-01-08 16:25:59.772 [info] > git rev-parse --show-toplevel [170ms]
2023-01-08 16:25:59.773 [info] > git rev-parse --git-dir --git-common-dir [11ms]
2023-01-08 16:25:59.773 [info] Open repository: /home/ubuntu
2023-01-08 16:25:59.773 [info] > git rev-parse --show-toplevel [24ms]
2023-01-08 16:25:59.773 [info] > git config --get commit.template [35ms]
2023-01-08 16:25:59.773 [info] > git rev-parse --show-toplevel [39ms]
2023-01-08 16:25:59.773 [info] > git rev-parse --show-toplevel [2ms]
2023-01-08 16:25:59.773 [info] > git rev-parse --show-toplevel [7ms]
2023-01-08 16:25:59.773 [info] > git rev-parse --show-toplevel [1ms]
2023-01-08 16:25:59.773 [info] > git rev-parse --show-toplevel [11ms]
2023-01-08 16:25:59.774 [info] > git rev-parse --show-toplevel [2ms]
2023-01-08 16:25:59.774 [info] > git rev-parse --show-toplevel [2ms]
2023-01-08 16:25:59.774 [info] > git for-each-ref --format=%(refname)%00%(upstream:short)%00%(objectname)%00%(upstream:track)%00%(upstream:remotename)%00%(upstream:remoteref) refs/heads/roles-feature refs/remotes/roles-feature [74ms]
2023-01-08 16:25:59.774 [info] > git rev-parse --show-toplevel [30ms]
2023-01-08 16:25:59.774 [info] > git for-each-ref --sort -committerdate --format %(refname) %(objectname) %(*objectname) [19ms]
2023-01-08 16:25:59.774 [info] > git rev-parse --show-toplevel [4ms]
2023-01-08 16:25:59.774 [info] > git rev-parse --show-toplevel [1ms]
2023-01-08 16:25:59.774 [info] > git rev-parse --show-toplevel [10ms]
2023-01-08 16:25:59.774 [info] > git rev-parse --show-toplevel [7ms]
2023-01-08 16:25:59.775 [info] > git status -z -uall [563ms]
2023-01-08 16:25:59.775 [info] > git config --get commit.template [5ms]
2023-01-08 16:25:59.775 [info] > git for-each-ref --format=%(refname)%00%(upstream:short)%00%(objectname)%00%(upstream:track)%00%(upstream:remotename)%00%(upstream:remoteref) refs/heads/roles-feature refs/remotes/roles-feature [4ms]
2023-01-08 16:25:59.775 [info] > git for-each-ref --sort -committerdate --format %(refname) %(objectname) %(*objectname) [7ms]
2023-01-08 16:25:59.775 [info] > git status -z -uall [624ms]
2023-01-08 16:25:59.775 [info] > git check-ignore -v -z --stdin [145ms]
2023-01-08 16:25:59.775 [info] > git ls-files --stage -- /home/ubuntu/roles/mysql/defaults/main.yml [31ms]
2023-01-08 16:25:59.775 [info] > git show --textconv :roles/mysql/defaults/main.yml [40ms]
2023-01-08 16:25:59.775 [info] > git cat-file -s 8b0bfad792ae21968298fdc2e0be58a5863cb123 [4ms]
2023-01-08 16:26:42.311 [info] > git config --get commit.template [6ms]
2023-01-08 16:26:42.313 [info] > git for-each-ref --format=%(refname)%00%(upstream:short)%00%(objectname)%00%(upstream:track)%00%(upstream:remotename)%00%(upstream:remoteref) refs/heads/roles-feature refs/remotes/roles-feature [4ms]
2023-01-08 16:26:42.327 [info] > git for-each-ref --sort -committerdate --format %(refname) %(objectname) %(*objectname) [3ms]
2023-01-08 16:26:42.557 [info] > git status -z -uall [240ms]
