2023-01-21 22:18:28.519 [info] Extension host with pid 1136 started
2023-01-21 22:18:28.532 [error] Error: EEXIST: file already exists, open '/home/ubuntu/.vscode-server/data/User/workspaceStorage/d165b1a35fe49e71ebb7396c0c10341c/vscode.lock'
2023-01-21 22:18:28.542 [info] Lock '/home/ubuntu/.vscode-server/data/User/workspaceStorage/d165b1a35fe49e71ebb7396c0c10341c/vscode.lock': Could not acquire lock, checking if the file is stale.
2023-01-21 22:18:28.557 [info] Lock '/home/ubuntu/.vscode-server/data/User/workspaceStorage/d165b1a35fe49e71ebb7396c0c10341c/vscode.lock': The pid 1519 appears to be gone.
2023-01-21 22:18:28.557 [info] Lock '/home/ubuntu/.vscode-server/data/User/workspaceStorage/d165b1a35fe49e71ebb7396c0c10341c/vscode.lock': Deleting a stale lock.
2023-01-21 22:18:28.568 [info] Lock '/home/ubuntu/.vscode-server/data/User/workspaceStorage/d165b1a35fe49e71ebb7396c0c10341c/vscode.lock': Lock acquired.
2023-01-21 22:18:35.382 [info] ExtensionService#_doActivateExtension vscode.git-base, startup: false, activationEvent: '*', root cause: vscode.git
2023-01-21 22:18:35.798 [info] ExtensionService#_doActivateExtension vscode.git, startup: false, activationEvent: '*'
2023-01-21 22:18:35.808 [info] ExtensionService#_doActivateExtension vscode.github, startup: false, activationEvent: '*'
2023-01-21 22:18:37.704 [info] ExtensionService#_doActivateExtension vscode.debug-auto-launch, startup: false, activationEvent: 'onStartupFinished'
2023-01-21 22:18:37.705 [info] ExtensionService#_doActivateExtension vscode.emmet, startup: false, activationEvent: 'onStartupFinished'
2023-01-21 22:18:37.706 [info] ExtensionService#_doActivateExtension vscode.merge-conflict, startup: false, activationEvent: 'onStartupFinished'
2023-01-21 22:18:37.708 [info] Eager extensions activated
2023-01-21 22:18:39.033 [warning] [Decorations] CAPPING events from decorations provider vscode.git 3833
2023-01-21 22:18:41.519 [warning] [Decorations] CAPPING events from decorations provider vscode.git 3834
2023-01-21 22:18:45.923 [warning] [Decorations] CAPPING events from decorations provider vscode.git 3834
2023-01-21 22:18:51.244 [warning] [Decorations] CAPPING events from decorations provider vscode.git 3834
2023-01-21 22:18:56.992 [warning] [Decorations] CAPPING events from decorations provider vscode.git 3834
2023-01-21 22:19:02.196 [warning] [Decorations] CAPPING events from decorations provider vscode.git 3834
2023-01-21 22:19:07.340 [warning] [Decorations] CAPPING events from decorations provider vscode.git 3834
2023-01-21 22:19:12.481 [warning] [Decorations] CAPPING events from decorations provider vscode.git 3834
2023-01-21 22:19:17.628 [warning] [Decorations] CAPPING events from decorations provider vscode.git 3834
2023-01-21 22:21:39.552 [warning] [Decorations] CAPPING events from decorations provider vscode.git 3834
2023-01-21 22:21:44.694 [warning] [Decorations] CAPPING events from decorations provider vscode.git 3834
2023-01-21 22:22:04.368 [info] Extension host terminating: received terminate message from renderer
2023-01-21 22:22:04.369 [info] Lock '/home/ubuntu/.vscode-server/data/User/workspaceStorage/d165b1a35fe49e71ebb7396c0c10341c/vscode.lock': Marking the lockfile as scheduled to be released in 6000 ms.
2023-01-21 22:22:04.401 [info] Extension host with pid 1136 exiting with code 0
