2023-01-21 22:22:50.159 [info] Log level: Info
2023-01-21 22:22:50.160 [info] Validating found git in: "git"
2023-01-21 22:22:50.160 [info] Using git "2.34.1" from "git"
2023-01-21 22:22:50.160 [info] > git rev-parse --show-toplevel [149ms]
2023-01-21 22:22:50.160 [info] > git rev-parse --git-dir --git-common-dir [4ms]
2023-01-21 22:22:50.160 [info] Open repository: /home/ubuntu
2023-01-21 22:22:50.160 [info] > git rev-parse --show-toplevel [9ms]
2023-01-21 22:22:50.160 [info] > git config --get commit.template [18ms]
2023-01-21 22:22:50.160 [info] > git rev-parse --show-toplevel [21ms]
2023-01-21 22:22:50.160 [info] > git for-each-ref --format=%(refname)%00%(upstream:short)%00%(objectname)%00%(upstream:track)%00%(upstream:remotename)%00%(upstream:remoteref) refs/heads/roles-feature refs/remotes/roles-feature [7ms]
2023-01-21 22:22:50.161 [info] > git rev-parse --show-toplevel [27ms]
2023-01-21 22:22:50.161 [info] > git for-each-ref --sort -committerdate --format %(refname) %(objectname) %(*objectname) [13ms]
2023-01-21 22:22:50.161 [info] > git rev-parse --show-toplevel [5ms]
2023-01-21 22:22:50.161 [info] > git rev-parse --show-toplevel [5ms]
2023-01-21 22:22:50.161 [info] > git rev-parse --show-toplevel [7ms]
2023-01-21 22:22:50.161 [info] > git rev-parse --show-toplevel [4ms]
2023-01-21 22:22:50.161 [info] > git rev-parse --show-toplevel [2ms]
2023-01-21 22:22:50.161 [info] > git rev-parse --show-toplevel [3ms]
2023-01-21 22:22:50.161 [info] > git rev-parse --show-toplevel [3ms]
2023-01-21 22:22:50.161 [info] > git rev-parse --show-toplevel [4ms]
2023-01-21 22:22:50.161 [info] > git rev-parse --show-toplevel [5ms]
2023-01-21 22:22:50.161 [info] > git status -z -uall [158ms]
2023-01-21 22:22:50.161 [info] > git rev-parse --show-toplevel [1547ms]
2023-01-21 22:22:50.161 [info] > git config --get commit.template [74ms]
2023-01-21 22:22:50.161 [info] > git for-each-ref --format=%(refname)%00%(upstream:short)%00%(objectname)%00%(upstream:track)%00%(upstream:remotename)%00%(upstream:remoteref) refs/heads/roles-feature refs/remotes/roles-feature [2ms]
2023-01-21 22:22:50.161 [info] > git status -z -uall [225ms]
2023-01-21 22:22:50.161 [info] > git for-each-ref --sort -committerdate --format %(refname) %(objectname) %(*objectname) [221ms]
2023-01-21 22:22:50.161 [info] > git check-ignore -v -z --stdin [10ms]
2023-01-21 22:22:50.161 [info] > git show --textconv :roles/nginx/defaults/main.yml [9ms]
2023-01-21 22:22:50.161 [info] > git ls-files --stage -- /home/ubuntu/roles/nginx/defaults/main.yml [9ms]
2023-01-21 22:22:50.162 [info] > git cat-file -s 45b2b6339eae974eb7b2c0147fe621c870dc8fde [6ms]
2023-01-21 22:23:14.491 [info] > git config --get commit.template [10ms]
2023-01-21 22:23:14.496 [info] > git for-each-ref --format=%(refname)%00%(upstream:short)%00%(objectname)%00%(upstream:track)%00%(upstream:remotename)%00%(upstream:remoteref) refs/heads/roles-feature refs/remotes/roles-feature [6ms]
2023-01-21 22:23:14.527 [info] > git for-each-ref --sort -committerdate --format %(refname) %(objectname) %(*objectname) [14ms]
2023-01-21 22:23:14.618 [info] > git status -z -uall [113ms]
2023-01-21 22:23:19.779 [info] > git config --get commit.template [6ms]
2023-01-21 22:23:19.786 [info] > git for-each-ref --format=%(refname)%00%(upstream:short)%00%(objectname)%00%(upstream:track)%00%(upstream:remotename)%00%(upstream:remoteref) refs/heads/roles-feature refs/remotes/roles-feature [8ms]
2023-01-21 22:23:19.816 [info] > git for-each-ref --sort -committerdate --format %(refname) %(objectname) %(*objectname) [13ms]
2023-01-21 22:23:19.908 [info] > git status -z -uall [115ms]
2023-01-21 22:24:12.714 [info] > git config --get commit.template [13ms]
2023-01-21 22:24:12.717 [info] > git for-each-ref --format=%(refname)%00%(upstream:short)%00%(objectname)%00%(upstream:track)%00%(upstream:remotename)%00%(upstream:remoteref) refs/heads/roles-feature refs/remotes/roles-feature [4ms]
2023-01-21 22:24:12.748 [info] > git for-each-ref --sort -committerdate --format %(refname) %(objectname) %(*objectname) [15ms]
2023-01-21 22:24:12.824 [info] > git status -z -uall [99ms]
2023-01-21 22:25:16.784 [info] > git config --get commit.template [10ms]
2023-01-21 22:25:16.788 [info] > git for-each-ref --format=%(refname)%00%(upstream:short)%00%(objectname)%00%(upstream:track)%00%(upstream:remotename)%00%(upstream:remoteref) refs/heads/roles-feature refs/remotes/roles-feature [6ms]
2023-01-21 22:25:16.816 [info] > git for-each-ref --sort -committerdate --format %(refname) %(objectname) %(*objectname) [14ms]
2023-01-21 22:25:16.902 [info] > git status -z -uall [105ms]
2023-01-21 22:25:22.052 [info] > git config --get commit.template [9ms]
2023-01-21 22:25:22.056 [info] > git for-each-ref --format=%(refname)%00%(upstream:short)%00%(objectname)%00%(upstream:track)%00%(upstream:remotename)%00%(upstream:remoteref) refs/heads/roles-feature refs/remotes/roles-feature [6ms]
2023-01-21 22:25:22.084 [info] > git for-each-ref --sort -committerdate --format %(refname) %(objectname) %(*objectname) [14ms]
2023-01-21 22:25:22.168 [info] > git status -z -uall [103ms]
2023-01-21 22:25:29.071 [info] > git config --get commit.template [8ms]
2023-01-21 22:25:29.076 [info] > git for-each-ref --format=%(refname)%00%(upstream:short)%00%(objectname)%00%(upstream:track)%00%(upstream:remotename)%00%(upstream:remoteref) refs/heads/roles-feature refs/remotes/roles-feature [7ms]
2023-01-21 22:25:29.108 [info] > git for-each-ref --sort -committerdate --format %(refname) %(objectname) %(*objectname) [15ms]
2023-01-21 22:25:29.181 [info] > git status -z -uall [95ms]
2023-01-21 22:25:34.320 [info] > git config --get commit.template [9ms]
2023-01-21 22:25:34.325 [info] > git for-each-ref --format=%(refname)%00%(upstream:short)%00%(objectname)%00%(upstream:track)%00%(upstream:remotename)%00%(upstream:remoteref) refs/heads/roles-feature refs/remotes/roles-feature [7ms]
2023-01-21 22:25:34.353 [info] > git for-each-ref --sort -committerdate --format %(refname) %(objectname) %(*objectname) [12ms]
2023-01-21 22:25:34.429 [info] > git status -z -uall [96ms]
2023-01-21 22:26:13.066 [info] > git config --get commit.template [7ms]
2023-01-21 22:26:13.072 [info] > git for-each-ref --format=%(refname)%00%(upstream:short)%00%(objectname)%00%(upstream:track)%00%(upstream:remotename)%00%(upstream:remoteref) refs/heads/roles-feature refs/remotes/roles-feature [8ms]
2023-01-21 22:26:13.099 [info] > git for-each-ref --sort -committerdate --format %(refname) %(objectname) %(*objectname) [14ms]
2023-01-21 22:26:13.184 [info] > git status -z -uall [106ms]
2023-01-21 22:26:18.324 [info] > git config --get commit.template [6ms]
2023-01-21 22:26:18.329 [info] > git for-each-ref --format=%(refname)%00%(upstream:short)%00%(objectname)%00%(upstream:track)%00%(upstream:remotename)%00%(upstream:remoteref) refs/heads/roles-feature refs/remotes/roles-feature [6ms]
2023-01-21 22:26:18.356 [info] > git for-each-ref --sort -committerdate --format %(refname) %(objectname) %(*objectname) [11ms]
2023-01-21 22:26:18.435 [info] > git status -z -uall [94ms]
2023-01-21 22:26:23.558 [info] > git config --get commit.template [8ms]
2023-01-21 22:26:23.564 [info] > git for-each-ref --format=%(refname)%00%(upstream:short)%00%(objectname)%00%(upstream:track)%00%(upstream:remotename)%00%(upstream:remoteref) refs/heads/roles-feature refs/remotes/roles-feature [7ms]
2023-01-21 22:26:23.596 [info] > git for-each-ref --sort -committerdate --format %(refname) %(objectname) %(*objectname) [18ms]
2023-01-21 22:26:23.671 [info] > git status -z -uall [98ms]
2023-01-21 22:26:28.804 [info] > git config --get commit.template [8ms]
2023-01-21 22:26:28.809 [info] > git for-each-ref --format=%(refname)%00%(upstream:short)%00%(objectname)%00%(upstream:track)%00%(upstream:remotename)%00%(upstream:remoteref) refs/heads/roles-feature refs/remotes/roles-feature [7ms]
2023-01-21 22:26:28.844 [info] > git for-each-ref --sort -committerdate --format %(refname) %(objectname) %(*objectname) [11ms]
2023-01-21 22:26:28.919 [info] > git status -z -uall [101ms]
2023-01-21 22:26:34.056 [info] > git config --get commit.template [9ms]
2023-01-21 22:26:34.060 [info] > git for-each-ref --format=%(refname)%00%(upstream:short)%00%(objectname)%00%(upstream:track)%00%(upstream:remotename)%00%(upstream:remoteref) refs/heads/roles-feature refs/remotes/roles-feature [5ms]
2023-01-21 22:26:34.092 [info] > git for-each-ref --sort -committerdate --format %(refname) %(objectname) %(*objectname) [17ms]
2023-01-21 22:26:34.174 [info] > git status -z -uall [105ms]
2023-01-21 22:26:39.300 [info] > git config --get commit.template [8ms]
2023-01-21 22:26:39.308 [info] > git for-each-ref --format=%(refname)%00%(upstream:short)%00%(objectname)%00%(upstream:track)%00%(upstream:remotename)%00%(upstream:remoteref) refs/heads/roles-feature refs/remotes/roles-feature [9ms]
2023-01-21 22:26:39.332 [info] > git for-each-ref --sort -committerdate --format %(refname) %(objectname) %(*objectname) [10ms]
2023-01-21 22:26:39.417 [info] > git status -z -uall [104ms]
2023-01-21 22:31:08.111 [info] > git config --get commit.template [9ms]
2023-01-21 22:31:08.116 [info] > git for-each-ref --format=%(refname)%00%(upstream:short)%00%(objectname)%00%(upstream:track)%00%(upstream:remotename)%00%(upstream:remoteref) refs/heads/roles-feature refs/remotes/roles-feature [7ms]
2023-01-21 22:31:08.152 [info] > git for-each-ref --sort -committerdate --format %(refname) %(objectname) %(*objectname) [19ms]
2023-01-21 22:31:08.234 [info] > git status -z -uall [106ms]
2023-01-21 22:31:13.381 [info] > git config --get commit.template [10ms]
2023-01-21 22:31:13.388 [info] > git for-each-ref --format=%(refname)%00%(upstream:short)%00%(objectname)%00%(upstream:track)%00%(upstream:remotename)%00%(upstream:remoteref) refs/heads/roles-feature refs/remotes/roles-feature [8ms]
2023-01-21 22:31:13.418 [info] > git for-each-ref --sort -committerdate --format %(refname) %(objectname) %(*objectname) [12ms]
2023-01-21 22:31:13.496 [info] > git status -z -uall [99ms]
2023-01-21 22:31:29.999 [info] > git config --get commit.template [8ms]
2023-01-21 22:31:30.005 [info] > git for-each-ref --format=%(refname)%00%(upstream:short)%00%(objectname)%00%(upstream:track)%00%(upstream:remotename)%00%(upstream:remoteref) refs/heads/roles-feature refs/remotes/roles-feature [8ms]
2023-01-21 22:31:30.036 [info] > git for-each-ref --sort -committerdate --format %(refname) %(objectname) %(*objectname) [13ms]
2023-01-21 22:31:30.118 [info] > git status -z -uall [104ms]
2023-01-21 22:35:53.985 [info] > git config --get commit.template [11ms]
2023-01-21 22:35:53.993 [info] > git for-each-ref --format=%(refname)%00%(upstream:short)%00%(objectname)%00%(upstream:track)%00%(upstream:remotename)%00%(upstream:remoteref) refs/heads/roles-feature refs/remotes/roles-feature [9ms]
2023-01-21 22:35:54.108 [info] > git for-each-ref --sort -committerdate --format %(refname) %(objectname) %(*objectname) [98ms]
2023-01-21 22:35:54.224 [info] > git status -z -uall [223ms]
2023-01-21 22:35:55.589 [info] > git check-ignore -v -z --stdin [42ms]
2023-01-21 22:35:59.402 [info] > git config --get commit.template [8ms]
2023-01-21 22:35:59.408 [info] > git for-each-ref --format=%(refname)%00%(upstream:short)%00%(objectname)%00%(upstream:track)%00%(upstream:remotename)%00%(upstream:remoteref) refs/heads/roles-feature refs/remotes/roles-feature [6ms]
2023-01-21 22:35:59.440 [info] > git for-each-ref --sort -committerdate --format %(refname) %(objectname) %(*objectname) [17ms]
2023-01-21 22:35:59.522 [info] > git status -z -uall [107ms]
