2023-01-08 17:10:26.301 [info] Log level: Info
2023-01-08 17:10:26.302 [info] Validating found git in: "git"
2023-01-08 17:10:26.302 [info] Using git "2.34.1" from "git"
2023-01-08 17:10:26.302 [info] > git rev-parse --show-toplevel [96ms]
2023-01-08 17:10:26.302 [info] > git rev-parse --git-dir --git-common-dir [6ms]
2023-01-08 17:10:26.302 [info] Open repository: /home/ubuntu
2023-01-08 17:10:26.302 [info] > git rev-parse --show-toplevel [13ms]
2023-01-08 17:10:26.303 [info] > git rev-parse --show-toplevel [9ms]
2023-01-08 17:10:26.303 [info] > git config --get commit.template [23ms]
2023-01-08 17:10:26.303 [info] > git rev-parse --show-toplevel [3ms]
2023-01-08 17:10:26.303 [info] > git rev-parse --show-toplevel [2ms]
2023-01-08 17:10:26.303 [info] > git rev-parse --show-toplevel [2ms]
2023-01-08 17:10:26.303 [info] > git rev-parse --show-toplevel [3ms]
2023-01-08 17:10:26.304 [info] > git rev-parse --show-toplevel [2ms]
2023-01-08 17:10:26.304 [info] > git rev-parse --show-toplevel [1ms]
2023-01-08 17:10:26.304 [info] > git rev-parse --show-toplevel [2ms]
2023-01-08 17:10:26.304 [info] > git for-each-ref --format=%(refname)%00%(upstream:short)%00%(objectname)%00%(upstream:track)%00%(upstream:remotename)%00%(upstream:remoteref) refs/heads/roles-feature refs/remotes/roles-feature [42ms]
2023-01-08 17:10:26.304 [info] > git rev-parse --show-toplevel [10ms]
2023-01-08 17:10:26.304 [info] > git for-each-ref --sort -committerdate --format %(refname) %(objectname) %(*objectname) [14ms]
2023-01-08 17:10:26.304 [info] > git rev-parse --show-toplevel [4ms]
2023-01-08 17:10:26.304 [info] > git rev-parse --show-toplevel [4ms]
2023-01-08 17:10:26.304 [info] > git rev-parse --show-toplevel [1ms]
2023-01-08 17:10:26.304 [info] > git status -z -uall [47ms]
2023-01-08 17:10:26.305 [info] > git config --get commit.template [6ms]
2023-01-08 17:10:26.305 [info] > git for-each-ref --format=%(refname)%00%(upstream:short)%00%(objectname)%00%(upstream:track)%00%(upstream:remotename)%00%(upstream:remoteref) refs/heads/roles-feature refs/remotes/roles-feature [3ms]
2023-01-08 17:10:26.305 [info] > git for-each-ref --sort -committerdate --format %(refname) %(objectname) %(*objectname) [2ms]
2023-01-08 17:10:26.305 [info] > git status -z -uall [540ms]
2023-01-08 17:10:26.305 [info] > git check-ignore -v -z --stdin [3ms]
2023-01-08 17:10:26.305 [info] > git show --textconv :roles/mysql/defaults/main.yml [29ms]
2023-01-08 17:10:26.305 [info] > git ls-files --stage -- /home/ubuntu/roles/mysql/defaults/main.yml [25ms]
2023-01-08 17:10:26.305 [info] > git cat-file -s 8b0bfad792ae21968298fdc2e0be58a5863cb123 [3ms]
2023-01-08 17:10:27.678 [info] > git config --get commit.template [6ms]
2023-01-08 17:10:27.680 [info] > git for-each-ref --format=%(refname)%00%(upstream:short)%00%(objectname)%00%(upstream:track)%00%(upstream:remotename)%00%(upstream:remoteref) refs/heads/roles-feature refs/remotes/roles-feature [3ms]
2023-01-08 17:10:27.694 [info] > git for-each-ref --sort -committerdate --format %(refname) %(objectname) %(*objectname) [2ms]
2023-01-08 17:10:27.712 [info] > git status -z -uall [27ms]
2023-01-08 17:10:29.751 [info] > git check-ignore -v -z --stdin [3ms]
2023-01-08 17:10:52.565 [info] > git config --get commit.template [6ms]
2023-01-08 17:10:52.568 [info] > git for-each-ref --format=%(refname)%00%(upstream:short)%00%(objectname)%00%(upstream:track)%00%(upstream:remotename)%00%(upstream:remoteref) refs/heads/roles-feature refs/remotes/roles-feature [3ms]
2023-01-08 17:10:52.580 [info] > git for-each-ref --sort -committerdate --format %(refname) %(objectname) %(*objectname) [4ms]
2023-01-08 17:10:52.600 [info] > git status -z -uall [29ms]
2023-01-08 17:10:57.660 [info] > git config --get commit.template [6ms]
2023-01-08 17:10:57.662 [info] > git for-each-ref --format=%(refname)%00%(upstream:short)%00%(objectname)%00%(upstream:track)%00%(upstream:remotename)%00%(upstream:remoteref) refs/heads/roles-feature refs/remotes/roles-feature [4ms]
2023-01-08 17:10:57.675 [info] > git for-each-ref --sort -committerdate --format %(refname) %(objectname) %(*objectname) [3ms]
2023-01-08 17:10:57.690 [info] > git status -z -uall [25ms]
2023-01-08 17:11:02.756 [info] > git config --get commit.template [6ms]
2023-01-08 17:11:02.758 [info] > git for-each-ref --format=%(refname)%00%(upstream:short)%00%(objectname)%00%(upstream:track)%00%(upstream:remotename)%00%(upstream:remoteref) refs/heads/roles-feature refs/remotes/roles-feature [3ms]
2023-01-08 17:11:02.771 [info] > git for-each-ref --sort -committerdate --format %(refname) %(objectname) %(*objectname) [3ms]
2023-01-08 17:11:02.787 [info] > git status -z -uall [26ms]
2023-01-08 17:11:07.833 [info] > git config --get commit.template [6ms]
2023-01-08 17:11:07.835 [info] > git for-each-ref --format=%(refname)%00%(upstream:short)%00%(objectname)%00%(upstream:track)%00%(upstream:remotename)%00%(upstream:remoteref) refs/heads/roles-feature refs/remotes/roles-feature [3ms]
2023-01-08 17:11:07.852 [info] > git for-each-ref --sort -committerdate --format %(refname) %(objectname) %(*objectname) [2ms]
2023-01-08 17:11:07.866 [info] > git status -z -uall [27ms]
2023-01-08 17:11:12.922 [info] > git config --get commit.template [5ms]
2023-01-08 17:11:12.924 [info] > git for-each-ref --format=%(refname)%00%(upstream:short)%00%(objectname)%00%(upstream:track)%00%(upstream:remotename)%00%(upstream:remoteref) refs/heads/roles-feature refs/remotes/roles-feature [3ms]
2023-01-08 17:11:12.938 [info] > git for-each-ref --sort -committerdate --format %(refname) %(objectname) %(*objectname) [2ms]
2023-01-08 17:11:12.953 [info] > git status -z -uall [25ms]
2023-01-08 17:11:18.004 [info] > git config --get commit.template [9ms]
2023-01-08 17:11:18.009 [info] > git for-each-ref --format=%(refname)%00%(upstream:short)%00%(objectname)%00%(upstream:track)%00%(upstream:remotename)%00%(upstream:remoteref) refs/heads/roles-feature refs/remotes/roles-feature [9ms]
2023-01-08 17:11:18.033 [info] > git for-each-ref --sort -committerdate --format %(refname) %(objectname) %(*objectname) [6ms]
2023-01-08 17:11:18.068 [info] > git status -z -uall [53ms]
2023-01-08 17:11:23.164 [info] > git config --get commit.template [10ms]
2023-01-08 17:11:23.168 [info] > git for-each-ref --format=%(refname)%00%(upstream:short)%00%(objectname)%00%(upstream:track)%00%(upstream:remotename)%00%(upstream:remoteref) refs/heads/roles-feature refs/remotes/roles-feature [9ms]
2023-01-08 17:11:23.187 [info] > git for-each-ref --sort -committerdate --format %(refname) %(objectname) %(*objectname) [6ms]
2023-01-08 17:11:23.204 [info] > git status -z -uall [30ms]
