2023-01-22 23:27:01.925 [info] Log level: Info
2023-01-22 23:27:01.925 [info] Validating found git in: "git"
2023-01-22 23:27:01.925 [info] Using git "2.34.1" from "git"
2023-01-22 23:27:01.925 [info] > git rev-parse --show-toplevel [201ms]
2023-01-22 23:27:01.925 [info] > git rev-parse --git-dir --git-common-dir [11ms]
2023-01-22 23:27:01.925 [info] Open repository: /home/ubuntu
2023-01-22 23:27:01.927 [info] > git rev-parse --show-toplevel [16ms]
2023-01-22 23:27:01.927 [info] > git config --get commit.template [33ms]
2023-01-22 23:27:01.927 [info] > git rev-parse --show-toplevel [29ms]
2023-01-22 23:27:01.930 [info] > git rev-parse --show-toplevel [8ms]
2023-01-22 23:27:01.930 [info] > git rev-parse --show-toplevel [5ms]
2023-01-22 23:27:01.930 [info] > git rev-parse --show-toplevel [7ms]
2023-01-22 23:27:01.930 [info] > git for-each-ref --format=%(refname)%00%(upstream:short)%00%(objectname)%00%(upstream:track)%00%(upstream:remotename)%00%(upstream:remoteref) refs/heads/roles-feature refs/remotes/roles-feature [64ms]
2023-01-22 23:27:01.930 [info] > git rev-parse --show-toplevel [58ms]
2023-01-22 23:27:01.930 [info] > git for-each-ref --sort -committerdate --format %(refname) %(objectname) %(*objectname) [39ms]
2023-01-22 23:27:01.930 [info] > git rev-parse --show-toplevel [28ms]
2023-01-22 23:27:01.930 [info] > git status -z -uall [660ms]
2023-01-22 23:27:01.930 [info] > git rev-parse --show-toplevel [488ms]
2023-01-22 23:27:01.931 [info] > git rev-parse --show-toplevel [2437ms]
2023-01-22 23:27:01.931 [info] > git config --get commit.template [191ms]
2023-01-22 23:27:01.931 [info] > git rev-parse --show-toplevel [105ms]
2023-01-22 23:27:01.931 [info] > git rev-parse --show-toplevel [38ms]
2023-01-22 23:27:01.931 [info] > git for-each-ref --format=%(refname)%00%(upstream:short)%00%(objectname)%00%(upstream:track)%00%(upstream:remotename)%00%(upstream:remoteref) refs/heads/roles-feature refs/remotes/roles-feature [26ms]
2023-01-22 23:27:01.931 [info] > git rev-parse --show-toplevel [51ms]
2023-01-22 23:27:01.931 [info] > git for-each-ref --sort -committerdate --format %(refname) %(objectname) %(*objectname) [55ms]
2023-01-22 23:27:01.931 [info] > git rev-parse --show-toplevel [26ms]
2023-01-22 23:27:01.931 [info] > git status -z -uall [280ms]
2023-01-22 23:27:01.931 [info] > git check-ignore -v -z --stdin [1948ms]
2023-01-22 23:27:01.932 [info] > git show --textconv :env-vars/uat.yml [55ms]
2023-01-22 23:27:01.932 [info] > git ls-files --stage -- /home/ubuntu/env-vars/uat.yml [14ms]
2023-01-22 23:27:01.958 [info] > git cat-file -s e69de29bb2d1d6434b8b29ae775ad8c2e48c5391 [10ms]
2023-01-22 23:27:04.825 [info] > git config --get commit.template [15ms]
2023-01-22 23:27:04.832 [info] > git for-each-ref --format=%(refname)%00%(upstream:short)%00%(objectname)%00%(upstream:track)%00%(upstream:remotename)%00%(upstream:remoteref) refs/heads/roles-feature refs/remotes/roles-feature [8ms]
2023-01-22 23:27:04.884 [info] > git for-each-ref --sort -committerdate --format %(refname) %(objectname) %(*objectname) [30ms]
2023-01-22 23:27:04.972 [info] > git status -z -uall [131ms]
2023-01-22 23:27:08.571 [info] > git show --textconv :static-assignments/db.yml [6ms]
2023-01-22 23:27:08.575 [info] > git ls-files --stage -- /home/ubuntu/static-assignments/db.yml [4ms]
2023-01-22 23:27:09.448 [info] > git check-ignore -v -z --stdin [3ms]
2023-01-22 23:27:10.164 [info] > git config --get commit.template [5ms]
2023-01-22 23:27:10.166 [info] > git for-each-ref --format=%(refname)%00%(upstream:short)%00%(objectname)%00%(upstream:track)%00%(upstream:remotename)%00%(upstream:remoteref) refs/heads/roles-feature refs/remotes/roles-feature [3ms]
2023-01-22 23:27:10.188 [info] > git for-each-ref --sort -committerdate --format %(refname) %(objectname) %(*objectname) [14ms]
2023-01-22 23:27:10.228 [info] > git status -z -uall [59ms]
2023-01-22 23:27:20.221 [info] > git config --get commit.template [7ms]
2023-01-22 23:27:20.224 [info] > git for-each-ref --format=%(refname)%00%(upstream:short)%00%(objectname)%00%(upstream:track)%00%(upstream:remotename)%00%(upstream:remoteref) refs/heads/roles-feature refs/remotes/roles-feature [4ms]
2023-01-22 23:27:20.244 [info] > git for-each-ref --sort -committerdate --format %(refname) %(objectname) %(*objectname) [13ms]
2023-01-22 23:27:20.282 [info] > git status -z -uall [55ms]
2023-01-22 23:27:25.371 [info] > git config --get commit.template [6ms]
2023-01-22 23:27:25.373 [info] > git for-each-ref --format=%(refname)%00%(upstream:short)%00%(objectname)%00%(upstream:track)%00%(upstream:remotename)%00%(upstream:remoteref) refs/heads/roles-feature refs/remotes/roles-feature [4ms]
2023-01-22 23:27:25.396 [info] > git for-each-ref --sort -committerdate --format %(refname) %(objectname) %(*objectname) [15ms]
2023-01-22 23:27:25.432 [info] > git status -z -uall [56ms]
2023-01-22 23:29:56.803 [info] > git config --get commit.template [5ms]
2023-01-22 23:29:56.806 [info] > git for-each-ref --format=%(refname)%00%(upstream:short)%00%(objectname)%00%(upstream:track)%00%(upstream:remotename)%00%(upstream:remoteref) refs/heads/roles-feature refs/remotes/roles-feature [3ms]
2023-01-22 23:29:56.824 [info] > git for-each-ref --sort -committerdate --format %(refname) %(objectname) %(*objectname) [11ms]
2023-01-22 23:29:56.871 [info] > git status -z -uall [62ms]
2023-01-22 23:30:01.967 [info] > git config --get commit.template [13ms]
2023-01-22 23:30:01.970 [info] > git for-each-ref --format=%(refname)%00%(upstream:short)%00%(objectname)%00%(upstream:track)%00%(upstream:remotename)%00%(upstream:remoteref) refs/heads/roles-feature refs/remotes/roles-feature [5ms]
2023-01-22 23:30:02.032 [info] > git for-each-ref --sort -committerdate --format %(refname) %(objectname) %(*objectname) [26ms]
2023-01-22 23:30:02.137 [info] > git status -z -uall [161ms]
2023-01-22 23:30:07.225 [info] > git config --get commit.template [6ms]
2023-01-22 23:30:07.227 [info] > git for-each-ref --format=%(refname)%00%(upstream:short)%00%(objectname)%00%(upstream:track)%00%(upstream:remotename)%00%(upstream:remoteref) refs/heads/roles-feature refs/remotes/roles-feature [3ms]
2023-01-22 23:30:07.248 [info] > git for-each-ref --sort -committerdate --format %(refname) %(objectname) %(*objectname) [8ms]
2023-01-22 23:30:07.287 [info] > git status -z -uall [56ms]
2023-01-22 23:30:12.376 [info] > git config --get commit.template [6ms]
2023-01-22 23:30:12.378 [info] > git for-each-ref --format=%(refname)%00%(upstream:short)%00%(objectname)%00%(upstream:track)%00%(upstream:remotename)%00%(upstream:remoteref) refs/heads/roles-feature refs/remotes/roles-feature [3ms]
2023-01-22 23:30:12.401 [info] > git for-each-ref --sort -committerdate --format %(refname) %(objectname) %(*objectname) [11ms]
2023-01-22 23:30:12.439 [info] > git status -z -uall [57ms]
2023-01-22 23:30:31.722 [info] > git config --get commit.template [5ms]
2023-01-22 23:30:31.724 [info] > git for-each-ref --format=%(refname)%00%(upstream:short)%00%(objectname)%00%(upstream:track)%00%(upstream:remotename)%00%(upstream:remoteref) refs/heads/roles-feature refs/remotes/roles-feature [4ms]
2023-01-22 23:30:31.744 [info] > git for-each-ref --sort -committerdate --format %(refname) %(objectname) %(*objectname) [13ms]
2023-01-22 23:30:31.789 [info] > git status -z -uall [61ms]
2023-01-22 23:30:36.872 [info] > git config --get commit.template [6ms]
2023-01-22 23:30:36.876 [info] > git for-each-ref --format=%(refname)%00%(upstream:short)%00%(objectname)%00%(upstream:track)%00%(upstream:remotename)%00%(upstream:remoteref) refs/heads/roles-feature refs/remotes/roles-feature [4ms]
2023-01-22 23:30:36.897 [info] > git for-each-ref --sort -committerdate --format %(refname) %(objectname) %(*objectname) [9ms]
2023-01-22 23:30:36.934 [info] > git status -z -uall [55ms]
2023-01-22 23:30:39.880 [info] > git check-ignore -v -z --stdin [3ms]
2023-01-22 23:30:42.015 [info] > git config --get commit.template [6ms]
2023-01-22 23:30:42.017 [info] > git for-each-ref --format=%(refname)%00%(upstream:short)%00%(objectname)%00%(upstream:track)%00%(upstream:remotename)%00%(upstream:remoteref) refs/heads/roles-feature refs/remotes/roles-feature [3ms]
2023-01-22 23:30:42.040 [info] > git for-each-ref --sort -committerdate --format %(refname) %(objectname) %(*objectname) [14ms]
2023-01-22 23:30:42.078 [info] > git status -z -uall [57ms]
2023-01-22 23:30:46.131 [info] > git show --textconv :inventory/uat.yml [7ms]
2023-01-22 23:30:46.133 [info] > git ls-files --stage -- /home/ubuntu/inventory/uat.yml [5ms]
2023-01-22 23:30:46.138 [info] > git cat-file -s 1502ad34f1b01ee1ac0a147db4963cd58cda1196 [2ms]
2023-01-22 23:30:47.154 [info] > git config --get commit.template [6ms]
2023-01-22 23:30:47.156 [info] > git for-each-ref --format=%(refname)%00%(upstream:short)%00%(objectname)%00%(upstream:track)%00%(upstream:remotename)%00%(upstream:remoteref) refs/heads/roles-feature refs/remotes/roles-feature [3ms]
2023-01-22 23:30:47.176 [info] > git for-each-ref --sort -committerdate --format %(refname) %(objectname) %(*objectname) [10ms]
2023-01-22 23:30:47.221 [info] > git status -z -uall [61ms]
2023-01-22 23:31:51.658 [info] > git config --get commit.template [6ms]
2023-01-22 23:31:51.662 [info] > git for-each-ref --format=%(refname)%00%(upstream:short)%00%(objectname)%00%(upstream:track)%00%(upstream:remotename)%00%(upstream:remoteref) refs/heads/roles-feature refs/remotes/roles-feature [5ms]
2023-01-22 23:31:51.677 [info] > git for-each-ref --sort -committerdate --format %(refname) %(objectname) %(*objectname) [7ms]
2023-01-22 23:31:51.727 [info] > git status -z -uall [61ms]
2023-01-22 23:31:56.817 [info] > git config --get commit.template [6ms]
2023-01-22 23:31:56.820 [info] > git for-each-ref --format=%(refname)%00%(upstream:short)%00%(objectname)%00%(upstream:track)%00%(upstream:remotename)%00%(upstream:remoteref) refs/heads/roles-feature refs/remotes/roles-feature [4ms]
2023-01-22 23:31:56.840 [info] > git for-each-ref --sort -committerdate --format %(refname) %(objectname) %(*objectname) [8ms]
2023-01-22 23:31:56.883 [info] > git status -z -uall [60ms]
2023-01-22 23:32:01.959 [info] > git config --get commit.template [6ms]
2023-01-22 23:32:01.962 [info] > git for-each-ref --format=%(refname)%00%(upstream:short)%00%(objectname)%00%(upstream:track)%00%(upstream:remotename)%00%(upstream:remoteref) refs/heads/roles-feature refs/remotes/roles-feature [3ms]
2023-01-22 23:32:01.984 [info] > git for-each-ref --sort -committerdate --format %(refname) %(objectname) %(*objectname) [13ms]
2023-01-22 23:32:02.024 [info] > git status -z -uall [58ms]
2023-01-22 23:32:07.121 [info] > git config --get commit.template [6ms]
2023-01-22 23:32:07.123 [info] > git for-each-ref --format=%(refname)%00%(upstream:short)%00%(objectname)%00%(upstream:track)%00%(upstream:remotename)%00%(upstream:remoteref) refs/heads/roles-feature refs/remotes/roles-feature [4ms]
2023-01-22 23:32:07.148 [info] > git for-each-ref --sort -committerdate --format %(refname) %(objectname) %(*objectname) [14ms]
2023-01-22 23:32:07.185 [info] > git status -z -uall [55ms]
2023-01-22 23:32:12.260 [info] > git config --get commit.template [5ms]
2023-01-22 23:32:12.262 [info] > git for-each-ref --format=%(refname)%00%(upstream:short)%00%(objectname)%00%(upstream:track)%00%(upstream:remotename)%00%(upstream:remoteref) refs/heads/roles-feature refs/remotes/roles-feature [3ms]
2023-01-22 23:32:12.284 [info] > git for-each-ref --sort -committerdate --format %(refname) %(objectname) %(*objectname) [13ms]
2023-01-22 23:32:12.322 [info] > git status -z -uall [55ms]
2023-01-22 23:32:17.402 [info] > git config --get commit.template [10ms]
2023-01-22 23:32:17.404 [info] > git for-each-ref --format=%(refname)%00%(upstream:short)%00%(objectname)%00%(upstream:track)%00%(upstream:remotename)%00%(upstream:remoteref) refs/heads/roles-feature refs/remotes/roles-feature [7ms]
2023-01-22 23:32:17.424 [info] > git for-each-ref --sort -committerdate --format %(refname) %(objectname) %(*objectname) [11ms]
2023-01-22 23:32:17.462 [info] > git status -z -uall [54ms]
2023-01-22 23:34:04.949 [info] > git config --get commit.template [5ms]
2023-01-22 23:34:04.951 [info] > git for-each-ref --format=%(refname)%00%(upstream:short)%00%(objectname)%00%(upstream:track)%00%(upstream:remotename)%00%(upstream:remoteref) refs/heads/roles-feature refs/remotes/roles-feature [4ms]
2023-01-22 23:34:04.972 [info] > git for-each-ref --sort -committerdate --format %(refname) %(objectname) %(*objectname) [13ms]
2023-01-22 23:34:05.016 [info] > git status -z -uall [61ms]
2023-01-22 23:34:10.101 [info] > git config --get commit.template [6ms]
2023-01-22 23:34:10.105 [info] > git for-each-ref --format=%(refname)%00%(upstream:short)%00%(objectname)%00%(upstream:track)%00%(upstream:remotename)%00%(upstream:remoteref) refs/heads/roles-feature refs/remotes/roles-feature [4ms]
2023-01-22 23:34:10.124 [info] > git for-each-ref --sort -committerdate --format %(refname) %(objectname) %(*objectname) [11ms]
2023-01-22 23:34:10.162 [info] > git status -z -uall [54ms]
2023-01-22 23:34:10.911 [info] > git show --textconv :playbooks/site.yml [15ms]
2023-01-22 23:34:10.916 [info] > git ls-files --stage -- /home/ubuntu/playbooks/site.yml [15ms]
2023-01-22 23:34:10.929 [info] > git cat-file -s 2fb22ec78fea570f750b37a3b37424f43381be18 [8ms]
2023-01-22 23:34:15.241 [info] > git config --get commit.template [6ms]
2023-01-22 23:34:15.243 [info] > git for-each-ref --format=%(refname)%00%(upstream:short)%00%(objectname)%00%(upstream:track)%00%(upstream:remotename)%00%(upstream:remoteref) refs/heads/roles-feature refs/remotes/roles-feature [3ms]
2023-01-22 23:34:15.264 [info] > git for-each-ref --sort -committerdate --format %(refname) %(objectname) %(*objectname) [7ms]
2023-01-22 23:34:15.302 [info] > git status -z -uall [55ms]
2023-01-22 23:34:20.377 [info] > git config --get commit.template [5ms]
2023-01-22 23:34:20.379 [info] > git for-each-ref --format=%(refname)%00%(upstream:short)%00%(objectname)%00%(upstream:track)%00%(upstream:remotename)%00%(upstream:remoteref) refs/heads/roles-feature refs/remotes/roles-feature [3ms]
2023-01-22 23:34:20.401 [info] > git for-each-ref --sort -committerdate --format %(refname) %(objectname) %(*objectname) [9ms]
2023-01-22 23:34:20.440 [info] > git status -z -uall [57ms]
2023-01-22 23:34:55.740 [info] > git config --get commit.template [5ms]
2023-01-22 23:34:55.742 [info] > git for-each-ref --format=%(refname)%00%(upstream:short)%00%(objectname)%00%(upstream:track)%00%(upstream:remotename)%00%(upstream:remoteref) refs/heads/roles-feature refs/remotes/roles-feature [3ms]
2023-01-22 23:34:55.760 [info] > git for-each-ref --sort -committerdate --format %(refname) %(objectname) %(*objectname) [11ms]
2023-01-22 23:34:55.811 [info] > git status -z -uall [67ms]
2023-01-22 23:35:00.893 [info] > git config --get commit.template [5ms]
2023-01-22 23:35:00.896 [info] > git for-each-ref --format=%(refname)%00%(upstream:short)%00%(objectname)%00%(upstream:track)%00%(upstream:remotename)%00%(upstream:remoteref) refs/heads/roles-feature refs/remotes/roles-feature [5ms]
2023-01-22 23:35:00.916 [info] > git for-each-ref --sort -committerdate --format %(refname) %(objectname) %(*objectname) [12ms]
2023-01-22 23:35:00.954 [info] > git status -z -uall [55ms]
2023-01-22 23:35:06.031 [info] > git config --get commit.template [5ms]
2023-01-22 23:35:06.034 [info] > git for-each-ref --format=%(refname)%00%(upstream:short)%00%(objectname)%00%(upstream:track)%00%(upstream:remotename)%00%(upstream:remoteref) refs/heads/roles-feature refs/remotes/roles-feature [2ms]
2023-01-22 23:35:06.056 [info] > git for-each-ref --sort -committerdate --format %(refname) %(objectname) %(*objectname) [14ms]
2023-01-22 23:35:06.092 [info] > git status -z -uall [55ms]
2023-01-22 23:35:11.174 [info] > git config --get commit.template [6ms]
2023-01-22 23:35:11.176 [info] > git for-each-ref --format=%(refname)%00%(upstream:short)%00%(objectname)%00%(upstream:track)%00%(upstream:remotename)%00%(upstream:remoteref) refs/heads/roles-feature refs/remotes/roles-feature [3ms]
2023-01-22 23:35:11.192 [info] > git for-each-ref --sort -committerdate --format %(refname) %(objectname) %(*objectname) [8ms]
2023-01-22 23:35:11.239 [info] > git status -z -uall [60ms]
2023-01-22 23:35:16.332 [info] > git config --get commit.template [5ms]
2023-01-22 23:35:16.334 [info] > git for-each-ref --format=%(refname)%00%(upstream:short)%00%(objectname)%00%(upstream:track)%00%(upstream:remotename)%00%(upstream:remoteref) refs/heads/roles-feature refs/remotes/roles-feature [3ms]
2023-01-22 23:35:16.356 [info] > git for-each-ref --sort -committerdate --format %(refname) %(objectname) %(*objectname) [14ms]
2023-01-22 23:35:16.392 [info] > git status -z -uall [54ms]
2023-01-22 23:35:30.349 [info] > git config --get commit.template [5ms]
2023-01-22 23:35:30.351 [info] > git for-each-ref --format=%(refname)%00%(upstream:short)%00%(objectname)%00%(upstream:track)%00%(upstream:remotename)%00%(upstream:remoteref) refs/heads/roles-feature refs/remotes/roles-feature [2ms]
2023-01-22 23:35:30.371 [info] > git for-each-ref --sort -committerdate --format %(refname) %(objectname) %(*objectname) [13ms]
2023-01-22 23:35:30.417 [info] > git status -z -uall [63ms]
2023-01-22 23:35:35.503 [info] > git config --get commit.template [7ms]
2023-01-22 23:35:35.506 [info] > git for-each-ref --format=%(refname)%00%(upstream:short)%00%(objectname)%00%(upstream:track)%00%(upstream:remotename)%00%(upstream:remoteref) refs/heads/roles-feature refs/remotes/roles-feature [4ms]
2023-01-22 23:35:35.528 [info] > git for-each-ref --sort -committerdate --format %(refname) %(objectname) %(*objectname) [12ms]
2023-01-22 23:35:35.570 [info] > git status -z -uall [60ms]
2023-01-22 23:35:40.644 [info] > git config --get commit.template [6ms]
2023-01-22 23:35:40.646 [info] > git for-each-ref --format=%(refname)%00%(upstream:short)%00%(objectname)%00%(upstream:track)%00%(upstream:remotename)%00%(upstream:remoteref) refs/heads/roles-feature refs/remotes/roles-feature [3ms]
2023-01-22 23:35:40.668 [info] > git for-each-ref --sort -committerdate --format %(refname) %(objectname) %(*objectname) [14ms]
2023-01-22 23:35:40.704 [info] > git status -z -uall [54ms]
2023-01-22 23:36:06.133 [info] > git config --get commit.template [7ms]
2023-01-22 23:36:06.135 [info] > git for-each-ref --format=%(refname)%00%(upstream:short)%00%(objectname)%00%(upstream:track)%00%(upstream:remotename)%00%(upstream:remoteref) refs/heads/roles-feature refs/remotes/roles-feature [3ms]
2023-01-22 23:36:06.156 [info] > git for-each-ref --sort -committerdate --format %(refname) %(objectname) %(*objectname) [13ms]
2023-01-22 23:36:06.201 [info] > git status -z -uall [62ms]
2023-01-22 23:36:11.285 [info] > git config --get commit.template [5ms]
2023-01-22 23:36:11.287 [info] > git for-each-ref --format=%(refname)%00%(upstream:short)%00%(objectname)%00%(upstream:track)%00%(upstream:remotename)%00%(upstream:remoteref) refs/heads/roles-feature refs/remotes/roles-feature [2ms]
2023-01-22 23:36:11.308 [info] > git for-each-ref --sort -committerdate --format %(refname) %(objectname) %(*objectname) [8ms]
2023-01-22 23:36:11.346 [info] > git status -z -uall [54ms]
2023-01-22 23:36:16.425 [info] > git config --get commit.template [7ms]
2023-01-22 23:36:16.427 [info] > git for-each-ref --format=%(refname)%00%(upstream:short)%00%(objectname)%00%(upstream:track)%00%(upstream:remotename)%00%(upstream:remoteref) refs/heads/roles-feature refs/remotes/roles-feature [3ms]
2023-01-22 23:36:16.449 [info] > git for-each-ref --sort -committerdate --format %(refname) %(objectname) %(*objectname) [12ms]
2023-01-22 23:36:16.488 [info] > git status -z -uall [56ms]
2023-01-22 23:36:21.567 [info] > git config --get commit.template [6ms]
2023-01-22 23:36:21.569 [info] > git for-each-ref --format=%(refname)%00%(upstream:short)%00%(objectname)%00%(upstream:track)%00%(upstream:remotename)%00%(upstream:remoteref) refs/heads/roles-feature refs/remotes/roles-feature [3ms]
2023-01-22 23:36:21.593 [info] > git for-each-ref --sort -committerdate --format %(refname) %(objectname) %(*objectname) [8ms]
2023-01-22 23:36:21.633 [info] > git status -z -uall [59ms]
2023-01-22 23:36:26.730 [info] > git config --get commit.template [6ms]
2023-01-22 23:36:26.733 [info] > git for-each-ref --format=%(refname)%00%(upstream:short)%00%(objectname)%00%(upstream:track)%00%(upstream:remotename)%00%(upstream:remoteref) refs/heads/roles-feature refs/remotes/roles-feature [3ms]
2023-01-22 23:36:26.760 [info] > git for-each-ref --sort -committerdate --format %(refname) %(objectname) %(*objectname) [13ms]
2023-01-22 23:36:26.809 [info] > git status -z -uall [68ms]
2023-01-22 23:36:31.885 [info] > git config --get commit.template [5ms]
2023-01-22 23:36:31.887 [info] > git for-each-ref --format=%(refname)%00%(upstream:short)%00%(objectname)%00%(upstream:track)%00%(upstream:remotename)%00%(upstream:remoteref) refs/heads/roles-feature refs/remotes/roles-feature [3ms]
2023-01-22 23:36:31.906 [info] > git for-each-ref --sort -committerdate --format %(refname) %(objectname) %(*objectname) [11ms]
2023-01-22 23:36:31.945 [info] > git status -z -uall [54ms]
2023-01-22 23:36:37.025 [info] > git config --get commit.template [6ms]
2023-01-22 23:36:37.028 [info] > git for-each-ref --format=%(refname)%00%(upstream:short)%00%(objectname)%00%(upstream:track)%00%(upstream:remotename)%00%(upstream:remoteref) refs/heads/roles-feature refs/remotes/roles-feature [4ms]
2023-01-22 23:36:37.049 [info] > git for-each-ref --sort -committerdate --format %(refname) %(objectname) %(*objectname) [12ms]
2023-01-22 23:36:37.088 [info] > git status -z -uall [56ms]
2023-01-22 23:36:42.172 [info] > git config --get commit.template [6ms]
2023-01-22 23:36:42.174 [info] > git for-each-ref --format=%(refname)%00%(upstream:short)%00%(objectname)%00%(upstream:track)%00%(upstream:remotename)%00%(upstream:remoteref) refs/heads/roles-feature refs/remotes/roles-feature [3ms]
2023-01-22 23:36:42.196 [info] > git for-each-ref --sort -committerdate --format %(refname) %(objectname) %(*objectname) [13ms]
2023-01-22 23:36:42.239 [info] > git status -z -uall [61ms]
2023-01-22 23:36:47.352 [info] > git config --get commit.template [44ms]
2023-01-22 23:36:47.380 [info] > git for-each-ref --format=%(refname)%00%(upstream:short)%00%(objectname)%00%(upstream:track)%00%(upstream:remotename)%00%(upstream:remoteref) refs/heads/roles-feature refs/remotes/roles-feature [33ms]
2023-01-22 23:36:47.403 [info] > git for-each-ref --sort -committerdate --format %(refname) %(objectname) %(*objectname) [12ms]
2023-01-22 23:36:47.444 [info] > git status -z -uall [58ms]
2023-01-22 23:36:52.519 [info] > git config --get commit.template [6ms]
2023-01-22 23:36:52.521 [info] > git for-each-ref --format=%(refname)%00%(upstream:short)%00%(objectname)%00%(upstream:track)%00%(upstream:remotename)%00%(upstream:remoteref) refs/heads/roles-feature refs/remotes/roles-feature [3ms]
2023-01-22 23:36:52.541 [info] > git for-each-ref --sort -committerdate --format %(refname) %(objectname) %(*objectname) [11ms]
2023-01-22 23:36:52.579 [info] > git status -z -uall [54ms]
2023-01-22 23:36:57.655 [info] > git config --get commit.template [5ms]
2023-01-22 23:36:57.658 [info] > git for-each-ref --format=%(refname)%00%(upstream:short)%00%(objectname)%00%(upstream:track)%00%(upstream:remotename)%00%(upstream:remoteref) refs/heads/roles-feature refs/remotes/roles-feature [2ms]
2023-01-22 23:36:57.676 [info] > git for-each-ref --sort -committerdate --format %(refname) %(objectname) %(*objectname) [10ms]
2023-01-22 23:36:57.715 [info] > git status -z -uall [54ms]
2023-01-22 23:37:02.790 [info] > git config --get commit.template [5ms]
2023-01-22 23:37:02.793 [info] > git for-each-ref --format=%(refname)%00%(upstream:short)%00%(objectname)%00%(upstream:track)%00%(upstream:remotename)%00%(upstream:remoteref) refs/heads/roles-feature refs/remotes/roles-feature [2ms]
2023-01-22 23:37:02.813 [info] > git for-each-ref --sort -committerdate --format %(refname) %(objectname) %(*objectname) [12ms]
2023-01-22 23:37:02.853 [info] > git status -z -uall [57ms]
2023-01-22 23:37:07.930 [info] > git config --get commit.template [5ms]
2023-01-22 23:37:07.932 [info] > git for-each-ref --format=%(refname)%00%(upstream:short)%00%(objectname)%00%(upstream:track)%00%(upstream:remotename)%00%(upstream:remoteref) refs/heads/roles-feature refs/remotes/roles-feature [2ms]
2023-01-22 23:37:07.952 [info] > git for-each-ref --sort -committerdate --format %(refname) %(objectname) %(*objectname) [10ms]
2023-01-22 23:37:07.990 [info] > git status -z -uall [54ms]
2023-01-22 23:37:14.194 [info] > git config --get commit.template [6ms]
2023-01-22 23:37:14.196 [info] > git for-each-ref --format=%(refname)%00%(upstream:short)%00%(objectname)%00%(upstream:track)%00%(upstream:remotename)%00%(upstream:remoteref) refs/heads/roles-feature refs/remotes/roles-feature [3ms]
2023-01-22 23:37:14.217 [info] > git for-each-ref --sort -committerdate --format %(refname) %(objectname) %(*objectname) [10ms]
2023-01-22 23:37:14.276 [info] > git status -z -uall [75ms]
2023-01-22 23:37:19.399 [info] > git config --get commit.template [5ms]
2023-01-22 23:37:19.401 [info] > git for-each-ref --format=%(refname)%00%(upstream:short)%00%(objectname)%00%(upstream:track)%00%(upstream:remotename)%00%(upstream:remoteref) refs/heads/roles-feature refs/remotes/roles-feature [2ms]
2023-01-22 23:37:19.421 [info] > git for-each-ref --sort -committerdate --format %(refname) %(objectname) %(*objectname) [11ms]
2023-01-22 23:37:19.460 [info] > git status -z -uall [55ms]
2023-01-22 23:37:24.534 [info] > git config --get commit.template [6ms]
2023-01-22 23:37:24.537 [info] > git for-each-ref --format=%(refname)%00%(upstream:short)%00%(objectname)%00%(upstream:track)%00%(upstream:remotename)%00%(upstream:remoteref) refs/heads/roles-feature refs/remotes/roles-feature [3ms]
2023-01-22 23:37:24.560 [info] > git for-each-ref --sort -committerdate --format %(refname) %(objectname) %(*objectname) [14ms]
2023-01-22 23:37:24.599 [info] > git status -z -uall [58ms]
2023-01-22 23:37:29.675 [info] > git config --get commit.template [5ms]
2023-01-22 23:37:29.677 [info] > git for-each-ref --format=%(refname)%00%(upstream:short)%00%(objectname)%00%(upstream:track)%00%(upstream:remotename)%00%(upstream:remoteref) refs/heads/roles-feature refs/remotes/roles-feature [2ms]
2023-01-22 23:37:29.697 [info] > git for-each-ref --sort -committerdate --format %(refname) %(objectname) %(*objectname) [11ms]
2023-01-22 23:37:29.780 [info] > git status -z -uall [99ms]
2023-01-22 23:37:34.878 [info] > git config --get commit.template [5ms]
2023-01-22 23:37:34.880 [info] > git for-each-ref --format=%(refname)%00%(upstream:short)%00%(objectname)%00%(upstream:track)%00%(upstream:remotename)%00%(upstream:remoteref) refs/heads/roles-feature refs/remotes/roles-feature [3ms]
2023-01-22 23:37:34.900 [info] > git for-each-ref --sort -committerdate --format %(refname) %(objectname) %(*objectname) [8ms]
2023-01-22 23:37:34.937 [info] > git status -z -uall [54ms]
2023-01-22 23:37:40.014 [info] > git config --get commit.template [6ms]
2023-01-22 23:37:40.016 [info] > git for-each-ref --format=%(refname)%00%(upstream:short)%00%(objectname)%00%(upstream:track)%00%(upstream:remotename)%00%(upstream:remoteref) refs/heads/roles-feature refs/remotes/roles-feature [3ms]
2023-01-22 23:37:40.037 [info] > git for-each-ref --sort -committerdate --format %(refname) %(objectname) %(*objectname) [12ms]
2023-01-22 23:37:40.112 [info] > git status -z -uall [92ms]
2023-01-22 23:37:45.220 [info] > git config --get commit.template [6ms]
2023-01-22 23:37:45.222 [info] > git for-each-ref --format=%(refname)%00%(upstream:short)%00%(objectname)%00%(upstream:track)%00%(upstream:remotename)%00%(upstream:remoteref) refs/heads/roles-feature refs/remotes/roles-feature [3ms]
2023-01-22 23:37:45.244 [info] > git for-each-ref --sort -committerdate --format %(refname) %(objectname) %(*objectname) [14ms]
2023-01-22 23:37:45.281 [info] > git status -z -uall [55ms]
2023-01-22 23:37:50.355 [info] > git config --get commit.template [6ms]
2023-01-22 23:37:50.357 [info] > git for-each-ref --format=%(refname)%00%(upstream:short)%00%(objectname)%00%(upstream:track)%00%(upstream:remotename)%00%(upstream:remoteref) refs/heads/roles-feature refs/remotes/roles-feature [3ms]
2023-01-22 23:37:50.377 [info] > git for-each-ref --sort -committerdate --format %(refname) %(objectname) %(*objectname) [12ms]
2023-01-22 23:37:50.416 [info] > git status -z -uall [55ms]
2023-01-22 23:37:55.491 [info] > git config --get commit.template [5ms]
2023-01-22 23:37:55.493 [info] > git for-each-ref --format=%(refname)%00%(upstream:short)%00%(objectname)%00%(upstream:track)%00%(upstream:remotename)%00%(upstream:remoteref) refs/heads/roles-feature refs/remotes/roles-feature [2ms]
2023-01-22 23:37:55.512 [info] > git for-each-ref --sort -committerdate --format %(refname) %(objectname) %(*objectname) [11ms]
2023-01-22 23:37:55.556 [info] > git status -z -uall [60ms]
2023-01-22 23:38:00.631 [info] > git config --get commit.template [6ms]
2023-01-22 23:38:00.633 [info] > git for-each-ref --format=%(refname)%00%(upstream:short)%00%(objectname)%00%(upstream:track)%00%(upstream:remotename)%00%(upstream:remoteref) refs/heads/roles-feature refs/remotes/roles-feature [3ms]
2023-01-22 23:38:00.653 [info] > git for-each-ref --sort -committerdate --format %(refname) %(objectname) %(*objectname) [12ms]
2023-01-22 23:38:00.757 [info] > git status -z -uall [121ms]
2023-01-22 23:38:05.828 [info] > git config --get commit.template [6ms]
2023-01-22 23:38:05.830 [info] > git for-each-ref --format=%(refname)%00%(upstream:short)%00%(objectname)%00%(upstream:track)%00%(upstream:remotename)%00%(upstream:remoteref) refs/heads/roles-feature refs/remotes/roles-feature [3ms]
2023-01-22 23:38:05.852 [info] > git for-each-ref --sort -committerdate --format %(refname) %(objectname) %(*objectname) [10ms]
2023-01-22 23:38:05.888 [info] > git status -z -uall [55ms]
2023-01-22 23:38:10.967 [info] > git config --get commit.template [5ms]
2023-01-22 23:38:10.969 [info] > git for-each-ref --format=%(refname)%00%(upstream:short)%00%(objectname)%00%(upstream:track)%00%(upstream:remotename)%00%(upstream:remoteref) refs/heads/roles-feature refs/remotes/roles-feature [3ms]
2023-01-22 23:38:10.988 [info] > git for-each-ref --sort -committerdate --format %(refname) %(objectname) %(*objectname) [11ms]
2023-01-22 23:38:11.027 [info] > git status -z -uall [55ms]
2023-01-22 23:38:16.105 [info] > git config --get commit.template [5ms]
2023-01-22 23:38:16.107 [info] > git for-each-ref --format=%(refname)%00%(upstream:short)%00%(objectname)%00%(upstream:track)%00%(upstream:remotename)%00%(upstream:remoteref) refs/heads/roles-feature refs/remotes/roles-feature [3ms]
2023-01-22 23:38:16.128 [info] > git for-each-ref --sort -committerdate --format %(refname) %(objectname) %(*objectname) [8ms]
2023-01-22 23:38:16.165 [info] > git status -z -uall [55ms]
2023-01-22 23:38:21.242 [info] > git config --get commit.template [5ms]
2023-01-22 23:38:21.244 [info] > git for-each-ref --format=%(refname)%00%(upstream:short)%00%(objectname)%00%(upstream:track)%00%(upstream:remotename)%00%(upstream:remoteref) refs/heads/roles-feature refs/remotes/roles-feature [2ms]
2023-01-22 23:38:21.264 [info] > git for-each-ref --sort -committerdate --format %(refname) %(objectname) %(*objectname) [11ms]
2023-01-22 23:38:21.303 [info] > git status -z -uall [55ms]
2023-01-22 23:38:26.378 [info] > git config --get commit.template [6ms]
2023-01-22 23:38:26.380 [info] > git for-each-ref --format=%(refname)%00%(upstream:short)%00%(objectname)%00%(upstream:track)%00%(upstream:remotename)%00%(upstream:remoteref) refs/heads/roles-feature refs/remotes/roles-feature [3ms]
2023-01-22 23:38:26.401 [info] > git for-each-ref --sort -committerdate --format %(refname) %(objectname) %(*objectname) [10ms]
2023-01-22 23:38:26.438 [info] > git status -z -uall [55ms]
2023-01-22 23:38:31.520 [info] > git config --get commit.template [5ms]
2023-01-22 23:38:31.523 [info] > git for-each-ref --format=%(refname)%00%(upstream:short)%00%(objectname)%00%(upstream:track)%00%(upstream:remotename)%00%(upstream:remoteref) refs/heads/roles-feature refs/remotes/roles-feature [3ms]
2023-01-22 23:38:31.544 [info] > git for-each-ref --sort -committerdate --format %(refname) %(objectname) %(*objectname) [13ms]
2023-01-22 23:38:31.582 [info] > git status -z -uall [56ms]
2023-01-22 23:38:36.657 [info] > git config --get commit.template [5ms]
2023-01-22 23:38:36.659 [info] > git for-each-ref --format=%(refname)%00%(upstream:short)%00%(objectname)%00%(upstream:track)%00%(upstream:remotename)%00%(upstream:remoteref) refs/heads/roles-feature refs/remotes/roles-feature [3ms]
2023-01-22 23:38:36.680 [info] > git for-each-ref --sort -committerdate --format %(refname) %(objectname) %(*objectname) [13ms]
2023-01-22 23:38:36.717 [info] > git status -z -uall [54ms]
2023-01-22 23:38:41.792 [info] > git config --get commit.template [5ms]
2023-01-22 23:38:41.795 [info] > git for-each-ref --format=%(refname)%00%(upstream:short)%00%(objectname)%00%(upstream:track)%00%(upstream:remotename)%00%(upstream:remoteref) refs/heads/roles-feature refs/remotes/roles-feature [2ms]
2023-01-22 23:38:41.816 [info] > git for-each-ref --sort -committerdate --format %(refname) %(objectname) %(*objectname) [14ms]
2023-01-22 23:38:41.868 [info] > git status -z -uall [70ms]
2023-01-22 23:38:46.948 [info] > git config --get commit.template [5ms]
2023-01-22 23:38:46.950 [info] > git for-each-ref --format=%(refname)%00%(upstream:short)%00%(objectname)%00%(upstream:track)%00%(upstream:remotename)%00%(upstream:remoteref) refs/heads/roles-feature refs/remotes/roles-feature [3ms]
2023-01-22 23:38:46.973 [info] > git for-each-ref --sort -committerdate --format %(refname) %(objectname) %(*objectname) [15ms]
2023-01-22 23:38:47.012 [info] > git status -z -uall [59ms]
2023-01-22 23:38:47.089 [info] > git check-ignore -v -z --stdin [8ms]
2023-01-22 23:38:57.540 [info] > git config --get commit.template [9ms]
2023-01-22 23:38:57.549 [info] > git for-each-ref --format=%(refname)%00%(upstream:short)%00%(objectname)%00%(upstream:track)%00%(upstream:remotename)%00%(upstream:remoteref) refs/heads/roles-feature refs/remotes/roles-feature [10ms]
2023-01-22 23:38:57.576 [info] > git for-each-ref --sort -committerdate --format %(refname) %(objectname) %(*objectname) [11ms]
2023-01-22 23:38:57.660 [info] > git status -z -uall [103ms]
2023-01-22 23:38:58.878 [info] > git add -A -- . [12ms]
2023-01-22 23:38:58.879 [info] fatal: Unable to create '/home/ubuntu/.git/index.lock': File exists.

Another git process seems to be running in this repository, e.g.
an editor opened by 'git commit'. Please make sure all processes
are terminated then try again. If it still fails, a git process
may have crashed in this repository earlier:
remove the file manually to continue.
2023-01-22 23:38:58.936 [info] > git add -A -- . [2ms]
2023-01-22 23:38:58.936 [info] fatal: Unable to create '/home/ubuntu/.git/index.lock': File exists.

Another git process seems to be running in this repository, e.g.
an editor opened by 'git commit'. Please make sure all processes
are terminated then try again. If it still fails, a git process
may have crashed in this repository earlier:
remove the file manually to continue.
2023-01-22 23:38:59.145 [info] > git add -A -- . [4ms]
2023-01-22 23:38:59.145 [info] fatal: Unable to create '/home/ubuntu/.git/index.lock': File exists.

Another git process seems to be running in this repository, e.g.
an editor opened by 'git commit'. Please make sure all processes
are terminated then try again. If it still fails, a git process
may have crashed in this repository earlier:
remove the file manually to continue.
2023-01-22 23:38:59.603 [info] > git add -A -- . [2ms]
2023-01-22 23:38:59.603 [info] fatal: Unable to create '/home/ubuntu/.git/index.lock': File exists.

Another git process seems to be running in this repository, e.g.
an editor opened by 'git commit'. Please make sure all processes
are terminated then try again. If it still fails, a git process
may have crashed in this repository earlier:
remove the file manually to continue.
2023-01-22 23:39:00.415 [info] > git add -A -- . [5ms]
2023-01-22 23:39:00.416 [info] fatal: Unable to create '/home/ubuntu/.git/index.lock': File exists.

Another git process seems to be running in this repository, e.g.
an editor opened by 'git commit'. Please make sure all processes
are terminated then try again. If it still fails, a git process
may have crashed in this repository earlier:
remove the file manually to continue.
2023-01-22 23:39:01.689 [info] > git add -A -- . [4ms]
2023-01-22 23:39:01.689 [info] fatal: Unable to create '/home/ubuntu/.git/index.lock': File exists.

Another git process seems to be running in this repository, e.g.
an editor opened by 'git commit'. Please make sure all processes
are terminated then try again. If it still fails, a git process
may have crashed in this repository earlier:
remove the file manually to continue.
2023-01-22 23:39:03.499 [info] > git add -A -- . [3ms]
2023-01-22 23:39:03.499 [info] fatal: Unable to create '/home/ubuntu/.git/index.lock': File exists.

Another git process seems to be running in this repository, e.g.
an editor opened by 'git commit'. Please make sure all processes
are terminated then try again. If it still fails, a git process
may have crashed in this repository earlier:
remove the file manually to continue.
2023-01-22 23:39:05.959 [info] > git add -A -- . [3ms]
2023-01-22 23:39:05.959 [info] fatal: Unable to create '/home/ubuntu/.git/index.lock': File exists.

Another git process seems to be running in this repository, e.g.
an editor opened by 'git commit'. Please make sure all processes
are terminated then try again. If it still fails, a git process
may have crashed in this repository earlier:
remove the file manually to continue.
2023-01-22 23:39:07.226 [info] > git add -A -- . [9702ms]
2023-01-22 23:39:07.495 [info] > git -c user.useConfigOnly=true commit --quiet [265ms]
2023-01-22 23:39:07.495 [info] Author identity unknown

*** Please tell me who you are.

Run

  git config --global user.email "you@example.com"
  git config --global user.name "Your Name"

to set your account's default identity.
Omit --global to set the identity only in this repository.

fatal: no email was given and auto-detection is disabled
2023-01-22 23:39:07.500 [info] > git config --get-all user.name [1ms]
