2023-01-09 12:49:27.905 [info] Extension host with pid 1148 started
2023-01-09 12:49:27.914 [error] Error: EEXIST: file already exists, open '/home/ubuntu/.vscode-server/data/User/workspaceStorage/d165b1a35fe49e71ebb7396c0c10341c/vscode.lock'
2023-01-09 12:49:27.924 [info] Lock '/home/ubuntu/.vscode-server/data/User/workspaceStorage/d165b1a35fe49e71ebb7396c0c10341c/vscode.lock': Could not acquire lock, checking if the file is stale.
2023-01-09 12:49:27.934 [info] Lock '/home/ubuntu/.vscode-server/data/User/workspaceStorage/d165b1a35fe49e71ebb7396c0c10341c/vscode.lock': The pid 1430 appears to be gone.
2023-01-09 12:49:27.934 [info] Lock '/home/ubuntu/.vscode-server/data/User/workspaceStorage/d165b1a35fe49e71ebb7396c0c10341c/vscode.lock': Deleting a stale lock.
2023-01-09 12:49:27.944 [info] Lock '/home/ubuntu/.vscode-server/data/User/workspaceStorage/d165b1a35fe49e71ebb7396c0c10341c/vscode.lock': Lock acquired.
2023-01-09 12:49:28.960 [info] ExtensionService#_doActivateExtension vscode.git-base, startup: false, activationEvent: '*', root cause: vscode.git
2023-01-09 12:49:29.572 [info] ExtensionService#_doActivateExtension vscode.git, startup: false, activationEvent: '*'
2023-01-09 12:49:29.573 [info] ExtensionService#_doActivateExtension vscode.github, startup: false, activationEvent: '*'
2023-01-09 12:49:30.734 [info] ExtensionService#_doActivateExtension vscode.debug-auto-launch, startup: false, activationEvent: 'onStartupFinished'
2023-01-09 12:49:30.737 [info] ExtensionService#_doActivateExtension vscode.emmet, startup: false, activationEvent: 'onStartupFinished'
2023-01-09 12:49:30.738 [info] ExtensionService#_doActivateExtension vscode.merge-conflict, startup: false, activationEvent: 'onStartupFinished'
2023-01-09 12:49:30.738 [info] Eager extensions activated
2023-01-09 12:49:31.982 [warning] [Decorations] CAPPING events from decorations provider vscode.git 2047
2023-01-09 12:49:33.488 [warning] [Decorations] CAPPING events from decorations provider vscode.git 2048
2023-01-09 12:49:53.557 [warning] [Decorations] CAPPING events from decorations provider vscode.git 2048
2023-01-09 12:49:58.666 [warning] [Decorations] CAPPING events from decorations provider vscode.git 2048
2023-01-09 12:50:03.828 [warning] [Decorations] CAPPING events from decorations provider vscode.git 2048
2023-01-09 12:50:08.928 [warning] [Decorations] CAPPING events from decorations provider vscode.git 2048
2023-01-09 12:50:14.022 [warning] [Decorations] CAPPING events from decorations provider vscode.git 2048
2023-01-09 12:50:19.190 [warning] [Decorations] CAPPING events from decorations provider vscode.git 2048
2023-01-09 12:50:24.288 [warning] [Decorations] CAPPING events from decorations provider vscode.git 2048
2023-01-09 12:51:44.993 [warning] [Decorations] CAPPING events from decorations provider vscode.git 2048
2023-01-09 12:51:50.111 [warning] [Decorations] CAPPING events from decorations provider vscode.git 2048
2023-01-09 12:52:15.479 [warning] [Decorations] CAPPING events from decorations provider vscode.git 2048
2023-01-09 12:52:20.570 [warning] [Decorations] CAPPING events from decorations provider vscode.git 2048
2023-01-09 12:52:25.665 [warning] [Decorations] CAPPING events from decorations provider vscode.git 2048
2023-01-09 12:52:32.414 [warning] [Decorations] CAPPING events from decorations provider vscode.git 2051
2023-01-09 12:52:39.423 [warning] [Decorations] CAPPING events from decorations provider vscode.git 2052
2023-01-09 12:53:10.668 [warning] [Decorations] CAPPING events from decorations provider vscode.git 2052
2023-01-09 12:53:35.600 [warning] [Decorations] CAPPING events from decorations provider vscode.git 2052
2023-01-09 12:53:40.693 [warning] [Decorations] CAPPING events from decorations provider vscode.git 2053
2023-01-09 12:53:45.787 [warning] [Decorations] CAPPING events from decorations provider vscode.git 2053
2023-01-09 12:53:50.885 [warning] [Decorations] CAPPING events from decorations provider vscode.git 2053
2023-01-09 12:54:35.769 [warning] [Decorations] CAPPING events from decorations provider vscode.git 2053
2023-01-09 12:54:40.859 [warning] [Decorations] CAPPING events from decorations provider vscode.git 2053
2023-01-09 12:54:45.955 [warning] [Decorations] CAPPING events from decorations provider vscode.git 2053
2023-01-09 12:54:55.173 [warning] [Decorations] CAPPING events from decorations provider vscode.git 2053
2023-01-09 12:55:00.268 [warning] [Decorations] CAPPING events from decorations provider vscode.git 2053
2023-01-09 12:55:11.118 [warning] [Decorations] CAPPING events from decorations provider vscode.git 2053
2023-01-09 12:55:24.905 [warning] [Decorations] CAPPING events from decorations provider vscode.git 2053
2023-01-09 12:55:29.997 [warning] [Decorations] CAPPING events from decorations provider vscode.git 2053
2023-01-09 12:56:03.942 [warning] [Decorations] CAPPING events from decorations provider vscode.git 2056
2023-01-09 12:56:09.031 [warning] [Decorations] CAPPING events from decorations provider vscode.git 2056
2023-01-09 12:56:14.128 [warning] [Decorations] CAPPING events from decorations provider vscode.git 2056
2023-01-09 12:56:19.219 [warning] [Decorations] CAPPING events from decorations provider vscode.git 2056
2023-01-09 12:56:24.315 [warning] [Decorations] CAPPING events from decorations provider vscode.git 2056
2023-01-09 12:56:29.407 [warning] [Decorations] CAPPING events from decorations provider vscode.git 2056
2023-01-09 12:56:34.503 [warning] [Decorations] CAPPING events from decorations provider vscode.git 2056
2023-01-09 12:56:39.593 [warning] [Decorations] CAPPING events from decorations provider vscode.git 2056
2023-01-09 12:56:44.691 [warning] [Decorations] CAPPING events from decorations provider vscode.git 2057
2023-01-09 12:56:49.785 [warning] [Decorations] CAPPING events from decorations provider vscode.git 2057
2023-01-09 12:56:56.525 [warning] [Decorations] CAPPING events from decorations provider vscode.git 2057
2023-01-09 12:57:02.518 [warning] [Decorations] CAPPING events from decorations provider vscode.git 2057
2023-01-09 12:57:07.620 [warning] [Decorations] CAPPING events from decorations provider vscode.git 2057
2023-01-09 12:57:13.399 [warning] [Decorations] CAPPING events from decorations provider vscode.git 2057
2023-01-09 12:57:18.551 [warning] [Decorations] CAPPING events from decorations provider vscode.git 2057
2023-01-09 12:57:23.641 [warning] [Decorations] CAPPING events from decorations provider vscode.git 2057
2023-01-09 12:57:28.740 [warning] [Decorations] CAPPING events from decorations provider vscode.git 2057
2023-01-09 12:59:50.155 [warning] [Decorations] CAPPING events from decorations provider vscode.git 2058
2023-01-09 12:59:55.251 [warning] [Decorations] CAPPING events from decorations provider vscode.git 2058
2023-01-09 13:00:00.345 [warning] [Decorations] CAPPING events from decorations provider vscode.git 2058
2023-01-09 13:00:58.598 [warning] [Decorations] CAPPING events from decorations provider vscode.git 2058
2023-01-09 13:01:03.694 [warning] [Decorations] CAPPING events from decorations provider vscode.git 2059
2023-01-09 13:01:08.791 [warning] [Decorations] CAPPING events from decorations provider vscode.git 2059
2023-01-09 13:01:13.882 [warning] [Decorations] CAPPING events from decorations provider vscode.git 2059
2023-01-09 13:01:18.979 [warning] [Decorations] CAPPING events from decorations provider vscode.git 2059
2023-01-09 13:01:24.071 [warning] [Decorations] CAPPING events from decorations provider vscode.git 2059
2023-01-09 13:01:29.167 [warning] [Decorations] CAPPING events from decorations provider vscode.git 2060
2023-01-09 13:01:34.257 [warning] [Decorations] CAPPING events from decorations provider vscode.git 2061
2023-01-09 13:01:39.344 [warning] [Decorations] CAPPING events from decorations provider vscode.git 2062
2023-01-09 13:01:44.442 [warning] [Decorations] CAPPING events from decorations provider vscode.git 2063
2023-01-09 13:01:53.263 [warning] [Decorations] CAPPING events from decorations provider vscode.git 2063
2023-01-09 13:01:58.402 [warning] [Decorations] CAPPING events from decorations provider vscode.git 2063
2023-01-09 13:02:03.492 [warning] [Decorations] CAPPING events from decorations provider vscode.git 2063
2023-01-09 13:02:05.365 [info] ExtensionService#_doActivateExtension vscode.extension-editing, startup: false, activationEvent: 'onLanguage:markdown'
2023-01-09 13:02:05.366 [info] ExtensionService#_doActivateExtension vscode.markdown-language-features, startup: false, activationEvent: 'onLanguage:markdown'
2023-01-09 13:02:06.897 [info] ExtensionService#_doActivateExtension vscode.markdown-math, startup: false, activationEvent: 'api', root cause: vscode.markdown-language-features
2023-01-09 13:02:10.365 [warning] [Decorations] CAPPING events from decorations provider vscode.git 2064
2023-01-09 13:02:15.477 [warning] [Decorations] CAPPING events from decorations provider vscode.git 2064
2023-01-09 13:02:20.669 [warning] [Decorations] CAPPING events from decorations provider vscode.git 2064
2023-01-09 13:02:25.764 [warning] [Decorations] CAPPING events from decorations provider vscode.git 2064
2023-01-09 13:02:30.867 [warning] [Decorations] CAPPING events from decorations provider vscode.git 2064
2023-01-09 13:02:36.019 [warning] [Decorations] CAPPING events from decorations provider vscode.git 2064
2023-01-09 13:02:41.108 [warning] [Decorations] CAPPING events from decorations provider vscode.git 2064
2023-01-09 13:02:46.212 [warning] [Decorations] CAPPING events from decorations provider vscode.git 2064
2023-01-09 13:02:51.310 [warning] [Decorations] CAPPING events from decorations provider vscode.git 2064
2023-01-09 13:02:56.409 [warning] [Decorations] CAPPING events from decorations provider vscode.git 2064
2023-01-09 13:03:01.501 [warning] [Decorations] CAPPING events from decorations provider vscode.git 2064
2023-01-09 13:03:06.601 [warning] [Decorations] CAPPING events from decorations provider vscode.git 2064
2023-01-09 13:03:11.693 [warning] [Decorations] CAPPING events from decorations provider vscode.git 2064
2023-01-09 13:03:16.792 [warning] [Decorations] CAPPING events from decorations provider vscode.git 2064
2023-01-09 13:03:21.883 [warning] [Decorations] CAPPING events from decorations provider vscode.git 2064
2023-01-09 13:03:26.980 [warning] [Decorations] CAPPING events from decorations provider vscode.git 2064
2023-01-09 13:03:32.073 [warning] [Decorations] CAPPING events from decorations provider vscode.git 2064
2023-01-09 13:03:37.174 [warning] [Decorations] CAPPING events from decorations provider vscode.git 2064
2023-01-09 13:03:42.265 [warning] [Decorations] CAPPING events from decorations provider vscode.git 2064
2023-01-09 13:03:47.362 [warning] [Decorations] CAPPING events from decorations provider vscode.git 2064
2023-01-09 13:03:52.454 [warning] [Decorations] CAPPING events from decorations provider vscode.git 2064
2023-01-09 13:03:57.552 [warning] [Decorations] CAPPING events from decorations provider vscode.git 2064
2023-01-09 13:04:02.644 [warning] [Decorations] CAPPING events from decorations provider vscode.git 2064
2023-01-09 13:04:07.744 [warning] [Decorations] CAPPING events from decorations provider vscode.git 2064
2023-01-09 13:04:12.838 [warning] [Decorations] CAPPING events from decorations provider vscode.git 2064
2023-01-09 13:04:17.942 [warning] [Decorations] CAPPING events from decorations provider vscode.git 2064
2023-01-09 13:04:23.030 [warning] [Decorations] CAPPING events from decorations provider vscode.git 2064
2023-01-09 13:04:28.127 [warning] [Decorations] CAPPING events from decorations provider vscode.git 2064
2023-01-09 13:04:33.218 [warning] [Decorations] CAPPING events from decorations provider vscode.git 2064
2023-01-09 13:04:38.308 [warning] [Decorations] CAPPING events from decorations provider vscode.git 2064
2023-01-09 13:04:43.407 [warning] [Decorations] CAPPING events from decorations provider vscode.git 2064
2023-01-09 13:04:59.293 [warning] [Decorations] CAPPING events from decorations provider vscode.git 2064
2023-01-09 13:05:04.399 [warning] [Decorations] CAPPING events from decorations provider vscode.git 2064
2023-01-09 13:05:09.495 [warning] [Decorations] CAPPING events from decorations provider vscode.git 2064
2023-01-09 13:05:14.593 [warning] [Decorations] CAPPING events from decorations provider vscode.git 2064
2023-01-09 13:05:19.686 [warning] [Decorations] CAPPING events from decorations provider vscode.git 2064
2023-01-09 13:05:24.788 [warning] [Decorations] CAPPING events from decorations provider vscode.git 2064
2023-01-09 13:05:29.884 [warning] [Decorations] CAPPING events from decorations provider vscode.git 2064
2023-01-09 13:05:35.066 [warning] [Decorations] CAPPING events from decorations provider vscode.git 2064
2023-01-09 13:05:40.160 [warning] [Decorations] CAPPING events from decorations provider vscode.git 2064
2023-01-09 13:05:45.339 [warning] [Decorations] CAPPING events from decorations provider vscode.git 2064
2023-01-09 13:05:50.431 [warning] [Decorations] CAPPING events from decorations provider vscode.git 2064
2023-01-09 13:05:55.529 [warning] [Decorations] CAPPING events from decorations provider vscode.git 2064
2023-01-09 13:07:25.618 [warning] [Decorations] CAPPING events from decorations provider vscode.git 2064
2023-01-09 13:07:30.719 [warning] [Decorations] CAPPING events from decorations provider vscode.git 2064
2023-01-09 13:07:35.817 [warning] [Decorations] CAPPING events from decorations provider vscode.git 2064
2023-01-09 13:07:40.984 [warning] [Decorations] CAPPING events from decorations provider vscode.git 2064
2023-01-09 13:07:46.075 [warning] [Decorations] CAPPING events from decorations provider vscode.git 2065
2023-01-09 13:07:51.177 [warning] [Decorations] CAPPING events from decorations provider vscode.git 2066
2023-01-09 13:07:56.288 [warning] [Decorations] CAPPING events from decorations provider vscode.git 2066
2023-01-09 13:08:07.140 [warning] [Decorations] CAPPING events from decorations provider vscode.git 2066
2023-01-09 13:08:29.535 [warning] [Decorations] CAPPING events from decorations provider vscode.git 2067
2023-01-09 13:08:34.632 [warning] [Decorations] CAPPING events from decorations provider vscode.git 2067
2023-01-09 13:08:39.724 [warning] [Decorations] CAPPING events from decorations provider vscode.git 2068
2023-01-09 13:09:01.872 [warning] [Decorations] CAPPING events from decorations provider vscode.git 2068
2023-01-09 13:09:06.966 [warning] [Decorations] CAPPING events from decorations provider vscode.git 2068
2023-01-09 13:09:12.075 [warning] [Decorations] CAPPING events from decorations provider vscode.git 2068
2023-01-09 13:09:17.182 [warning] [Decorations] CAPPING events from decorations provider vscode.git 2068
2023-01-09 13:09:22.280 [warning] [Decorations] CAPPING events from decorations provider vscode.git 2069
2023-01-09 13:09:31.826 [warning] [Decorations] CAPPING events from decorations provider vscode.git 2069
2023-01-09 13:09:36.920 [warning] [Decorations] CAPPING events from decorations provider vscode.git 2069
2023-01-09 13:12:13.286 [warning] [Decorations] CAPPING events from decorations provider vscode.git 2069
2023-01-09 13:12:18.384 [warning] [Decorations] CAPPING events from decorations provider vscode.git 2069
2023-01-09 13:12:23.475 [warning] [Decorations] CAPPING events from decorations provider vscode.git 2069
2023-01-09 13:12:28.565 [warning] [Decorations] CAPPING events from decorations provider vscode.git 2069
2023-01-09 13:12:33.662 [warning] [Decorations] CAPPING events from decorations provider vscode.git 2069
2023-01-09 13:17:31.948 [warning] [Decorations] CAPPING events from decorations provider vscode.git 2069
2023-01-09 13:17:37.047 [warning] [Decorations] CAPPING events from decorations provider vscode.git 2069
2023-01-09 13:17:42.142 [warning] [Decorations] CAPPING events from decorations provider vscode.git 2069
2023-01-09 13:17:47.237 [warning] [Decorations] CAPPING events from decorations provider vscode.git 2069
2023-01-09 13:17:52.335 [warning] [Decorations] CAPPING events from decorations provider vscode.git 2069
2023-01-09 13:17:57.430 [warning] [Decorations] CAPPING events from decorations provider vscode.git 2069
2023-01-09 13:18:02.526 [warning] [Decorations] CAPPING events from decorations provider vscode.git 2069
2023-01-09 13:18:07.618 [warning] [Decorations] CAPPING events from decorations provider vscode.git 2069
2023-01-09 13:18:16.193 [warning] [Decorations] CAPPING events from decorations provider vscode.git 2069
2023-01-09 13:18:21.283 [warning] [Decorations] CAPPING events from decorations provider vscode.git 2069
2023-01-09 13:18:26.389 [warning] [Decorations] CAPPING events from decorations provider vscode.git 2069
2023-01-09 13:18:31.479 [warning] [Decorations] CAPPING events from decorations provider vscode.git 2069
2023-01-09 13:18:36.576 [warning] [Decorations] CAPPING events from decorations provider vscode.git 2069
2023-01-09 13:19:30.012 [warning] [Decorations] CAPPING events from decorations provider vscode.git 2069
2023-01-09 13:19:35.110 [warning] [Decorations] CAPPING events from decorations provider vscode.git 2069
2023-01-09 13:19:43.670 [warning] [Decorations] CAPPING events from decorations provider vscode.git 2069
2023-01-09 13:19:48.762 [warning] [Decorations] CAPPING events from decorations provider vscode.git 2069
2023-01-09 13:19:54.255 [warning] [Decorations] CAPPING events from decorations provider vscode.git 2069
2023-01-09 13:19:59.344 [warning] [Decorations] CAPPING events from decorations provider vscode.git 2069
2023-01-09 13:20:04.444 [warning] [Decorations] CAPPING events from decorations provider vscode.git 2071
2023-01-09 13:20:19.543 [warning] [Decorations] CAPPING events from decorations provider vscode.git 2071
2023-01-09 13:20:24.643 [warning] [Decorations] CAPPING events from decorations provider vscode.git 2071
2023-01-09 13:20:29.735 [warning] [Decorations] CAPPING events from decorations provider vscode.git 2071
2023-01-09 13:20:34.822 [warning] [Decorations] CAPPING events from decorations provider vscode.git 2071
2023-01-09 13:20:39.917 [warning] [Decorations] CAPPING events from decorations provider vscode.git 2071
2023-01-09 13:20:45.681 [warning] [Decorations] CAPPING events from decorations provider vscode.git 2071
2023-01-09 13:20:51.874 [warning] [Decorations] CAPPING events from decorations provider vscode.git 2071
2023-01-09 13:20:56.971 [warning] [Decorations] CAPPING events from decorations provider vscode.git 2071
2023-01-09 13:21:02.132 [warning] [Decorations] CAPPING events from decorations provider vscode.git 2071
2023-01-09 13:21:07.230 [warning] [Decorations] CAPPING events from decorations provider vscode.git 2072
2023-01-09 13:21:12.327 [warning] [Decorations] CAPPING events from decorations provider vscode.git 2072
2023-01-09 13:21:17.418 [warning] [Decorations] CAPPING events from decorations provider vscode.git 2072
2023-01-09 13:21:22.515 [warning] [Decorations] CAPPING events from decorations provider vscode.git 2073
2023-01-09 13:21:27.604 [warning] [Decorations] CAPPING events from decorations provider vscode.git 2073
2023-01-09 13:21:32.700 [warning] [Decorations] CAPPING events from decorations provider vscode.git 2074
2023-01-09 13:21:37.792 [warning] [Decorations] CAPPING events from decorations provider vscode.git 2074
2023-01-09 13:21:42.889 [warning] [Decorations] CAPPING events from decorations provider vscode.git 2074
2023-01-09 13:21:48.042 [warning] [Decorations] CAPPING events from decorations provider vscode.git 2074
2023-01-09 13:22:02.967 [warning] [Decorations] CAPPING events from decorations provider vscode.git 2074
2023-01-09 13:22:17.065 [warning] [Decorations] CAPPING events from decorations provider vscode.git 2074
2023-01-09 13:22:22.168 [warning] [Decorations] CAPPING events from decorations provider vscode.git 2074
2023-01-09 13:22:27.258 [warning] [Decorations] CAPPING events from decorations provider vscode.git 2075
2023-01-09 13:22:32.352 [warning] [Decorations] CAPPING events from decorations provider vscode.git 2075
2023-01-09 13:22:37.455 [warning] [Decorations] CAPPING events from decorations provider vscode.git 2075
2023-01-09 13:22:42.542 [warning] [Decorations] CAPPING events from decorations provider vscode.git 2075
2023-01-09 13:22:47.641 [warning] [Decorations] CAPPING events from decorations provider vscode.git 2075
2023-01-09 13:22:52.857 [warning] [Decorations] CAPPING events from decorations provider vscode.git 2075
2023-01-09 13:22:57.955 [warning] [Decorations] CAPPING events from decorations provider vscode.git 2075
2023-01-09 13:23:03.052 [warning] [Decorations] CAPPING events from decorations provider vscode.git 2075
2023-01-09 13:23:08.148 [warning] [Decorations] CAPPING events from decorations provider vscode.git 2075
2023-01-09 13:23:13.250 [warning] [Decorations] CAPPING events from decorations provider vscode.git 2075
2023-01-09 13:23:18.341 [warning] [Decorations] CAPPING events from decorations provider vscode.git 2075
2023-01-09 13:23:23.435 [warning] [Decorations] CAPPING events from decorations provider vscode.git 2075
2023-01-09 13:23:28.523 [warning] [Decorations] CAPPING events from decorations provider vscode.git 2075
2023-01-09 13:23:33.621 [warning] [Decorations] CAPPING events from decorations provider vscode.git 2075
2023-01-09 13:23:38.715 [warning] [Decorations] CAPPING events from decorations provider vscode.git 2075
2023-01-09 13:23:43.812 [warning] [Decorations] CAPPING events from decorations provider vscode.git 2075
2023-01-09 13:23:48.961 [warning] [Decorations] CAPPING events from decorations provider vscode.git 2075
2023-01-09 13:23:54.056 [warning] [Decorations] CAPPING events from decorations provider vscode.git 2075
2023-01-09 13:23:59.155 [warning] [Decorations] CAPPING events from decorations provider vscode.git 2075
2023-01-09 13:24:04.956 [warning] [Decorations] CAPPING events from decorations provider vscode.git 2075
2023-01-09 13:24:10.044 [warning] [Decorations] CAPPING events from decorations provider vscode.git 2075
2023-01-09 13:24:15.141 [warning] [Decorations] CAPPING events from decorations provider vscode.git 2075
2023-01-09 13:25:08.559 [warning] [Decorations] CAPPING events from decorations provider vscode.git 2076
2023-01-09 13:25:13.659 [warning] [Decorations] CAPPING events from decorations provider vscode.git 2076
2023-01-09 13:25:18.753 [warning] [Decorations] CAPPING events from decorations provider vscode.git 2076
2023-01-09 13:25:23.847 [warning] [Decorations] CAPPING events from decorations provider vscode.git 2076
2023-01-09 13:25:29.028 [warning] [Decorations] CAPPING events from decorations provider vscode.git 2078
2023-01-09 13:25:34.121 [warning] [Decorations] CAPPING events from decorations provider vscode.git 2078
2023-01-09 13:25:40.033 [warning] [Decorations] CAPPING events from decorations provider vscode.git 2078
2023-01-09 13:25:45.124 [warning] [Decorations] CAPPING events from decorations provider vscode.git 2078
2023-01-09 13:25:50.228 [warning] [Decorations] CAPPING events from decorations provider vscode.git 2078
2023-01-09 13:25:55.317 [warning] [Decorations] CAPPING events from decorations provider vscode.git 2078
2023-01-09 13:26:00.409 [warning] [Decorations] CAPPING events from decorations provider vscode.git 2078
2023-01-09 13:26:05.506 [warning] [Decorations] CAPPING events from decorations provider vscode.git 2078
2023-01-09 13:26:10.595 [warning] [Decorations] CAPPING events from decorations provider vscode.git 2078
2023-01-09 13:26:15.692 [warning] [Decorations] CAPPING events from decorations provider vscode.git 2078
2023-01-09 13:26:20.785 [warning] [Decorations] CAPPING events from decorations provider vscode.git 2078
2023-01-09 13:26:25.886 [warning] [Decorations] CAPPING events from decorations provider vscode.git 2078
2023-01-09 13:26:30.978 [warning] [Decorations] CAPPING events from decorations provider vscode.git 2078
2023-01-09 13:26:36.150 [warning] [Decorations] CAPPING events from decorations provider vscode.git 2078
2023-01-09 13:26:41.243 [warning] [Decorations] CAPPING events from decorations provider vscode.git 2078
2023-01-09 13:26:47.758 [warning] [Decorations] CAPPING events from decorations provider vscode.git 2078
2023-01-09 13:26:52.849 [warning] [Decorations] CAPPING events from decorations provider vscode.git 2079
2023-01-09 13:26:58.007 [warning] [Decorations] CAPPING events from decorations provider vscode.git 2079
2023-01-09 13:27:03.187 [warning] [Decorations] CAPPING events from decorations provider vscode.git 2079
2023-01-09 13:27:08.284 [warning] [Decorations] CAPPING events from decorations provider vscode.git 2079
2023-01-09 13:27:13.392 [warning] [Decorations] CAPPING events from decorations provider vscode.git 2079
2023-01-09 13:27:18.481 [warning] [Decorations] CAPPING events from decorations provider vscode.git 2079
2023-01-09 13:27:23.670 [warning] [Decorations] CAPPING events from decorations provider vscode.git 2079
2023-01-09 13:27:28.767 [warning] [Decorations] CAPPING events from decorations provider vscode.git 2079
2023-01-09 13:27:33.865 [warning] [Decorations] CAPPING events from decorations provider vscode.git 2079
2023-01-09 13:27:39.016 [warning] [Decorations] CAPPING events from decorations provider vscode.git 2079
2023-01-09 13:27:44.109 [warning] [Decorations] CAPPING events from decorations provider vscode.git 2079
2023-01-09 13:27:49.206 [warning] [Decorations] CAPPING events from decorations provider vscode.git 2079
2023-01-09 13:27:54.358 [warning] [Decorations] CAPPING events from decorations provider vscode.git 2079
2023-01-09 13:28:26.148 [warning] [Decorations] CAPPING events from decorations provider vscode.git 2079
2023-01-09 13:28:31.246 [warning] [Decorations] CAPPING events from decorations provider vscode.git 2079
2023-01-09 13:28:36.397 [warning] [Decorations] CAPPING events from decorations provider vscode.git 2079
2023-01-09 13:28:41.492 [warning] [Decorations] CAPPING events from decorations provider vscode.git 2080
2023-01-09 13:28:50.237 [warning] [Decorations] CAPPING events from decorations provider vscode.git 2080
2023-01-09 13:28:56.700 [warning] [Decorations] CAPPING events from decorations provider vscode.git 2080
2023-01-09 13:29:01.809 [warning] [Decorations] CAPPING events from decorations provider vscode.git 2080
2023-01-09 13:29:08.568 [warning] [Decorations] CAPPING events from decorations provider vscode.git 2080
2023-01-09 13:29:13.746 [warning] [Decorations] CAPPING events from decorations provider vscode.git 2080
2023-01-09 13:29:18.837 [warning] [Decorations] CAPPING events from decorations provider vscode.git 2080
2023-01-09 13:29:23.935 [warning] [Decorations] CAPPING events from decorations provider vscode.git 2080
2023-01-09 13:29:29.026 [warning] [Decorations] CAPPING events from decorations provider vscode.git 2080
2023-01-09 13:29:34.767 [warning] [Decorations] CAPPING events from decorations provider vscode.git 2081
2023-01-09 13:29:39.858 [warning] [Decorations] CAPPING events from decorations provider vscode.git 2081
2023-01-09 13:29:45.852 [warning] [Decorations] CAPPING events from decorations provider vscode.git 2081
2023-01-09 13:29:50.943 [warning] [Decorations] CAPPING events from decorations provider vscode.git 2081
2023-01-09 13:30:13.782 [warning] [Decorations] CAPPING events from decorations provider vscode.git 2082
2023-01-09 13:30:18.873 [warning] [Decorations] CAPPING events from decorations provider vscode.git 2082
2023-01-09 13:30:28.082 [warning] [Decorations] CAPPING events from decorations provider vscode.git 2082
2023-01-09 13:30:33.173 [warning] [Decorations] CAPPING events from decorations provider vscode.git 2083
2023-01-09 13:30:38.350 [warning] [Decorations] CAPPING events from decorations provider vscode.git 2083
2023-01-09 13:30:43.445 [warning] [Decorations] CAPPING events from decorations provider vscode.git 2083
2023-01-09 13:30:48.545 [warning] [Decorations] CAPPING events from decorations provider vscode.git 2083
2023-01-09 13:30:56.323 [warning] [Decorations] CAPPING events from decorations provider vscode.git 2084
2023-01-09 13:31:03.315 [warning] [Decorations] CAPPING events from decorations provider vscode.git 2084
2023-01-09 13:31:08.411 [warning] [Decorations] CAPPING events from decorations provider vscode.git 2084
2023-01-09 13:31:19.317 [warning] [Decorations] CAPPING events from decorations provider vscode.git 2084
2023-01-09 13:31:24.411 [warning] [Decorations] CAPPING events from decorations provider vscode.git 2084
2023-01-09 13:31:29.581 [warning] [Decorations] CAPPING events from decorations provider vscode.git 2084
2023-01-09 13:33:38.097 [warning] [Decorations] CAPPING events from decorations provider vscode.git 2084
2023-01-09 13:33:43.193 [warning] [Decorations] CAPPING events from decorations provider vscode.git 2084
2023-01-09 13:33:48.282 [warning] [Decorations] CAPPING events from decorations provider vscode.git 2085
2023-01-09 13:34:25.915 [warning] [Decorations] CAPPING events from decorations provider vscode.git 2085
2023-01-09 13:34:31.015 [warning] [Decorations] CAPPING events from decorations provider vscode.git 2085
2023-01-09 13:34:36.111 [warning] [Decorations] CAPPING events from decorations provider vscode.git 2086
2023-01-09 13:34:41.208 [warning] [Decorations] CAPPING events from decorations provider vscode.git 2086
2023-01-09 13:34:46.363 [warning] [Decorations] CAPPING events from decorations provider vscode.git 2086
2023-01-09 13:34:51.452 [warning] [Decorations] CAPPING events from decorations provider vscode.git 2086
2023-01-09 13:40:43.016 [warning] [Decorations] CAPPING events from decorations provider vscode.git 2087
2023-01-09 13:40:48.115 [warning] [Decorations] CAPPING events from decorations provider vscode.git 2087
2023-01-09 13:40:53.208 [warning] [Decorations] CAPPING events from decorations provider vscode.git 2087
2023-01-09 13:40:58.299 [warning] [Decorations] CAPPING events from decorations provider vscode.git 2087
2023-01-09 13:41:04.448 [warning] [Decorations] CAPPING events from decorations provider vscode.git 2088
2023-01-09 13:41:26.529 [warning] [Decorations] CAPPING events from decorations provider vscode.git 2088
2023-01-09 13:41:31.628 [warning] [Decorations] CAPPING events from decorations provider vscode.git 2089
2023-01-09 13:41:37.473 [warning] [Decorations] CAPPING events from decorations provider vscode.git 2089
2023-01-09 13:41:42.570 [warning] [Decorations] CAPPING events from decorations provider vscode.git 2089
2023-01-09 13:41:47.659 [warning] [Decorations] CAPPING events from decorations provider vscode.git 2089
2023-01-09 13:41:52.826 [warning] [Decorations] CAPPING events from decorations provider vscode.git 2089
2023-01-09 13:41:57.922 [warning] [Decorations] CAPPING events from decorations provider vscode.git 2090
2023-01-09 13:42:03.014 [warning] [Decorations] CAPPING events from decorations provider vscode.git 2090
2023-01-09 13:44:50.598 [warning] [Decorations] CAPPING events from decorations provider vscode.git 2090
2023-01-09 13:44:55.782 [warning] [Decorations] CAPPING events from decorations provider vscode.git 2090
2023-01-09 13:45:00.966 [warning] [Decorations] CAPPING events from decorations provider vscode.git 2090
2023-01-09 13:45:06.074 [warning] [Decorations] CAPPING events from decorations provider vscode.git 2092
2023-01-09 13:45:11.170 [warning] [Decorations] CAPPING events from decorations provider vscode.git 2092
2023-01-09 13:45:16.266 [warning] [Decorations] CAPPING events from decorations provider vscode.git 2092
2023-01-09 13:45:52.196 [warning] [Decorations] CAPPING events from decorations provider vscode.git 2092
2023-01-09 13:45:57.300 [warning] [Decorations] CAPPING events from decorations provider vscode.git 2092
2023-01-09 13:46:02.395 [warning] [Decorations] CAPPING events from decorations provider vscode.git 2092
2023-01-09 13:46:07.484 [warning] [Decorations] CAPPING events from decorations provider vscode.git 2092
2023-01-09 13:46:12.588 [warning] [Decorations] CAPPING events from decorations provider vscode.git 2092
2023-01-09 13:46:17.756 [warning] [Decorations] CAPPING events from decorations provider vscode.git 2092
2023-01-09 13:46:22.855 [warning] [Decorations] CAPPING events from decorations provider vscode.git 2092
2023-01-09 13:46:27.945 [warning] [Decorations] CAPPING events from decorations provider vscode.git 2092
2023-01-09 13:46:33.043 [warning] [Decorations] CAPPING events from decorations provider vscode.git 2092
2023-01-09 13:46:38.134 [warning] [Decorations] CAPPING events from decorations provider vscode.git 2092
2023-01-09 13:46:43.224 [warning] [Decorations] CAPPING events from decorations provider vscode.git 2092
2023-01-09 13:46:48.325 [warning] [Decorations] CAPPING events from decorations provider vscode.git 2092
2023-01-09 13:51:56.788 [warning] [Decorations] CAPPING events from decorations provider vscode.git 2092
2023-01-09 13:52:01.925 [warning] [Decorations] CAPPING events from decorations provider vscode.git 2092
2023-01-09 13:52:07.022 [warning] [Decorations] CAPPING events from decorations provider vscode.git 2092
2023-01-09 13:52:12.118 [warning] [Decorations] CAPPING events from decorations provider vscode.git 2092
2023-01-09 13:52:22.947 [warning] [Decorations] CAPPING events from decorations provider vscode.git 2092
2023-01-09 13:52:28.051 [warning] [Decorations] CAPPING events from decorations provider vscode.git 2093
2023-01-09 13:52:33.142 [warning] [Decorations] CAPPING events from decorations provider vscode.git 2093
2023-01-09 13:52:38.240 [warning] [Decorations] CAPPING events from decorations provider vscode.git 2094
2023-01-09 13:52:43.408 [warning] [Decorations] CAPPING events from decorations provider vscode.git 2094
2023-01-09 13:52:48.592 [warning] [Decorations] CAPPING events from decorations provider vscode.git 2094
2023-01-09 13:52:53.689 [warning] [Decorations] CAPPING events from decorations provider vscode.git 2094
2023-01-09 13:52:59.447 [warning] [Decorations] CAPPING events from decorations provider vscode.git 2095
2023-01-09 13:53:11.966 [warning] [Decorations] CAPPING events from decorations provider vscode.git 2095
2023-01-09 13:53:17.058 [warning] [Decorations] CAPPING events from decorations provider vscode.git 2096
2023-01-09 13:53:22.153 [warning] [Decorations] CAPPING events from decorations provider vscode.git 2096
2023-01-09 13:53:27.244 [warning] [Decorations] CAPPING events from decorations provider vscode.git 2096
2023-01-09 13:53:32.344 [warning] [Decorations] CAPPING events from decorations provider vscode.git 2096
2023-01-09 13:53:47.096 [warning] [Decorations] CAPPING events from decorations provider vscode.git 2097
2023-01-09 13:53:52.194 [warning] [Decorations] CAPPING events from decorations provider vscode.git 2097
2023-01-09 13:53:57.287 [warning] [Decorations] CAPPING events from decorations provider vscode.git 2097
2023-01-09 13:54:02.384 [warning] [Decorations] CAPPING events from decorations provider vscode.git 2097
2023-01-09 13:54:07.477 [warning] [Decorations] CAPPING events from decorations provider vscode.git 2097
2023-01-09 13:54:48.375 [warning] [Decorations] CAPPING events from decorations provider vscode.git 2097
2023-01-09 13:55:05.629 [warning] [Decorations] CAPPING events from decorations provider vscode.git 2097
2023-01-09 13:55:10.733 [warning] [Decorations] CAPPING events from decorations provider vscode.git 2097
2023-01-09 14:06:39.517 [info] Extension host terminating: renderer disconnected for too long (2)
2023-01-09 14:06:39.519 [info] Lock '/home/ubuntu/.vscode-server/data/User/workspaceStorage/d165b1a35fe49e71ebb7396c0c10341c/vscode.lock': Marking the lockfile as scheduled to be released in 6000 ms.
2023-01-09 14:06:39.536 [info] Extension host with pid 1148 exiting with code 0
