2023-01-21 22:22:26.306 [info] Extension host with pid 1696 started
2023-01-21 22:22:26.334 [info] Lock '/home/ubuntu/.vscode-server/data/User/workspaceStorage/d165b1a35fe49e71ebb7396c0c10341c/vscode.lock': Lock acquired.
2023-01-21 22:22:27.882 [info] ExtensionService#_doActivateExtension vscode.git-base, startup: false, activationEvent: '*', root cause: vscode.git
2023-01-21 22:22:28.339 [info] ExtensionService#_doActivateExtension vscode.git, startup: false, activationEvent: '*'
2023-01-21 22:22:28.340 [info] ExtensionService#_doActivateExtension vscode.github, startup: false, activationEvent: '*'
2023-01-21 22:22:32.383 [info] ExtensionService#_doActivateExtension vscode.debug-auto-launch, startup: false, activationEvent: 'onStartupFinished'
2023-01-21 22:22:32.384 [info] ExtensionService#_doActivateExtension vscode.emmet, startup: false, activationEvent: 'onStartupFinished'
2023-01-21 22:22:32.389 [info] ExtensionService#_doActivateExtension vscode.merge-conflict, startup: false, activationEvent: 'onStartupFinished'
2023-01-21 22:22:32.390 [info] Eager extensions activated
2023-01-21 22:22:32.972 [warning] [Decorations] CAPPING events from decorations provider vscode.git 3835
2023-01-21 22:22:34.849 [warning] [Decorations] CAPPING events from decorations provider vscode.git 3835
2023-01-21 22:23:14.739 [warning] [Decorations] CAPPING events from decorations provider vscode.git 3836
2023-01-21 22:23:20.024 [warning] [Decorations] CAPPING events from decorations provider vscode.git 3836
2023-01-21 22:24:12.926 [warning] [Decorations] CAPPING events from decorations provider vscode.git 3836
2023-01-21 22:25:17.007 [warning] [Decorations] CAPPING events from decorations provider vscode.git 3836
2023-01-21 22:25:22.259 [warning] [Decorations] CAPPING events from decorations provider vscode.git 3836
2023-01-21 22:25:29.283 [warning] [Decorations] CAPPING events from decorations provider vscode.git 3836
2023-01-21 22:25:34.532 [warning] [Decorations] CAPPING events from decorations provider vscode.git 3836
2023-01-21 22:26:13.282 [warning] [Decorations] CAPPING events from decorations provider vscode.git 3838
2023-01-21 22:26:18.529 [warning] [Decorations] CAPPING events from decorations provider vscode.git 3839
2023-01-21 22:26:23.768 [warning] [Decorations] CAPPING events from decorations provider vscode.git 3839
2023-01-21 22:26:29.015 [warning] [Decorations] CAPPING events from decorations provider vscode.git 3839
2023-01-21 22:26:34.267 [warning] [Decorations] CAPPING events from decorations provider vscode.git 3839
2023-01-21 22:26:39.513 [warning] [Decorations] CAPPING events from decorations provider vscode.git 3839
2023-01-21 22:31:08.342 [warning] [Decorations] CAPPING events from decorations provider vscode.git 3839
2023-01-21 22:31:13.588 [warning] [Decorations] CAPPING events from decorations provider vscode.git 3839
2023-01-21 22:31:30.225 [warning] [Decorations] CAPPING events from decorations provider vscode.git 3839
2023-01-21 22:35:54.363 [warning] [Decorations] CAPPING events from decorations provider vscode.git 3840
2023-01-21 22:35:59.617 [warning] [Decorations] CAPPING events from decorations provider vscode.git 3840
