2023-01-08 15:40:29.357 [info] Extension host with pid 3764 started
2023-01-08 15:40:29.371 [info] Lock '/home/ubuntu/.vscode-server/data/User/workspaceStorage/d165b1a35fe49e71ebb7396c0c10341c/vscode.lock': Lock acquired.
2023-01-08 15:40:29.716 [info] ExtensionService#_doActivateExtension vscode.git-base, startup: false, activationEvent: '*', root cause: vscode.git
2023-01-08 15:40:29.990 [info] ExtensionService#_doActivateExtension vscode.git, startup: false, activationEvent: '*'
2023-01-08 15:40:29.990 [info] ExtensionService#_doActivateExtension vscode.github, startup: false, activationEvent: '*'
2023-01-08 15:40:30.624 [info] ExtensionService#_doActivateExtension vscode.debug-auto-launch, startup: false, activationEvent: 'onStartupFinished'
2023-01-08 15:40:30.624 [info] ExtensionService#_doActivateExtension vscode.emmet, startup: false, activationEvent: 'onStartupFinished'
2023-01-08 15:40:30.625 [info] ExtensionService#_doActivateExtension vscode.merge-conflict, startup: false, activationEvent: 'onStartupFinished'
2023-01-08 15:40:30.626 [info] Eager extensions activated
2023-01-08 15:40:30.958 [warning] [Decorations] CAPPING events from decorations provider vscode.git 1880
2023-01-08 15:40:31.640 [warning] [Decorations] CAPPING events from decorations provider vscode.git 1880
2023-01-08 15:40:33.974 [warning] [Decorations] CAPPING events from decorations provider vscode.git 1881
2023-01-08 15:40:39.051 [warning] [Decorations] CAPPING events from decorations provider vscode.git 1881
2023-01-08 15:40:44.130 [warning] [Decorations] CAPPING events from decorations provider vscode.git 1881
2023-01-08 15:40:49.260 [warning] [Decorations] CAPPING events from decorations provider vscode.git 1881
2023-01-08 15:40:54.387 [warning] [Decorations] CAPPING events from decorations provider vscode.git 1881
2023-01-08 15:40:59.451 [warning] [Decorations] CAPPING events from decorations provider vscode.git 1881
2023-01-08 15:41:04.528 [warning] [Decorations] CAPPING events from decorations provider vscode.git 1881
2023-01-08 15:41:09.671 [warning] [Decorations] CAPPING events from decorations provider vscode.git 1881
2023-01-08 15:41:14.743 [warning] [Decorations] CAPPING events from decorations provider vscode.git 1881
2023-01-08 15:41:21.259 [warning] [Decorations] CAPPING events from decorations provider vscode.git 1881
2023-01-08 15:41:21.269 [info] Extension host terminating: received terminate message from renderer
2023-01-08 15:41:21.270 [info] Lock '/home/ubuntu/.vscode-server/data/User/workspaceStorage/d165b1a35fe49e71ebb7396c0c10341c/vscode.lock': Marking the lockfile as scheduled to be released in 6000 ms.
2023-01-08 15:41:21.284 [info] Extension host with pid 3764 exiting with code 0
