2023-01-08 16:16:01.030 [info] Log level: Info
2023-01-08 16:16:01.031 [info] Validating found git in: "git"
2023-01-08 16:16:01.031 [info] Using git "2.34.1" from "git"
2023-01-08 16:16:01.031 [info] > git rev-parse --show-toplevel [74ms]
2023-01-08 16:16:01.031 [info] > git rev-parse --git-dir --git-common-dir [5ms]
2023-01-08 16:16:01.031 [info] Open repository: /home/ubuntu
2023-01-08 16:16:01.032 [info] > git rev-parse --show-toplevel [7ms]
2023-01-08 16:16:01.032 [info] > git config --get commit.template [17ms]
2023-01-08 16:16:01.032 [info] > git rev-parse --show-toplevel [14ms]
2023-01-08 16:16:01.032 [info] > git rev-parse --show-toplevel [2ms]
2023-01-08 16:16:01.032 [info] > git rev-parse --show-toplevel [2ms]
2023-01-08 16:16:01.033 [info] > git rev-parse --show-toplevel [1ms]
2023-01-08 16:16:01.033 [info] > git rev-parse --show-toplevel [2ms]
2023-01-08 16:16:01.033 [info] > git rev-parse --show-toplevel [2ms]
2023-01-08 16:16:01.033 [info] > git rev-parse --show-toplevel [1ms]
2023-01-08 16:16:01.033 [info] > git for-each-ref --format=%(refname)%00%(upstream:short)%00%(objectname)%00%(upstream:track)%00%(upstream:remotename)%00%(upstream:remoteref) refs/heads/roles-feature refs/remotes/roles-feature [35ms]
2023-01-08 16:16:01.033 [info] > git rev-parse --show-toplevel [10ms]
2023-01-08 16:16:01.033 [info] > git for-each-ref --sort -committerdate --format %(refname) %(objectname) %(*objectname) [9ms]
2023-01-08 16:16:01.033 [info] > git rev-parse --show-toplevel [6ms]
2023-01-08 16:16:01.034 [info] > git rev-parse --show-toplevel [2ms]
2023-01-08 16:16:01.034 [info] > git rev-parse --show-toplevel [2ms]
2023-01-08 16:16:01.034 [info] > git rev-parse --show-toplevel [2ms]
2023-01-08 16:16:01.034 [info] > git status -z -uall [58ms]
2023-01-08 16:16:01.034 [info] > git config --get commit.template [6ms]
2023-01-08 16:16:01.034 [info] > git for-each-ref --format=%(refname)%00%(upstream:short)%00%(objectname)%00%(upstream:track)%00%(upstream:remotename)%00%(upstream:remoteref) refs/heads/roles-feature refs/remotes/roles-feature [3ms]
2023-01-08 16:16:01.034 [info] > git for-each-ref --sort -committerdate --format %(refname) %(objectname) %(*objectname) [4ms]
2023-01-08 16:16:01.034 [info] > git status -z -uall [28ms]
2023-01-08 16:16:01.035 [info] > git check-ignore -v -z --stdin [3ms]
2023-01-08 16:16:01.035 [info] > git ls-files --stage -- /home/ubuntu/roles/mysql/defaults/main.yml [6ms]
2023-01-08 16:16:01.035 [info] > git show --textconv :roles/mysql/defaults/main.yml [16ms]
2023-01-08 16:16:01.035 [info] > git cat-file -s 8b0bfad792ae21968298fdc2e0be58a5863cb123 [4ms]
2023-01-08 16:16:48.677 [info] > git config --get commit.template [5ms]
2023-01-08 16:16:48.679 [info] > git for-each-ref --format=%(refname)%00%(upstream:short)%00%(objectname)%00%(upstream:track)%00%(upstream:remotename)%00%(upstream:remoteref) refs/heads/roles-feature refs/remotes/roles-feature [4ms]
2023-01-08 16:16:48.692 [info] > git for-each-ref --sort -committerdate --format %(refname) %(objectname) %(*objectname) [4ms]
2023-01-08 16:16:48.708 [info] > git status -z -uall [25ms]
2023-01-08 16:16:57.029 [info] > git config --get commit.template [5ms]
2023-01-08 16:16:57.031 [info] > git for-each-ref --format=%(refname)%00%(upstream:short)%00%(objectname)%00%(upstream:track)%00%(upstream:remotename)%00%(upstream:remoteref) refs/heads/roles-feature refs/remotes/roles-feature [4ms]
2023-01-08 16:16:57.044 [info] > git for-each-ref --sort -committerdate --format %(refname) %(objectname) %(*objectname) [6ms]
2023-01-08 16:16:57.064 [info] > git status -z -uall [30ms]
2023-01-08 16:17:16.910 [info] > git config --get commit.template [6ms]
2023-01-08 16:17:16.912 [info] > git for-each-ref --format=%(refname)%00%(upstream:short)%00%(objectname)%00%(upstream:track)%00%(upstream:remotename)%00%(upstream:remoteref) refs/heads/roles-feature refs/remotes/roles-feature [3ms]
2023-01-08 16:17:16.926 [info] > git for-each-ref --sort -committerdate --format %(refname) %(objectname) %(*objectname) [2ms]
2023-01-08 16:17:16.944 [info] > git status -z -uall [29ms]
2023-01-08 16:19:41.378 [info] > git ls-files --stage -- /home/ubuntu/roles/mysql/defaults/main.yml [7ms]
2023-01-08 16:19:41.384 [info] > git cat-file -s 8b0bfad792ae21968298fdc2e0be58a5863cb123 [2ms]
2023-01-08 16:19:41.743 [info] > git show --textconv :roles/mysql/defaults/main.yml [4ms]
2023-01-08 16:20:06.046 [info] > git config --get commit.template [6ms]
2023-01-08 16:20:06.063 [info] > git for-each-ref --format=%(refname)%00%(upstream:short)%00%(objectname)%00%(upstream:track)%00%(upstream:remotename)%00%(upstream:remoteref) refs/heads/roles-feature refs/remotes/roles-feature [18ms]
2023-01-08 16:20:06.079 [info] > git for-each-ref --sort -committerdate --format %(refname) %(objectname) %(*objectname) [2ms]
2023-01-08 16:20:06.127 [info] > git status -z -uall [60ms]
