2023-01-08 15:40:32.609 [info] Log level: Info
2023-01-08 15:40:32.609 [info] Validating found git in: "git"
2023-01-08 15:40:32.609 [info] Using git "2.34.1" from "git"
2023-01-08 15:40:32.609 [info] > git rev-parse --show-toplevel [67ms]
2023-01-08 15:40:32.609 [info] > git rev-parse --git-dir --git-common-dir [4ms]
2023-01-08 15:40:32.609 [info] Open repository: /home/ubuntu
2023-01-08 15:40:32.609 [info] > git rev-parse --show-toplevel [12ms]
2023-01-08 15:40:32.609 [info] > git config --get commit.template [14ms]
2023-01-08 15:40:32.609 [info] > git rev-parse --show-toplevel [19ms]
2023-01-08 15:40:32.609 [info] > git for-each-ref --format=%(refname)%00%(upstream:short)%00%(objectname)%00%(upstream:track)%00%(upstream:remotename)%00%(upstream:remoteref) refs/heads/roles-feature refs/remotes/roles-feature [11ms]
2023-01-08 15:40:32.610 [info] > git rev-parse --show-toplevel [21ms]
2023-01-08 15:40:32.610 [info] > git for-each-ref --sort -committerdate --format %(refname) %(objectname) %(*objectname) [18ms]
2023-01-08 15:40:32.610 [info] > git rev-parse --show-toplevel [11ms]
2023-01-08 15:40:32.610 [info] > git rev-parse --show-toplevel [5ms]
2023-01-08 15:40:32.610 [info] > git rev-parse --show-toplevel [3ms]
2023-01-08 15:40:32.610 [info] > git status -z -uall [74ms]
2023-01-08 15:40:32.610 [info] > git rev-parse --show-toplevel [7ms]
2023-01-08 15:40:32.610 [info] > git rev-parse --show-toplevel [126ms]
2023-01-08 15:40:32.610 [info] > git config --get commit.template [6ms]
2023-01-08 15:40:32.610 [info] > git rev-parse --show-toplevel [8ms]
2023-01-08 15:40:32.610 [info] > git for-each-ref --format=%(refname)%00%(upstream:short)%00%(objectname)%00%(upstream:track)%00%(upstream:remotename)%00%(upstream:remoteref) refs/heads/roles-feature refs/remotes/roles-feature [7ms]
2023-01-08 15:40:32.610 [info] > git rev-parse --show-toplevel [15ms]
2023-01-08 15:40:32.610 [info] > git for-each-ref --sort -committerdate --format %(refname) %(objectname) %(*objectname) [87ms]
2023-01-08 15:40:32.610 [info] > git rev-parse --show-toplevel [580ms]
2023-01-08 15:40:32.610 [info] > git status -z -uall [602ms]
2023-01-08 15:40:32.610 [info] > git check-ignore -v -z --stdin [27ms]
2023-01-08 15:40:33.905 [info] > git config --get commit.template [5ms]
2023-01-08 15:40:33.907 [info] > git for-each-ref --format=%(refname)%00%(upstream:short)%00%(objectname)%00%(upstream:track)%00%(upstream:remotename)%00%(upstream:remoteref) refs/heads/roles-feature refs/remotes/roles-feature [3ms]
2023-01-08 15:40:33.930 [info] > git for-each-ref --sort -committerdate --format %(refname) %(objectname) %(*objectname) [14ms]
2023-01-08 15:40:33.944 [info] > git status -z -uall [34ms]
2023-01-08 15:40:37.604 [info] > git check-ignore -v -z --stdin [2ms]
2023-01-08 15:40:38.994 [info] > git config --get commit.template [5ms]
2023-01-08 15:40:38.995 [info] > git for-each-ref --format=%(refname)%00%(upstream:short)%00%(objectname)%00%(upstream:track)%00%(upstream:remotename)%00%(upstream:remoteref) refs/heads/roles-feature refs/remotes/roles-feature [3ms]
2023-01-08 15:40:39.008 [info] > git for-each-ref --sort -committerdate --format %(refname) %(objectname) %(*objectname) [4ms]
2023-01-08 15:40:39.028 [info] > git status -z -uall [30ms]
2023-01-08 15:40:44.073 [info] > git config --get commit.template [6ms]
2023-01-08 15:40:44.075 [info] > git for-each-ref --format=%(refname)%00%(upstream:short)%00%(objectname)%00%(upstream:track)%00%(upstream:remotename)%00%(upstream:remoteref) refs/heads/roles-feature refs/remotes/roles-feature [3ms]
2023-01-08 15:40:44.088 [info] > git for-each-ref --sort -committerdate --format %(refname) %(objectname) %(*objectname) [4ms]
2023-01-08 15:40:44.102 [info] > git status -z -uall [24ms]
2023-01-08 15:40:49.153 [info] > git config --get commit.template [7ms]
2023-01-08 15:40:49.176 [info] > git for-each-ref --format=%(refname)%00%(upstream:short)%00%(objectname)%00%(upstream:track)%00%(upstream:remotename)%00%(upstream:remoteref) refs/heads/roles-feature refs/remotes/roles-feature [26ms]
2023-01-08 15:40:49.226 [info] > git for-each-ref --sort -committerdate --format %(refname) %(objectname) %(*objectname) [18ms]
2023-01-08 15:40:49.242 [info] > git status -z -uall [41ms]
2023-01-08 15:40:54.280 [info] > git config --get commit.template [6ms]
2023-01-08 15:40:54.319 [info] > git for-each-ref --format=%(refname)%00%(upstream:short)%00%(objectname)%00%(upstream:track)%00%(upstream:remotename)%00%(upstream:remoteref) refs/heads/roles-feature refs/remotes/roles-feature [40ms]
2023-01-08 15:40:54.355 [info] > git for-each-ref --sort -committerdate --format %(refname) %(objectname) %(*objectname) [23ms]
2023-01-08 15:40:54.366 [info] > git status -z -uall [41ms]
2023-01-08 15:40:58.748 [info] > git check-ignore -v -z --stdin [3ms]
2023-01-08 15:40:59.407 [info] > git config --get commit.template [5ms]
2023-01-08 15:40:59.409 [info] > git for-each-ref --format=%(refname)%00%(upstream:short)%00%(objectname)%00%(upstream:track)%00%(upstream:remotename)%00%(upstream:remoteref) refs/heads/roles-feature refs/remotes/roles-feature [2ms]
2023-01-08 15:40:59.422 [info] > git for-each-ref --sort -committerdate --format %(refname) %(objectname) %(*objectname) [2ms]
2023-01-08 15:40:59.435 [info] > git status -z -uall [24ms]
2023-01-08 15:41:01.801 [info] > git check-ignore -v -z --stdin [3ms]
2023-01-08 15:41:04.471 [info] > git config --get commit.template [6ms]
2023-01-08 15:41:04.473 [info] > git for-each-ref --format=%(refname)%00%(upstream:short)%00%(objectname)%00%(upstream:track)%00%(upstream:remotename)%00%(upstream:remoteref) refs/heads/roles-feature refs/remotes/roles-feature [3ms]
2023-01-08 15:41:04.486 [info] > git for-each-ref --sort -committerdate --format %(refname) %(objectname) %(*objectname) [2ms]
2023-01-08 15:41:04.500 [info] > git status -z -uall [24ms]
2023-01-08 15:41:09.625 [info] > git config --get commit.template [36ms]
2023-01-08 15:41:09.625 [info] > git for-each-ref --format=%(refname)%00%(upstream:short)%00%(objectname)%00%(upstream:track)%00%(upstream:remotename)%00%(upstream:remoteref) refs/heads/roles-feature refs/remotes/roles-feature [3ms]
2023-01-08 15:41:09.639 [info] > git for-each-ref --sort -committerdate --format %(refname) %(objectname) %(*objectname) [3ms]
2023-01-08 15:41:09.653 [info] > git status -z -uall [24ms]
2023-01-08 15:41:14.691 [info] > git config --get commit.template [5ms]
2023-01-08 15:41:14.693 [info] > git for-each-ref --format=%(refname)%00%(upstream:short)%00%(objectname)%00%(upstream:track)%00%(upstream:remotename)%00%(upstream:remoteref) refs/heads/roles-feature refs/remotes/roles-feature [3ms]
2023-01-08 15:41:14.708 [info] > git for-each-ref --sort -committerdate --format %(refname) %(objectname) %(*objectname) [3ms]
2023-01-08 15:41:14.721 [info] > git status -z -uall [25ms]
2023-01-08 15:41:21.201 [info] > git config --get commit.template [6ms]
2023-01-08 15:41:21.203 [info] > git for-each-ref --format=%(refname)%00%(upstream:short)%00%(objectname)%00%(upstream:track)%00%(upstream:remotename)%00%(upstream:remoteref) refs/heads/roles-feature refs/remotes/roles-feature [3ms]
2023-01-08 15:41:21.216 [info] > git for-each-ref --sort -committerdate --format %(refname) %(objectname) %(*objectname) [4ms]
2023-01-08 15:41:21.231 [info] > git status -z -uall [25ms]
