2023-01-21 13:46:10.253 [info] Log level: Info
2023-01-21 13:46:10.254 [info] Validating found git in: "git"
2023-01-21 13:46:10.254 [info] Using git "2.34.1" from "git"
2023-01-21 13:46:10.254 [info] > git rev-parse --show-toplevel [82ms]
2023-01-21 13:46:10.254 [info] > git rev-parse --git-dir --git-common-dir [6ms]
2023-01-21 13:46:10.254 [info] Open repository: /home/ubuntu
2023-01-21 13:46:10.254 [info] > git rev-parse --show-toplevel [14ms]
2023-01-21 13:46:10.254 [info] > git rev-parse --show-toplevel [8ms]
2023-01-21 13:46:10.254 [info] > git config --get commit.template [23ms]
2023-01-21 13:46:10.254 [info] > git rev-parse --show-toplevel [4ms]
2023-01-21 13:46:10.254 [info] > git rev-parse --show-toplevel [2ms]
2023-01-21 13:46:10.254 [info] > git rev-parse --show-toplevel [2ms]
2023-01-21 13:46:10.254 [info] > git rev-parse --show-toplevel [2ms]
2023-01-21 13:46:10.254 [info] > git rev-parse --show-toplevel [1ms]
2023-01-21 13:46:10.255 [info] > git rev-parse --show-toplevel [2ms]
2023-01-21 13:46:10.255 [info] > git rev-parse --show-toplevel [1ms]
2023-01-21 13:46:10.255 [info] > git rev-parse --show-toplevel [1ms]
2023-01-21 13:46:10.255 [info] > git rev-parse --show-toplevel [2ms]
2023-01-21 13:46:10.255 [info] > git rev-parse --show-toplevel [2ms]
2023-01-21 13:46:10.255 [info] > git for-each-ref --format=%(refname)%00%(upstream:short)%00%(objectname)%00%(upstream:track)%00%(upstream:remotename)%00%(upstream:remoteref) refs/heads/roles-feature refs/remotes/roles-feature [54ms]
2023-01-21 13:46:10.255 [info] > git rev-parse --show-toplevel [11ms]
2023-01-21 13:46:10.255 [info] > git for-each-ref --sort -committerdate --format %(refname) %(objectname) %(*objectname) [8ms]
2023-01-21 13:46:10.255 [info] > git status -z -uall [102ms]
2023-01-21 13:46:10.255 [info] > git config --get commit.template [43ms]
2023-01-21 13:46:10.255 [info] > git for-each-ref --format=%(refname)%00%(upstream:short)%00%(objectname)%00%(upstream:track)%00%(upstream:remotename)%00%(upstream:remoteref) refs/heads/roles-feature refs/remotes/roles-feature [77ms]
2023-01-21 13:46:10.255 [info] > git for-each-ref --sort -committerdate --format %(refname) %(objectname) %(*objectname) [26ms]
2023-01-21 13:46:10.255 [info] > git status -z -uall [101ms]
2023-01-21 13:46:10.255 [info] > git check-ignore -v -z --stdin [55ms]
2023-01-21 13:46:10.255 [info] > git show --textconv :roles/nginx/defaults/main.yml [15ms]
2023-01-21 13:46:10.255 [info] > git ls-files --stage -- /home/ubuntu/roles/nginx/defaults/main.yml [15ms]
2023-01-21 13:46:10.255 [info] > git cat-file -s 45b2b6339eae974eb7b2c0147fe621c870dc8fde [3ms]
2023-01-21 13:46:11.661 [info] > git config --get commit.template [7ms]
2023-01-21 13:46:11.664 [info] > git for-each-ref --format=%(refname)%00%(upstream:short)%00%(objectname)%00%(upstream:track)%00%(upstream:remotename)%00%(upstream:remoteref) refs/heads/roles-feature refs/remotes/roles-feature [4ms]
2023-01-21 13:46:11.688 [info] > git for-each-ref --sort -committerdate --format %(refname) %(objectname) %(*objectname) [9ms]
2023-01-21 13:46:11.731 [info] > git status -z -uall [60ms]
2023-01-21 13:46:16.825 [info] > git config --get commit.template [6ms]
2023-01-21 13:46:16.827 [info] > git for-each-ref --format=%(refname)%00%(upstream:short)%00%(objectname)%00%(upstream:track)%00%(upstream:remotename)%00%(upstream:remoteref) refs/heads/roles-feature refs/remotes/roles-feature [3ms]
2023-01-21 13:46:16.848 [info] > git for-each-ref --sort -committerdate --format %(refname) %(objectname) %(*objectname) [12ms]
2023-01-21 13:46:16.892 [info] > git status -z -uall [62ms]
2023-01-21 13:46:22.048 [info] > git config --get commit.template [42ms]
2023-01-21 13:46:22.051 [info] > git for-each-ref --format=%(refname)%00%(upstream:short)%00%(objectname)%00%(upstream:track)%00%(upstream:remotename)%00%(upstream:remoteref) refs/heads/roles-feature refs/remotes/roles-feature [22ms]
2023-01-21 13:46:22.072 [info] > git for-each-ref --sort -committerdate --format %(refname) %(objectname) %(*objectname) [10ms]
2023-01-21 13:46:22.111 [info] > git status -z -uall [55ms]
2023-01-21 13:46:27.194 [info] > git config --get commit.template [7ms]
2023-01-21 13:46:27.197 [info] > git for-each-ref --format=%(refname)%00%(upstream:short)%00%(objectname)%00%(upstream:track)%00%(upstream:remotename)%00%(upstream:remoteref) refs/heads/roles-feature refs/remotes/roles-feature [4ms]
2023-01-21 13:46:27.217 [info] > git for-each-ref --sort -committerdate --format %(refname) %(objectname) %(*objectname) [10ms]
2023-01-21 13:46:27.256 [info] > git status -z -uall [55ms]
2023-01-21 13:46:33.340 [info] > git config --get commit.template [7ms]
2023-01-21 13:46:33.343 [info] > git for-each-ref --format=%(refname)%00%(upstream:short)%00%(objectname)%00%(upstream:track)%00%(upstream:remotename)%00%(upstream:remoteref) refs/heads/roles-feature refs/remotes/roles-feature [5ms]
2023-01-21 13:46:33.364 [info] > git for-each-ref --sort -committerdate --format %(refname) %(objectname) %(*objectname) [10ms]
2023-01-21 13:46:33.401 [info] > git status -z -uall [55ms]
2023-01-21 13:46:38.489 [info] > git config --get commit.template [7ms]
2023-01-21 13:46:38.491 [info] > git for-each-ref --format=%(refname)%00%(upstream:short)%00%(objectname)%00%(upstream:track)%00%(upstream:remotename)%00%(upstream:remoteref) refs/heads/roles-feature refs/remotes/roles-feature [4ms]
2023-01-21 13:46:38.512 [info] > git for-each-ref --sort -committerdate --format %(refname) %(objectname) %(*objectname) [4ms]
2023-01-21 13:46:38.549 [info] > git status -z -uall [54ms]
2023-01-21 13:46:43.336 [info] > git check-ignore -v -z --stdin [4ms]
2023-01-21 13:46:43.624 [info] > git config --get commit.template [6ms]
2023-01-21 13:46:43.626 [info] > git for-each-ref --format=%(refname)%00%(upstream:short)%00%(objectname)%00%(upstream:track)%00%(upstream:remotename)%00%(upstream:remoteref) refs/heads/roles-feature refs/remotes/roles-feature [3ms]
2023-01-21 13:46:43.647 [info] > git for-each-ref --sort -committerdate --format %(refname) %(objectname) %(*objectname) [12ms]
2023-01-21 13:46:43.692 [info] > git status -z -uall [61ms]
2023-01-21 13:46:48.783 [info] > git config --get commit.template [6ms]
2023-01-21 13:46:48.785 [info] > git for-each-ref --format=%(refname)%00%(upstream:short)%00%(objectname)%00%(upstream:track)%00%(upstream:remotename)%00%(upstream:remoteref) refs/heads/roles-feature refs/remotes/roles-feature [4ms]
2023-01-21 13:46:48.810 [info] > git for-each-ref --sort -committerdate --format %(refname) %(objectname) %(*objectname) [17ms]
2023-01-21 13:46:48.852 [info] > git status -z -uall [64ms]
2023-01-21 13:46:53.929 [info] > git config --get commit.template [7ms]
2023-01-21 13:46:53.932 [info] > git for-each-ref --format=%(refname)%00%(upstream:short)%00%(objectname)%00%(upstream:track)%00%(upstream:remotename)%00%(upstream:remoteref) refs/heads/roles-feature refs/remotes/roles-feature [4ms]
2023-01-21 13:46:53.953 [info] > git for-each-ref --sort -committerdate --format %(refname) %(objectname) %(*objectname) [12ms]
2023-01-21 13:46:53.992 [info] > git status -z -uall [56ms]
2023-01-21 13:47:02.601 [info] > git config --get commit.template [5ms]
2023-01-21 13:47:02.603 [info] > git for-each-ref --format=%(refname)%00%(upstream:short)%00%(objectname)%00%(upstream:track)%00%(upstream:remotename)%00%(upstream:remoteref) refs/heads/roles-feature refs/remotes/roles-feature [3ms]
2023-01-21 13:47:02.636 [info] > git for-each-ref --sort -committerdate --format %(refname) %(objectname) %(*objectname) [12ms]
2023-01-21 13:47:02.673 [info] > git status -z -uall [62ms]
2023-01-21 13:47:07.771 [info] > git config --get commit.template [22ms]
2023-01-21 13:47:07.780 [info] > git for-each-ref --format=%(refname)%00%(upstream:short)%00%(objectname)%00%(upstream:track)%00%(upstream:remotename)%00%(upstream:remoteref) refs/heads/roles-feature refs/remotes/roles-feature [25ms]
2023-01-21 13:47:07.840 [info] > git for-each-ref --sort -committerdate --format %(refname) %(objectname) %(*objectname) [12ms]
2023-01-21 13:47:07.895 [info] > git status -z -uall [93ms]
2023-01-21 13:47:12.979 [info] > git config --get commit.template [11ms]
2023-01-21 13:47:12.981 [info] > git for-each-ref --format=%(refname)%00%(upstream:short)%00%(objectname)%00%(upstream:track)%00%(upstream:remotename)%00%(upstream:remoteref) refs/heads/roles-feature refs/remotes/roles-feature [3ms]
2023-01-21 13:47:13.003 [info] > git for-each-ref --sort -committerdate --format %(refname) %(objectname) %(*objectname) [12ms]
2023-01-21 13:47:13.040 [info] > git status -z -uall [54ms]
2023-01-21 13:47:18.185 [info] > git config --get commit.template [5ms]
2023-01-21 13:47:18.187 [info] > git for-each-ref --format=%(refname)%00%(upstream:short)%00%(objectname)%00%(upstream:track)%00%(upstream:remotename)%00%(upstream:remoteref) refs/heads/roles-feature refs/remotes/roles-feature [2ms]
2023-01-21 13:47:18.208 [info] > git for-each-ref --sort -committerdate --format %(refname) %(objectname) %(*objectname) [8ms]
2023-01-21 13:47:18.245 [info] > git status -z -uall [54ms]
2023-01-21 13:47:23.322 [info] > git config --get commit.template [6ms]
2023-01-21 13:47:23.324 [info] > git for-each-ref --format=%(refname)%00%(upstream:short)%00%(objectname)%00%(upstream:track)%00%(upstream:remotename)%00%(upstream:remoteref) refs/heads/roles-feature refs/remotes/roles-feature [3ms]
2023-01-21 13:47:23.345 [info] > git for-each-ref --sort -committerdate --format %(refname) %(objectname) %(*objectname) [9ms]
2023-01-21 13:47:23.384 [info] > git status -z -uall [57ms]
2023-01-21 14:23:21.620 [info] > git config --get commit.template [6ms]
2023-01-21 14:23:21.622 [info] > git for-each-ref --format=%(refname)%00%(upstream:short)%00%(objectname)%00%(upstream:track)%00%(upstream:remotename)%00%(upstream:remoteref) refs/heads/roles-feature refs/remotes/roles-feature [3ms]
2023-01-21 14:23:21.640 [info] > git for-each-ref --sort -committerdate --format %(refname) %(objectname) %(*objectname) [10ms]
2023-01-21 14:23:21.691 [info] > git status -z -uall [66ms]
2023-01-21 14:23:26.772 [info] > git config --get commit.template [5ms]
2023-01-21 14:23:26.774 [info] > git for-each-ref --format=%(refname)%00%(upstream:short)%00%(objectname)%00%(upstream:track)%00%(upstream:remotename)%00%(upstream:remoteref) refs/heads/roles-feature refs/remotes/roles-feature [2ms]
2023-01-21 14:23:26.796 [info] > git for-each-ref --sort -committerdate --format %(refname) %(objectname) %(*objectname) [14ms]
2023-01-21 14:23:26.836 [info] > git status -z -uall [57ms]
2023-01-21 14:23:31.913 [info] > git config --get commit.template [5ms]
2023-01-21 14:23:31.916 [info] > git for-each-ref --format=%(refname)%00%(upstream:short)%00%(objectname)%00%(upstream:track)%00%(upstream:remotename)%00%(upstream:remoteref) refs/heads/roles-feature refs/remotes/roles-feature [4ms]
2023-01-21 14:23:31.936 [info] > git for-each-ref --sort -committerdate --format %(refname) %(objectname) %(*objectname) [8ms]
2023-01-21 14:23:31.975 [info] > git status -z -uall [56ms]
2023-01-21 14:23:37.049 [info] > git config --get commit.template [6ms]
2023-01-21 14:23:37.051 [info] > git for-each-ref --format=%(refname)%00%(upstream:short)%00%(objectname)%00%(upstream:track)%00%(upstream:remotename)%00%(upstream:remoteref) refs/heads/roles-feature refs/remotes/roles-feature [3ms]
2023-01-21 14:23:37.073 [info] > git for-each-ref --sort -committerdate --format %(refname) %(objectname) %(*objectname) [11ms]
2023-01-21 14:23:37.113 [info] > git status -z -uall [58ms]
2023-01-21 14:23:46.445 [info] > git config --get commit.template [6ms]
2023-01-21 14:23:46.448 [info] > git for-each-ref --format=%(refname)%00%(upstream:short)%00%(objectname)%00%(upstream:track)%00%(upstream:remotename)%00%(upstream:remoteref) refs/heads/roles-feature refs/remotes/roles-feature [3ms]
2023-01-21 14:23:46.469 [info] > git for-each-ref --sort -committerdate --format %(refname) %(objectname) %(*objectname) [12ms]
2023-01-21 14:23:46.506 [info] > git status -z -uall [54ms]
2023-01-21 14:23:51.621 [info] > git for-each-ref --format=%(refname)%00%(upstream:short)%00%(objectname)%00%(upstream:track)%00%(upstream:remotename)%00%(upstream:remoteref) refs/heads/roles-feature refs/remotes/roles-feature [2ms]
2023-01-21 14:23:51.627 [info] > git config --get commit.template [43ms]
2023-01-21 14:23:51.687 [info] > git for-each-ref --sort -committerdate --format %(refname) %(objectname) %(*objectname) [23ms]
2023-01-21 14:23:51.726 [info] > git status -z -uall [76ms]
2023-01-21 14:27:03.036 [info] > git config --get commit.template [5ms]
2023-01-21 14:27:03.038 [info] > git for-each-ref --format=%(refname)%00%(upstream:short)%00%(objectname)%00%(upstream:track)%00%(upstream:remotename)%00%(upstream:remoteref) refs/heads/roles-feature refs/remotes/roles-feature [3ms]
2023-01-21 14:27:03.055 [info] > git for-each-ref --sort -committerdate --format %(refname) %(objectname) %(*objectname) [10ms]
2023-01-21 14:27:03.100 [info] > git status -z -uall [59ms]
2023-01-21 14:27:08.198 [info] > git config --get commit.template [5ms]
2023-01-21 14:27:08.200 [info] > git for-each-ref --format=%(refname)%00%(upstream:short)%00%(objectname)%00%(upstream:track)%00%(upstream:remotename)%00%(upstream:remoteref) refs/heads/roles-feature refs/remotes/roles-feature [3ms]
2023-01-21 14:27:08.220 [info] > git for-each-ref --sort -committerdate --format %(refname) %(objectname) %(*objectname) [8ms]
2023-01-21 14:27:08.258 [info] > git status -z -uall [55ms]
2023-01-21 14:27:13.341 [info] > git config --get commit.template [5ms]
2023-01-21 14:27:13.343 [info] > git for-each-ref --format=%(refname)%00%(upstream:short)%00%(objectname)%00%(upstream:track)%00%(upstream:remotename)%00%(upstream:remoteref) refs/heads/roles-feature refs/remotes/roles-feature [3ms]
2023-01-21 14:27:13.364 [info] > git for-each-ref --sort -committerdate --format %(refname) %(objectname) %(*objectname) [12ms]
2023-01-21 14:27:13.401 [info] > git status -z -uall [55ms]
2023-01-21 14:27:18.475 [info] > git config --get commit.template [5ms]
2023-01-21 14:27:18.477 [info] > git for-each-ref --format=%(refname)%00%(upstream:short)%00%(objectname)%00%(upstream:track)%00%(upstream:remotename)%00%(upstream:remoteref) refs/heads/roles-feature refs/remotes/roles-feature [3ms]
2023-01-21 14:27:18.497 [info] > git for-each-ref --sort -committerdate --format %(refname) %(objectname) %(*objectname) [8ms]
2023-01-21 14:27:18.540 [info] > git status -z -uall [59ms]
2023-01-21 14:27:23.616 [info] > git config --get commit.template [5ms]
2023-01-21 14:27:23.618 [info] > git for-each-ref --format=%(refname)%00%(upstream:short)%00%(objectname)%00%(upstream:track)%00%(upstream:remotename)%00%(upstream:remoteref) refs/heads/roles-feature refs/remotes/roles-feature [3ms]
2023-01-21 14:27:23.640 [info] > git for-each-ref --sort -committerdate --format %(refname) %(objectname) %(*objectname) [13ms]
2023-01-21 14:27:23.676 [info] > git status -z -uall [55ms]
2023-01-21 14:27:28.752 [info] > git config --get commit.template [5ms]
2023-01-21 14:27:28.754 [info] > git for-each-ref --format=%(refname)%00%(upstream:short)%00%(objectname)%00%(upstream:track)%00%(upstream:remotename)%00%(upstream:remoteref) refs/heads/roles-feature refs/remotes/roles-feature [3ms]
2023-01-21 14:27:28.776 [info] > git for-each-ref --sort -committerdate --format %(refname) %(objectname) %(*objectname) [13ms]
2023-01-21 14:27:28.815 [info] > git status -z -uall [57ms]
2023-01-21 14:27:33.892 [info] > git config --get commit.template [6ms]
2023-01-21 14:27:33.894 [info] > git for-each-ref --format=%(refname)%00%(upstream:short)%00%(objectname)%00%(upstream:track)%00%(upstream:remotename)%00%(upstream:remoteref) refs/heads/roles-feature refs/remotes/roles-feature [3ms]
2023-01-21 14:27:33.916 [info] > git for-each-ref --sort -committerdate --format %(refname) %(objectname) %(*objectname) [13ms]
2023-01-21 14:27:33.952 [info] > git status -z -uall [55ms]
2023-01-21 14:27:39.025 [info] > git config --get commit.template [6ms]
2023-01-21 14:27:39.027 [info] > git for-each-ref --format=%(refname)%00%(upstream:short)%00%(objectname)%00%(upstream:track)%00%(upstream:remotename)%00%(upstream:remoteref) refs/heads/roles-feature refs/remotes/roles-feature [3ms]
2023-01-21 14:27:39.048 [info] > git for-each-ref --sort -committerdate --format %(refname) %(objectname) %(*objectname) [4ms]
2023-01-21 14:27:39.087 [info] > git status -z -uall [56ms]
2023-01-21 14:27:42.801 [info] > git show --textconv :roles/nginx/README.md [16ms]
2023-01-21 14:27:42.808 [info] > git ls-files --stage -- /home/ubuntu/roles/nginx/README.md [6ms]
2023-01-21 14:27:42.819 [info] > git cat-file -s 08dfeefdf036b9abaf16f2d344d46d50e88b3490 [2ms]
2023-01-21 14:27:44.166 [info] > git config --get commit.template [5ms]
2023-01-21 14:27:44.168 [info] > git for-each-ref --format=%(refname)%00%(upstream:short)%00%(objectname)%00%(upstream:track)%00%(upstream:remotename)%00%(upstream:remoteref) refs/heads/roles-feature refs/remotes/roles-feature [3ms]
2023-01-21 14:27:44.188 [info] > git for-each-ref --sort -committerdate --format %(refname) %(objectname) %(*objectname) [11ms]
2023-01-21 14:27:44.233 [info] > git status -z -uall [61ms]
2023-01-21 14:30:20.028 [info] > git config --get commit.template [6ms]
2023-01-21 14:30:20.030 [info] > git for-each-ref --format=%(refname)%00%(upstream:short)%00%(objectname)%00%(upstream:track)%00%(upstream:remotename)%00%(upstream:remoteref) refs/heads/roles-feature refs/remotes/roles-feature [3ms]
2023-01-21 14:30:20.052 [info] > git for-each-ref --sort -committerdate --format %(refname) %(objectname) %(*objectname) [13ms]
2023-01-21 14:30:20.099 [info] > git status -z -uall [66ms]
2023-01-21 14:30:25.207 [info] > git config --get commit.template [8ms]
2023-01-21 14:30:25.209 [info] > git for-each-ref --format=%(refname)%00%(upstream:short)%00%(objectname)%00%(upstream:track)%00%(upstream:remotename)%00%(upstream:remoteref) refs/heads/roles-feature refs/remotes/roles-feature [3ms]
2023-01-21 14:30:25.232 [info] > git for-each-ref --sort -committerdate --format %(refname) %(objectname) %(*objectname) [14ms]
2023-01-21 14:30:25.273 [info] > git status -z -uall [60ms]
2023-01-21 14:30:30.417 [info] > git config --get commit.template [6ms]
2023-01-21 14:30:30.419 [info] > git for-each-ref --format=%(refname)%00%(upstream:short)%00%(objectname)%00%(upstream:track)%00%(upstream:remotename)%00%(upstream:remoteref) refs/heads/roles-feature refs/remotes/roles-feature [3ms]
2023-01-21 14:30:30.444 [info] > git for-each-ref --sort -committerdate --format %(refname) %(objectname) %(*objectname) [14ms]
2023-01-21 14:30:30.485 [info] > git status -z -uall [62ms]
2023-01-21 14:30:31.236 [info] > git check-ignore -v -z --stdin [60ms]
2023-01-21 14:30:32.898 [info] > git show --textconv :roles/nginx/templates/nginx.conf.j2 [7ms]
2023-01-21 14:30:32.901 [info] > git ls-files --stage -- /home/ubuntu/roles/nginx/templates/nginx.conf.j2 [4ms]
2023-01-21 14:30:32.907 [info] > git cat-file -s 7cdec60283cbda86e3d8a17a831537fe4ee4fa88 [2ms]
2023-01-21 14:30:35.564 [info] > git config --get commit.template [6ms]
2023-01-21 14:30:35.566 [info] > git for-each-ref --format=%(refname)%00%(upstream:short)%00%(objectname)%00%(upstream:track)%00%(upstream:remotename)%00%(upstream:remoteref) refs/heads/roles-feature refs/remotes/roles-feature [2ms]
2023-01-21 14:30:35.588 [info] > git for-each-ref --sort -committerdate --format %(refname) %(objectname) %(*objectname) [12ms]
2023-01-21 14:30:35.625 [info] > git status -z -uall [55ms]
2023-01-21 14:35:36.637 [info] > git config --get commit.template [5ms]
2023-01-21 14:35:36.639 [info] > git for-each-ref --format=%(refname)%00%(upstream:short)%00%(objectname)%00%(upstream:track)%00%(upstream:remotename)%00%(upstream:remoteref) refs/heads/roles-feature refs/remotes/roles-feature [3ms]
2023-01-21 14:35:36.660 [info] > git for-each-ref --sort -committerdate --format %(refname) %(objectname) %(*objectname) [8ms]
2023-01-21 14:35:36.705 [info] > git status -z -uall [62ms]
2023-01-21 14:35:41.790 [info] > git config --get commit.template [6ms]
2023-01-21 14:35:41.792 [info] > git for-each-ref --format=%(refname)%00%(upstream:short)%00%(objectname)%00%(upstream:track)%00%(upstream:remotename)%00%(upstream:remoteref) refs/heads/roles-feature refs/remotes/roles-feature [2ms]
2023-01-21 14:35:41.813 [info] > git for-each-ref --sort -committerdate --format %(refname) %(objectname) %(*objectname) [12ms]
2023-01-21 14:35:41.857 [info] > git status -z -uall [61ms]
2023-01-21 14:35:45.142 [info] > git check-ignore -v -z --stdin [4ms]
2023-01-21 14:35:46.935 [info] > git config --get commit.template [6ms]
2023-01-21 14:35:46.937 [info] > git for-each-ref --format=%(refname)%00%(upstream:short)%00%(objectname)%00%(upstream:track)%00%(upstream:remotename)%00%(upstream:remoteref) refs/heads/roles-feature refs/remotes/roles-feature [3ms]
2023-01-21 14:35:46.958 [info] > git for-each-ref --sort -committerdate --format %(refname) %(objectname) %(*objectname) [12ms]
2023-01-21 14:35:46.996 [info] > git status -z -uall [55ms]
2023-01-21 14:35:48.988 [info] > git ls-files --stage -- /home/ubuntu/roles/apache/defaults/main.yml [3ms]
2023-01-21 14:35:48.993 [info] > git show --textconv :roles/apache/defaults/main.yml [14ms]
2023-01-21 14:35:48.996 [info] > git cat-file -s d8737e4b6b354bdf012c25cc62fd84c691058fcf [3ms]
2023-01-21 14:35:52.088 [info] > git config --get commit.template [5ms]
2023-01-21 14:35:52.089 [info] > git for-each-ref --format=%(refname)%00%(upstream:short)%00%(objectname)%00%(upstream:track)%00%(upstream:remotename)%00%(upstream:remoteref) refs/heads/roles-feature refs/remotes/roles-feature [2ms]
2023-01-21 14:35:52.112 [info] > git for-each-ref --sort -committerdate --format %(refname) %(objectname) %(*objectname) [13ms]
2023-01-21 14:35:52.149 [info] > git status -z -uall [55ms]
2023-01-21 14:36:06.738 [info] > git config --get commit.template [6ms]
2023-01-21 14:36:06.740 [info] > git for-each-ref --format=%(refname)%00%(upstream:short)%00%(objectname)%00%(upstream:track)%00%(upstream:remotename)%00%(upstream:remoteref) refs/heads/roles-feature refs/remotes/roles-feature [3ms]
2023-01-21 14:36:06.764 [info] > git for-each-ref --sort -committerdate --format %(refname) %(objectname) %(*objectname) [13ms]
2023-01-21 14:36:06.805 [info] > git status -z -uall [60ms]
2023-01-21 14:36:13.929 [info] > git config --get commit.template [6ms]
2023-01-21 14:36:13.931 [info] > git for-each-ref --format=%(refname)%00%(upstream:short)%00%(objectname)%00%(upstream:track)%00%(upstream:remotename)%00%(upstream:remoteref) refs/heads/roles-feature refs/remotes/roles-feature [3ms]
2023-01-21 14:36:13.953 [info] > git for-each-ref --sort -committerdate --format %(refname) %(objectname) %(*objectname) [9ms]
2023-01-21 14:36:14.011 [info] > git status -z -uall [76ms]
2023-01-21 14:36:19.160 [info] > git config --get commit.template [5ms]
2023-01-21 14:36:19.162 [info] > git for-each-ref --format=%(refname)%00%(upstream:short)%00%(objectname)%00%(upstream:track)%00%(upstream:remotename)%00%(upstream:remoteref) refs/heads/roles-feature refs/remotes/roles-feature [3ms]
2023-01-21 14:36:19.185 [info] > git for-each-ref --sort -committerdate --format %(refname) %(objectname) %(*objectname) [9ms]
2023-01-21 14:36:19.222 [info] > git status -z -uall [56ms]
2023-01-21 14:38:20.172 [info] > git config --get commit.template [5ms]
2023-01-21 14:38:20.174 [info] > git for-each-ref --format=%(refname)%00%(upstream:short)%00%(objectname)%00%(upstream:track)%00%(upstream:remotename)%00%(upstream:remoteref) refs/heads/roles-feature refs/remotes/roles-feature [3ms]
2023-01-21 14:38:20.196 [info] > git for-each-ref --sort -committerdate --format %(refname) %(objectname) %(*objectname) [14ms]
2023-01-21 14:38:20.241 [info] > git status -z -uall [63ms]
2023-01-21 14:38:24.334 [info] > git check-ignore -v -z --stdin [23ms]
2023-01-21 14:38:25.324 [info] > git config --get commit.template [6ms]
2023-01-21 14:38:25.326 [info] > git for-each-ref --format=%(refname)%00%(upstream:short)%00%(objectname)%00%(upstream:track)%00%(upstream:remotename)%00%(upstream:remoteref) refs/heads/roles-feature refs/remotes/roles-feature [3ms]
2023-01-21 14:38:25.348 [info] > git for-each-ref --sort -committerdate --format %(refname) %(objectname) %(*objectname) [8ms]
2023-01-21 14:38:25.386 [info] > git status -z -uall [56ms]
2023-01-21 14:38:30.467 [info] > git config --get commit.template [5ms]
2023-01-21 14:38:30.469 [info] > git for-each-ref --format=%(refname)%00%(upstream:short)%00%(objectname)%00%(upstream:track)%00%(upstream:remotename)%00%(upstream:remoteref) refs/heads/roles-feature refs/remotes/roles-feature [2ms]
2023-01-21 14:38:30.489 [info] > git for-each-ref --sort -committerdate --format %(refname) %(objectname) %(*objectname) [12ms]
2023-01-21 14:38:30.526 [info] > git status -z -uall [54ms]
2023-01-21 14:38:35.602 [info] > git config --get commit.template [6ms]
2023-01-21 14:38:35.604 [info] > git for-each-ref --format=%(refname)%00%(upstream:short)%00%(objectname)%00%(upstream:track)%00%(upstream:remotename)%00%(upstream:remoteref) refs/heads/roles-feature refs/remotes/roles-feature [2ms]
2023-01-21 14:38:35.625 [info] > git for-each-ref --sort -committerdate --format %(refname) %(objectname) %(*objectname) [12ms]
2023-01-21 14:38:35.662 [info] > git status -z -uall [54ms]
2023-01-21 14:38:40.740 [info] > git config --get commit.template [5ms]
2023-01-21 14:38:40.742 [info] > git for-each-ref --format=%(refname)%00%(upstream:short)%00%(objectname)%00%(upstream:track)%00%(upstream:remotename)%00%(upstream:remoteref) refs/heads/roles-feature refs/remotes/roles-feature [2ms]
2023-01-21 14:38:40.764 [info] > git for-each-ref --sort -committerdate --format %(refname) %(objectname) %(*objectname) [13ms]
2023-01-21 14:38:40.805 [info] > git status -z -uall [60ms]
2023-01-21 14:38:45.337 [info] > git check-ignore -v -z --stdin [4ms]
2023-01-21 14:38:45.882 [info] > git config --get commit.template [6ms]
2023-01-21 14:38:45.884 [info] > git for-each-ref --format=%(refname)%00%(upstream:short)%00%(objectname)%00%(upstream:track)%00%(upstream:remotename)%00%(upstream:remoteref) refs/heads/roles-feature refs/remotes/roles-feature [3ms]
2023-01-21 14:38:45.905 [info] > git for-each-ref --sort -committerdate --format %(refname) %(objectname) %(*objectname) [11ms]
2023-01-21 14:38:45.943 [info] > git status -z -uall [55ms]
2023-01-21 14:38:48.397 [info] > git show --textconv :roles/nginx/tasks/setup-RedHat.yml [7ms]
2023-01-21 14:38:48.400 [info] > git ls-files --stage -- /home/ubuntu/roles/nginx/tasks/setup-RedHat.yml [5ms]
2023-01-21 14:38:48.406 [info] > git cat-file -s 35c212020b1cbbc8c79d486f86efdd61c8de6ff3 [2ms]
2023-01-21 14:38:51.023 [info] > git config --get commit.template [6ms]
2023-01-21 14:38:51.025 [info] > git for-each-ref --format=%(refname)%00%(upstream:short)%00%(objectname)%00%(upstream:track)%00%(upstream:remotename)%00%(upstream:remoteref) refs/heads/roles-feature refs/remotes/roles-feature [3ms]
2023-01-21 14:38:51.048 [info] > git for-each-ref --sort -committerdate --format %(refname) %(objectname) %(*objectname) [14ms]
2023-01-21 14:38:51.084 [info] > git status -z -uall [55ms]
2023-01-21 14:39:41.805 [info] > git config --get commit.template [12ms]
2023-01-21 14:39:41.807 [info] > git for-each-ref --format=%(refname)%00%(upstream:short)%00%(objectname)%00%(upstream:track)%00%(upstream:remotename)%00%(upstream:remoteref) refs/heads/roles-feature refs/remotes/roles-feature [3ms]
2023-01-21 14:39:41.827 [info] > git for-each-ref --sort -committerdate --format %(refname) %(objectname) %(*objectname) [7ms]
2023-01-21 14:39:41.873 [info] > git status -z -uall [62ms]
2023-01-21 14:39:47.008 [info] > git config --get commit.template [39ms]
2023-01-21 14:39:47.033 [info] > git for-each-ref --format=%(refname)%00%(upstream:short)%00%(objectname)%00%(upstream:track)%00%(upstream:remotename)%00%(upstream:remoteref) refs/heads/roles-feature refs/remotes/roles-feature [26ms]
2023-01-21 14:39:47.084 [info] > git for-each-ref --sort -committerdate --format %(refname) %(objectname) %(*objectname) [31ms]
2023-01-21 14:39:47.127 [info] > git status -z -uall [79ms]
2023-01-21 14:39:52.206 [info] > git config --get commit.template [6ms]
2023-01-21 14:39:52.208 [info] > git for-each-ref --format=%(refname)%00%(upstream:short)%00%(objectname)%00%(upstream:track)%00%(upstream:remotename)%00%(upstream:remoteref) refs/heads/roles-feature refs/remotes/roles-feature [3ms]
2023-01-21 14:39:52.229 [info] > git for-each-ref --sort -committerdate --format %(refname) %(objectname) %(*objectname) [12ms]
2023-01-21 14:39:52.266 [info] > git status -z -uall [54ms]
2023-01-21 14:39:57.346 [info] > git config --get commit.template [5ms]
2023-01-21 14:39:57.348 [info] > git for-each-ref --format=%(refname)%00%(upstream:short)%00%(objectname)%00%(upstream:track)%00%(upstream:remotename)%00%(upstream:remoteref) refs/heads/roles-feature refs/remotes/roles-feature [2ms]
2023-01-21 14:39:57.369 [info] > git for-each-ref --sort -committerdate --format %(refname) %(objectname) %(*objectname) [12ms]
2023-01-21 14:39:57.407 [info] > git status -z -uall [55ms]
2023-01-21 14:39:58.085 [info] > git check-ignore -v -z --stdin [12ms]
2023-01-21 14:39:59.999 [info] > git show --textconv :roles/apache/tasks/setup-RedHat.yml [8ms]
2023-01-21 14:40:00.002 [info] > git ls-files --stage -- /home/ubuntu/roles/apache/tasks/setup-RedHat.yml [4ms]
2023-01-21 14:40:00.012 [info] > git cat-file -s c3a8bf0b32e41069388a52ec4ca3c418cd94a66b [2ms]
2023-01-21 14:40:01.394 [info] > git check-ignore -v -z --stdin [3ms]
2023-01-21 14:40:02.487 [info] > git config --get commit.template [6ms]
2023-01-21 14:40:02.489 [info] > git for-each-ref --format=%(refname)%00%(upstream:short)%00%(objectname)%00%(upstream:track)%00%(upstream:remotename)%00%(upstream:remoteref) refs/heads/roles-feature refs/remotes/roles-feature [3ms]
2023-01-21 14:40:02.512 [info] > git for-each-ref --sort -committerdate --format %(refname) %(objectname) %(*objectname) [5ms]
2023-01-21 14:40:02.555 [info] > git status -z -uall [62ms]
2023-01-21 14:40:07.634 [info] > git config --get commit.template [6ms]
2023-01-21 14:40:07.636 [info] > git for-each-ref --format=%(refname)%00%(upstream:short)%00%(objectname)%00%(upstream:track)%00%(upstream:remotename)%00%(upstream:remoteref) refs/heads/roles-feature refs/remotes/roles-feature [3ms]
2023-01-21 14:40:07.657 [info] > git for-each-ref --sort -committerdate --format %(refname) %(objectname) %(*objectname) [9ms]
2023-01-21 14:40:07.696 [info] > git status -z -uall [56ms]
2023-01-21 14:40:12.772 [info] > git config --get commit.template [6ms]
2023-01-21 14:40:12.774 [info] > git for-each-ref --format=%(refname)%00%(upstream:short)%00%(objectname)%00%(upstream:track)%00%(upstream:remotename)%00%(upstream:remoteref) refs/heads/roles-feature refs/remotes/roles-feature [3ms]
2023-01-21 14:40:12.797 [info] > git for-each-ref --sort -committerdate --format %(refname) %(objectname) %(*objectname) [11ms]
2023-01-21 14:40:12.836 [info] > git status -z -uall [56ms]
2023-01-21 14:42:46.703 [info] > git config --get commit.template [6ms]
2023-01-21 14:42:46.705 [info] > git for-each-ref --format=%(refname)%00%(upstream:short)%00%(objectname)%00%(upstream:track)%00%(upstream:remotename)%00%(upstream:remoteref) refs/heads/roles-feature refs/remotes/roles-feature [3ms]
2023-01-21 14:42:46.725 [info] > git for-each-ref --sort -committerdate --format %(refname) %(objectname) %(*objectname) [12ms]
2023-01-21 14:42:46.768 [info] > git status -z -uall [60ms]
2023-01-21 14:42:56.834 [info] > git config --get commit.template [5ms]
2023-01-21 14:42:56.836 [info] > git for-each-ref --format=%(refname)%00%(upstream:short)%00%(objectname)%00%(upstream:track)%00%(upstream:remotename)%00%(upstream:remoteref) refs/heads/roles-feature refs/remotes/roles-feature [3ms]
2023-01-21 14:42:56.857 [info] > git for-each-ref --sort -committerdate --format %(refname) %(objectname) %(*objectname) [10ms]
2023-01-21 14:42:56.895 [info] > git status -z -uall [56ms]
2023-01-21 14:43:01.980 [info] > git config --get commit.template [6ms]
2023-01-21 14:43:01.983 [info] > git for-each-ref --format=%(refname)%00%(upstream:short)%00%(objectname)%00%(upstream:track)%00%(upstream:remotename)%00%(upstream:remoteref) refs/heads/roles-feature refs/remotes/roles-feature [2ms]
2023-01-21 14:43:02.009 [info] > git for-each-ref --sort -committerdate --format %(refname) %(objectname) %(*objectname) [14ms]
2023-01-21 14:43:02.048 [info] > git status -z -uall [60ms]
2023-01-21 14:43:07.126 [info] > git config --get commit.template [7ms]
2023-01-21 14:43:07.128 [info] > git for-each-ref --format=%(refname)%00%(upstream:short)%00%(objectname)%00%(upstream:track)%00%(upstream:remotename)%00%(upstream:remoteref) refs/heads/roles-feature refs/remotes/roles-feature [3ms]
2023-01-21 14:43:07.161 [info] > git for-each-ref --sort -committerdate --format %(refname) %(objectname) %(*objectname) [14ms]
2023-01-21 14:43:07.202 [info] > git status -z -uall [64ms]
2023-01-21 14:43:12.279 [info] > git config --get commit.template [6ms]
2023-01-21 14:43:12.281 [info] > git for-each-ref --format=%(refname)%00%(upstream:short)%00%(objectname)%00%(upstream:track)%00%(upstream:remotename)%00%(upstream:remoteref) refs/heads/roles-feature refs/remotes/roles-feature [3ms]
2023-01-21 14:43:12.304 [info] > git for-each-ref --sort -committerdate --format %(refname) %(objectname) %(*objectname) [9ms]
2023-01-21 14:43:12.347 [info] > git status -z -uall [62ms]
2023-01-21 14:43:38.902 [info] > git config --get commit.template [5ms]
2023-01-21 14:43:38.904 [info] > git for-each-ref --format=%(refname)%00%(upstream:short)%00%(objectname)%00%(upstream:track)%00%(upstream:remotename)%00%(upstream:remoteref) refs/heads/roles-feature refs/remotes/roles-feature [3ms]
2023-01-21 14:43:38.924 [info] > git for-each-ref --sort -committerdate --format %(refname) %(objectname) %(*objectname) [10ms]
2023-01-21 14:43:38.970 [info] > git status -z -uall [61ms]
2023-01-21 14:43:44.106 [info] > git config --get commit.template [57ms]
2023-01-21 14:43:44.111 [info] > git for-each-ref --format=%(refname)%00%(upstream:short)%00%(objectname)%00%(upstream:track)%00%(upstream:remotename)%00%(upstream:remoteref) refs/heads/roles-feature refs/remotes/roles-feature [7ms]
2023-01-21 14:43:44.170 [info] > git for-each-ref --sort -committerdate --format %(refname) %(objectname) %(*objectname) [32ms]
2023-01-21 14:43:44.218 [info] > git status -z -uall [88ms]
2023-01-21 14:48:32.153 [info] > git config --get commit.template [7ms]
2023-01-21 14:48:32.155 [info] > git for-each-ref --format=%(refname)%00%(upstream:short)%00%(objectname)%00%(upstream:track)%00%(upstream:remotename)%00%(upstream:remoteref) refs/heads/roles-feature refs/remotes/roles-feature [3ms]
2023-01-21 14:48:32.176 [info] > git for-each-ref --sort -committerdate --format %(refname) %(objectname) %(*objectname) [12ms]
2023-01-21 14:48:32.227 [info] > git status -z -uall [69ms]
2023-01-21 14:48:37.356 [info] > git config --get commit.template [46ms]
2023-01-21 14:48:37.400 [info] > git for-each-ref --format=%(refname)%00%(upstream:short)%00%(objectname)%00%(upstream:track)%00%(upstream:remotename)%00%(upstream:remoteref) refs/heads/roles-feature refs/remotes/roles-feature [45ms]
2023-01-21 14:48:37.425 [info] > git for-each-ref --sort -committerdate --format %(refname) %(objectname) %(*objectname) [13ms]
2023-01-21 14:48:37.465 [info] > git status -z -uall [58ms]
2023-01-21 14:48:38.244 [info] > git check-ignore -v -z --stdin [40ms]
2023-01-21 14:48:40.379 [info] > git check-ignore -v -z --stdin [2ms]
2023-01-21 14:48:42.540 [info] > git config --get commit.template [6ms]
2023-01-21 14:48:42.543 [info] > git for-each-ref --format=%(refname)%00%(upstream:short)%00%(objectname)%00%(upstream:track)%00%(upstream:remotename)%00%(upstream:remoteref) refs/heads/roles-feature refs/remotes/roles-feature [3ms]
2023-01-21 14:48:42.564 [info] > git for-each-ref --sort -committerdate --format %(refname) %(objectname) %(*objectname) [12ms]
2023-01-21 14:48:42.601 [info] > git status -z -uall [55ms]
2023-01-21 14:48:47.736 [info] > git config --get commit.template [59ms]
2023-01-21 14:48:47.750 [info] > git for-each-ref --format=%(refname)%00%(upstream:short)%00%(objectname)%00%(upstream:track)%00%(upstream:remotename)%00%(upstream:remoteref) refs/heads/roles-feature refs/remotes/roles-feature [14ms]
2023-01-21 14:48:47.792 [info] > git for-each-ref --sort -committerdate --format %(refname) %(objectname) %(*objectname) [31ms]
2023-01-21 14:48:47.837 [info] > git status -z -uall [82ms]
2023-01-21 14:48:49.378 [info] > git check-ignore -v -z --stdin [3ms]
2023-01-21 14:48:52.915 [info] > git config --get commit.template [6ms]
2023-01-21 14:48:52.917 [info] > git for-each-ref --format=%(refname)%00%(upstream:short)%00%(objectname)%00%(upstream:track)%00%(upstream:remotename)%00%(upstream:remoteref) refs/heads/roles-feature refs/remotes/roles-feature [3ms]
2023-01-21 14:48:52.940 [info] > git for-each-ref --sort -committerdate --format %(refname) %(objectname) %(*objectname) [13ms]
2023-01-21 14:48:52.978 [info] > git status -z -uall [57ms]
2023-01-21 14:48:54.608 [info] > git check-ignore -v -z --stdin [3ms]
