2023-01-08 17:10:19.893 [info] Extension host with pid 1430 started
2023-01-08 17:10:19.901 [error] Error: EEXIST: file already exists, open '/home/ubuntu/.vscode-server/data/User/workspaceStorage/d165b1a35fe49e71ebb7396c0c10341c/vscode.lock'
2023-01-08 17:10:19.906 [info] Lock '/home/ubuntu/.vscode-server/data/User/workspaceStorage/d165b1a35fe49e71ebb7396c0c10341c/vscode.lock': Could not acquire lock, checking if the file is stale.
2023-01-08 17:10:19.911 [info] Lock '/home/ubuntu/.vscode-server/data/User/workspaceStorage/d165b1a35fe49e71ebb7396c0c10341c/vscode.lock': The pid 6901 appears to be gone.
2023-01-08 17:10:19.911 [info] Lock '/home/ubuntu/.vscode-server/data/User/workspaceStorage/d165b1a35fe49e71ebb7396c0c10341c/vscode.lock': Deleting a stale lock.
2023-01-08 17:10:19.917 [info] Lock '/home/ubuntu/.vscode-server/data/User/workspaceStorage/d165b1a35fe49e71ebb7396c0c10341c/vscode.lock': Lock acquired.
2023-01-08 17:10:21.831 [info] ExtensionService#_doActivateExtension vscode.git-base, startup: false, activationEvent: '*', root cause: vscode.git
2023-01-08 17:10:22.211 [info] ExtensionService#_doActivateExtension vscode.git, startup: false, activationEvent: '*'
2023-01-08 17:10:22.215 [info] ExtensionService#_doActivateExtension vscode.github, startup: false, activationEvent: '*'
2023-01-08 17:10:23.440 [info] ExtensionService#_doActivateExtension vscode.debug-auto-launch, startup: false, activationEvent: 'onStartupFinished'
2023-01-08 17:10:23.441 [info] ExtensionService#_doActivateExtension vscode.emmet, startup: false, activationEvent: 'onStartupFinished'
2023-01-08 17:10:23.442 [info] ExtensionService#_doActivateExtension vscode.merge-conflict, startup: false, activationEvent: 'onStartupFinished'
2023-01-08 17:10:23.443 [info] Eager extensions activated
2023-01-08 17:10:23.750 [warning] [Decorations] CAPPING events from decorations provider vscode.git 1905
2023-01-08 17:10:24.380 [warning] [Decorations] CAPPING events from decorations provider vscode.git 1905
2023-01-08 17:10:27.739 [warning] [Decorations] CAPPING events from decorations provider vscode.git 1906
2023-01-08 17:10:52.636 [warning] [Decorations] CAPPING events from decorations provider vscode.git 1906
2023-01-08 17:10:57.732 [warning] [Decorations] CAPPING events from decorations provider vscode.git 1906
2023-01-08 17:11:02.808 [warning] [Decorations] CAPPING events from decorations provider vscode.git 1906
2023-01-08 17:11:07.900 [warning] [Decorations] CAPPING events from decorations provider vscode.git 1906
2023-01-08 17:11:12.975 [warning] [Decorations] CAPPING events from decorations provider vscode.git 1906
2023-01-08 17:11:18.131 [warning] [Decorations] CAPPING events from decorations provider vscode.git 1906
2023-01-08 17:11:23.232 [warning] [Decorations] CAPPING events from decorations provider vscode.git 1906
2023-01-08 17:11:28.321 [warning] [Decorations] CAPPING events from decorations provider vscode.git 1906
2023-01-08 17:11:33.416 [warning] [Decorations] CAPPING events from decorations provider vscode.git 1906
2023-01-08 17:11:38.513 [warning] [Decorations] CAPPING events from decorations provider vscode.git 1906
2023-01-08 17:11:43.600 [warning] [Decorations] CAPPING events from decorations provider vscode.git 1906
2023-01-08 17:11:48.678 [warning] [Decorations] CAPPING events from decorations provider vscode.git 1906
2023-01-08 17:17:07.062 [warning] [Decorations] CAPPING events from decorations provider vscode.git 1910
2023-01-08 17:17:46.693 [warning] [Decorations] CAPPING events from decorations provider vscode.git 1910
2023-01-08 17:17:51.794 [warning] [Decorations] CAPPING events from decorations provider vscode.git 1910
2023-01-08 17:17:56.902 [warning] [Decorations] CAPPING events from decorations provider vscode.git 1910
2023-01-08 17:18:02.019 [warning] [Decorations] CAPPING events from decorations provider vscode.git 1910
2023-01-08 17:18:10.872 [warning] [Decorations] CAPPING events from decorations provider vscode.git 1910
2023-01-08 17:18:15.974 [warning] [Decorations] CAPPING events from decorations provider vscode.git 1910
2023-01-08 17:18:21.081 [warning] [Decorations] CAPPING events from decorations provider vscode.git 1910
2023-01-08 17:18:26.175 [warning] [Decorations] CAPPING events from decorations provider vscode.git 1910
2023-01-08 17:18:31.279 [warning] [Decorations] CAPPING events from decorations provider vscode.git 1910
2023-01-08 17:18:36.375 [warning] [Decorations] CAPPING events from decorations provider vscode.git 1910
2023-01-08 17:18:41.478 [warning] [Decorations] CAPPING events from decorations provider vscode.git 1910
2023-01-08 17:18:46.572 [warning] [Decorations] CAPPING events from decorations provider vscode.git 1910
2023-01-08 17:18:51.677 [warning] [Decorations] CAPPING events from decorations provider vscode.git 1910
2023-01-08 17:18:56.770 [warning] [Decorations] CAPPING events from decorations provider vscode.git 1910
2023-01-08 17:20:09.933 [warning] [Decorations] CAPPING events from decorations provider vscode.git 1910
2023-01-08 17:20:15.032 [warning] [Decorations] CAPPING events from decorations provider vscode.git 1910
2023-01-08 17:21:15.754 [warning] [Decorations] CAPPING events from decorations provider vscode.git 1910
2023-01-08 17:21:20.850 [warning] [Decorations] CAPPING events from decorations provider vscode.git 1910
2023-01-08 17:21:25.948 [warning] [Decorations] CAPPING events from decorations provider vscode.git 1910
2023-01-08 17:21:31.041 [warning] [Decorations] CAPPING events from decorations provider vscode.git 1910
2023-01-08 17:21:36.142 [warning] [Decorations] CAPPING events from decorations provider vscode.git 1910
2023-01-08 17:21:41.239 [warning] [Decorations] CAPPING events from decorations provider vscode.git 1910
2023-01-08 17:21:46.342 [warning] [Decorations] CAPPING events from decorations provider vscode.git 1910
2023-01-08 17:26:05.455 [warning] [Decorations] CAPPING events from decorations provider vscode.git 1910
2023-01-08 17:26:11.385 [warning] [Decorations] CAPPING events from decorations provider vscode.git 1910
2023-01-08 17:26:16.481 [warning] [Decorations] CAPPING events from decorations provider vscode.git 1910
2023-01-08 17:26:21.586 [warning] [Decorations] CAPPING events from decorations provider vscode.git 1910
2023-01-08 17:26:26.697 [warning] [Decorations] CAPPING events from decorations provider vscode.git 1910
2023-01-08 17:26:31.804 [warning] [Decorations] CAPPING events from decorations provider vscode.git 1910
2023-01-08 17:26:36.900 [warning] [Decorations] CAPPING events from decorations provider vscode.git 1910
2023-01-08 17:26:42.003 [warning] [Decorations] CAPPING events from decorations provider vscode.git 1910
2023-01-08 17:26:47.095 [warning] [Decorations] CAPPING events from decorations provider vscode.git 1910
2023-01-08 17:26:52.203 [warning] [Decorations] CAPPING events from decorations provider vscode.git 1910
2023-01-08 17:26:57.294 [warning] [Decorations] CAPPING events from decorations provider vscode.git 1910
2023-01-08 17:27:02.396 [warning] [Decorations] CAPPING events from decorations provider vscode.git 1910
2023-01-08 17:27:07.491 [warning] [Decorations] CAPPING events from decorations provider vscode.git 1910
2023-01-08 17:27:12.594 [warning] [Decorations] CAPPING events from decorations provider vscode.git 1910
2023-01-08 17:27:17.686 [warning] [Decorations] CAPPING events from decorations provider vscode.git 1910
2023-01-08 17:27:23.498 [warning] [Decorations] CAPPING events from decorations provider vscode.git 1910
2023-01-08 17:27:28.665 [warning] [Decorations] CAPPING events from decorations provider vscode.git 1910
2023-01-08 17:27:33.769 [warning] [Decorations] CAPPING events from decorations provider vscode.git 1910
2023-01-08 17:27:38.866 [warning] [Decorations] CAPPING events from decorations provider vscode.git 1910
2023-01-08 17:27:43.987 [warning] [Decorations] CAPPING events from decorations provider vscode.git 1910
2023-01-08 17:27:49.078 [warning] [Decorations] CAPPING events from decorations provider vscode.git 1910
2023-01-08 17:28:08.562 [warning] [Decorations] CAPPING events from decorations provider vscode.git 1910
2023-01-08 17:28:13.653 [warning] [Decorations] CAPPING events from decorations provider vscode.git 1910
2023-01-08 17:28:18.751 [warning] [Decorations] CAPPING events from decorations provider vscode.git 1910
2023-01-08 17:28:23.842 [warning] [Decorations] CAPPING events from decorations provider vscode.git 1910
2023-01-08 17:28:28.952 [warning] [Decorations] CAPPING events from decorations provider vscode.git 1910
2023-01-08 17:28:34.050 [warning] [Decorations] CAPPING events from decorations provider vscode.git 1910
2023-01-08 17:28:39.152 [warning] [Decorations] CAPPING events from decorations provider vscode.git 1910
2023-01-08 17:28:44.248 [warning] [Decorations] CAPPING events from decorations provider vscode.git 1910
2023-01-08 17:28:49.354 [warning] [Decorations] CAPPING events from decorations provider vscode.git 1910
2023-01-08 17:28:54.446 [warning] [Decorations] CAPPING events from decorations provider vscode.git 1943
2023-01-08 17:29:12.824 [warning] [Decorations] CAPPING events from decorations provider vscode.git 1943
2023-01-08 17:29:17.920 [warning] [Decorations] CAPPING events from decorations provider vscode.git 1943
2023-01-08 17:29:23.025 [warning] [Decorations] CAPPING events from decorations provider vscode.git 1943
2023-01-08 17:29:28.118 [warning] [Decorations] CAPPING events from decorations provider vscode.git 1975
2023-01-08 17:32:16.287 [warning] [Decorations] CAPPING events from decorations provider vscode.git 1975
2023-01-08 17:32:21.381 [warning] [Decorations] CAPPING events from decorations provider vscode.git 1975
2023-01-08 17:33:49.201 [warning] [Decorations] CAPPING events from decorations provider vscode.git 1975
2023-01-08 17:33:57.892 [warning] [Decorations] CAPPING events from decorations provider vscode.git 1975
2023-01-08 17:34:02.995 [warning] [Decorations] CAPPING events from decorations provider vscode.git 1975
2023-01-08 17:34:08.091 [warning] [Decorations] CAPPING events from decorations provider vscode.git 1975
2023-01-08 17:34:13.196 [warning] [Decorations] CAPPING events from decorations provider vscode.git 1975
2023-01-08 17:34:18.289 [warning] [Decorations] CAPPING events from decorations provider vscode.git 1975
2023-01-08 17:34:23.457 [warning] [Decorations] CAPPING events from decorations provider vscode.git 1975
2023-01-08 17:34:28.557 [warning] [Decorations] CAPPING events from decorations provider vscode.git 1975
2023-01-08 17:34:33.660 [warning] [Decorations] CAPPING events from decorations provider vscode.git 1975
2023-01-08 17:34:38.753 [warning] [Decorations] CAPPING events from decorations provider vscode.git 1975
2023-01-08 17:34:43.857 [warning] [Decorations] CAPPING events from decorations provider vscode.git 1975
2023-01-08 17:34:48.951 [warning] [Decorations] CAPPING events from decorations provider vscode.git 1975
2023-01-08 17:34:54.150 [warning] [Decorations] CAPPING events from decorations provider vscode.git 1975
2023-01-08 17:35:06.417 [warning] [Decorations] CAPPING events from decorations provider vscode.git 1975
2023-01-08 17:35:11.520 [warning] [Decorations] CAPPING events from decorations provider vscode.git 1975
2023-01-08 17:35:16.688 [warning] [Decorations] CAPPING events from decorations provider vscode.git 1975
2023-01-08 17:35:21.790 [warning] [Decorations] CAPPING events from decorations provider vscode.git 1975
2023-01-08 17:35:26.887 [warning] [Decorations] CAPPING events from decorations provider vscode.git 1975
2023-01-08 17:35:32.076 [warning] [Decorations] CAPPING events from decorations provider vscode.git 1975
2023-01-08 17:35:37.187 [warning] [Decorations] CAPPING events from decorations provider vscode.git 1975
2023-01-08 17:35:42.289 [warning] [Decorations] CAPPING events from decorations provider vscode.git 1975
2023-01-08 17:35:47.383 [warning] [Decorations] CAPPING events from decorations provider vscode.git 1975
2023-01-08 17:35:52.483 [warning] [Decorations] CAPPING events from decorations provider vscode.git 1975
2023-01-08 17:35:57.578 [warning] [Decorations] CAPPING events from decorations provider vscode.git 1975
2023-01-08 17:36:02.679 [warning] [Decorations] CAPPING events from decorations provider vscode.git 2007
2023-01-08 17:36:07.776 [warning] [Decorations] CAPPING events from decorations provider vscode.git 2007
2023-01-08 17:36:12.879 [warning] [Decorations] CAPPING events from decorations provider vscode.git 2007
2023-01-08 17:36:17.979 [warning] [Decorations] CAPPING events from decorations provider vscode.git 2007
2023-01-08 17:36:23.079 [warning] [Decorations] CAPPING events from decorations provider vscode.git 2007
2023-01-08 17:36:28.173 [warning] [Decorations] CAPPING events from decorations provider vscode.git 2007
2023-01-08 17:36:33.276 [warning] [Decorations] CAPPING events from decorations provider vscode.git 2007
2023-01-08 17:36:38.371 [warning] [Decorations] CAPPING events from decorations provider vscode.git 2007
2023-01-08 17:36:43.508 [warning] [Decorations] CAPPING events from decorations provider vscode.git 2007
2023-01-08 17:36:48.609 [warning] [Decorations] CAPPING events from decorations provider vscode.git 2007
2023-01-08 17:36:53.709 [warning] [Decorations] CAPPING events from decorations provider vscode.git 2007
2023-01-08 17:36:58.802 [warning] [Decorations] CAPPING events from decorations provider vscode.git 2007
2023-01-08 17:37:03.904 [warning] [Decorations] CAPPING events from decorations provider vscode.git 2039
2023-01-08 17:37:08.999 [warning] [Decorations] CAPPING events from decorations provider vscode.git 2007
2023-01-08 17:37:14.103 [warning] [Decorations] CAPPING events from decorations provider vscode.git 2007
2023-01-08 17:37:19.198 [warning] [Decorations] CAPPING events from decorations provider vscode.git 2007
2023-01-08 17:37:24.301 [warning] [Decorations] CAPPING events from decorations provider vscode.git 2007
2023-01-08 17:37:29.395 [warning] [Decorations] CAPPING events from decorations provider vscode.git 2007
2023-01-08 17:37:34.497 [warning] [Decorations] CAPPING events from decorations provider vscode.git 2007
2023-01-08 17:37:39.603 [warning] [Decorations] CAPPING events from decorations provider vscode.git 2007
2023-01-08 17:37:44.708 [warning] [Decorations] CAPPING events from decorations provider vscode.git 2007
2023-01-08 17:37:49.798 [warning] [Decorations] CAPPING events from decorations provider vscode.git 2007
2023-01-08 17:37:54.898 [warning] [Decorations] CAPPING events from decorations provider vscode.git 2007
2023-01-08 17:37:59.994 [warning] [Decorations] CAPPING events from decorations provider vscode.git 2007
2023-01-08 17:38:05.103 [warning] [Decorations] CAPPING events from decorations provider vscode.git 2007
2023-01-08 17:38:10.204 [warning] [Decorations] CAPPING events from decorations provider vscode.git 2007
2023-01-08 17:38:15.307 [warning] [Decorations] CAPPING events from decorations provider vscode.git 2007
2023-01-08 17:38:20.398 [warning] [Decorations] CAPPING events from decorations provider vscode.git 2007
2023-01-08 17:38:25.501 [warning] [Decorations] CAPPING events from decorations provider vscode.git 2007
2023-01-08 17:38:30.594 [warning] [Decorations] CAPPING events from decorations provider vscode.git 2040
2023-01-08 17:38:35.705 [warning] [Decorations] CAPPING events from decorations provider vscode.git 2040
2023-01-08 17:38:40.797 [warning] [Decorations] CAPPING events from decorations provider vscode.git 2040
2023-01-08 17:38:45.906 [warning] [Decorations] CAPPING events from decorations provider vscode.git 2040
2023-01-08 17:38:51.005 [warning] [Decorations] CAPPING events from decorations provider vscode.git 2040
2023-01-08 17:38:56.108 [warning] [Decorations] CAPPING events from decorations provider vscode.git 2073
2023-01-08 17:39:01.213 [warning] [Decorations] CAPPING events from decorations provider vscode.git 2040
2023-01-08 17:39:09.698 [warning] [Decorations] CAPPING events from decorations provider vscode.git 2040
